warning: unused import: `DualState`
 --> src/main.rs:5:39
  |
5 | use gaugemc::{CudaBackend, CudaError, DualState, SiteIndex};
  |                                       ^^^^^^^^^
  |
  = note: `#[warn(unused_imports)]` on by default

warning: unused imports: `Array0`, `Array6`, `ArrayView1`, `ArrayView2`, `ArrayView3`
 --> src/main.rs:8:8
  |
8 |     s, Array0, Array1, Array2, Array3, Array6, ArrayView1, ArrayView2, ArrayView3, Axis,
  |        ^^^^^^                          ^^^^^^  ^^^^^^^^^^  ^^^^^^^^^^  ^^^^^^^^^^

warning: `gauge_mc_runner` (bin "gauge_mc_runner") generated 2 warnings (run `cargo fix --bin "gauge_mc_runner"` to apply 2 suggestions)
    Finished release [optimized] target(s) in 0.05s
     Running `target/release/gauge_mc_runner --klow 0.775 --khigh 0.777 -r 64 -N 2000 -w 100 -L 12 --config-output outputs/villain/L=12/out-k0775-k0777.yaml --output-winding -o outputs/villain/L=12/out-k0775-k0777.npz`
[2024-02-20T18:31:02Z INFO  gauge_mc_runner] Warmup 0/100
[2024-02-20T18:31:05Z INFO  gauge_mc_runner] Warmup 10/100
[2024-02-20T18:31:07Z INFO  gauge_mc_runner] Warmup 20/100
[2024-02-20T18:31:10Z INFO  gauge_mc_runner] Warmup 30/100
[2024-02-20T18:31:12Z INFO  gauge_mc_runner] Warmup 40/100
[2024-02-20T18:31:15Z INFO  gauge_mc_runner] Warmup 50/100
[2024-02-20T18:31:18Z INFO  gauge_mc_runner] Warmup 60/100
[2024-02-20T18:31:20Z INFO  gauge_mc_runner] Warmup 70/100
[2024-02-20T18:31:23Z INFO  gauge_mc_runner] Warmup 80/100
[2024-02-20T18:31:25Z INFO  gauge_mc_runner] Warmup 90/100
[2024-02-20T18:31:28Z INFO  gauge_mc_runner] Done!
[2024-02-20T18:31:28Z INFO  gauge_mc_runner] Sampling 0/2000
[2024-02-20T18:31:31Z INFO  gauge_mc_runner] Sampling 10/2000
[2024-02-20T18:31:33Z INFO  gauge_mc_runner] Sampling 20/2000
[2024-02-20T18:31:36Z INFO  gauge_mc_runner] Sampling 30/2000
[2024-02-20T18:31:38Z INFO  gauge_mc_runner] Sampling 40/2000
[2024-02-20T18:31:41Z INFO  gauge_mc_runner] Sampling 50/2000
[2024-02-20T18:31:43Z INFO  gauge_mc_runner] Sampling 60/2000
[2024-02-20T18:31:46Z INFO  gauge_mc_runner] Sampling 70/2000
[2024-02-20T18:31:49Z INFO  gauge_mc_runner] Sampling 80/2000
[2024-02-20T18:31:51Z INFO  gauge_mc_runner] Sampling 90/2000
[2024-02-20T18:31:54Z INFO  gauge_mc_runner] Sampling 100/2000
[2024-02-20T18:31:56Z INFO  gauge_mc_runner] Sampling 110/2000
[2024-02-20T18:31:59Z INFO  gauge_mc_runner] Sampling 120/2000
[2024-02-20T18:32:02Z INFO  gauge_mc_runner] Sampling 130/2000
[2024-02-20T18:32:04Z INFO  gauge_mc_runner] Sampling 140/2000
[2024-02-20T18:32:07Z INFO  gauge_mc_runner] Sampling 150/2000
[2024-02-20T18:32:09Z INFO  gauge_mc_runner] Sampling 160/2000
[2024-02-20T18:32:12Z INFO  gauge_mc_runner] Sampling 170/2000
[2024-02-20T18:32:14Z INFO  gauge_mc_runner] Sampling 180/2000
[2024-02-20T18:32:17Z INFO  gauge_mc_runner] Sampling 190/2000
[2024-02-20T18:32:20Z INFO  gauge_mc_runner] Sampling 200/2000
[2024-02-20T18:32:22Z INFO  gauge_mc_runner] Sampling 210/2000
[2024-02-20T18:32:25Z INFO  gauge_mc_runner] Sampling 220/2000
[2024-02-20T18:32:27Z INFO  gauge_mc_runner] Sampling 230/2000
[2024-02-20T18:32:30Z INFO  gauge_mc_runner] Sampling 240/2000
[2024-02-20T18:32:33Z INFO  gauge_mc_runner] Sampling 250/2000
[2024-02-20T18:32:35Z INFO  gauge_mc_runner] Sampling 260/2000
[2024-02-20T18:32:38Z INFO  gauge_mc_runner] Sampling 270/2000
[2024-02-20T18:32:40Z INFO  gauge_mc_runner] Sampling 280/2000
[2024-02-20T18:32:43Z INFO  gauge_mc_runner] Sampling 290/2000
[2024-02-20T18:32:46Z INFO  gauge_mc_runner] Sampling 300/2000
[2024-02-20T18:32:48Z INFO  gauge_mc_runner] Sampling 310/2000
[2024-02-20T18:32:51Z INFO  gauge_mc_runner] Sampling 320/2000
[2024-02-20T18:32:53Z INFO  gauge_mc_runner] Sampling 330/2000
[2024-02-20T18:32:56Z INFO  gauge_mc_runner] Sampling 340/2000
[2024-02-20T18:32:58Z INFO  gauge_mc_runner] Sampling 350/2000
[2024-02-20T18:33:01Z INFO  gauge_mc_runner] Sampling 360/2000
[2024-02-20T18:33:04Z INFO  gauge_mc_runner] Sampling 370/2000
[2024-02-20T18:33:06Z INFO  gauge_mc_runner] Sampling 380/2000
[2024-02-20T18:33:09Z INFO  gauge_mc_runner] Sampling 390/2000
[2024-02-20T18:33:11Z INFO  gauge_mc_runner] Sampling 400/2000
[2024-02-20T18:33:14Z INFO  gauge_mc_runner] Sampling 410/2000
[2024-02-20T18:33:17Z INFO  gauge_mc_runner] Sampling 420/2000
[2024-02-20T18:33:19Z INFO  gauge_mc_runner] Sampling 430/2000
[2024-02-20T18:33:22Z INFO  gauge_mc_runner] Sampling 440/2000
[2024-02-20T18:33:24Z INFO  gauge_mc_runner] Sampling 450/2000
[2024-02-20T18:33:27Z INFO  gauge_mc_runner] Sampling 460/2000
[2024-02-20T18:33:29Z INFO  gauge_mc_runner] Sampling 470/2000
[2024-02-20T18:33:32Z INFO  gauge_mc_runner] Sampling 480/2000
[2024-02-20T18:33:35Z INFO  gauge_mc_runner] Sampling 490/2000
[2024-02-20T18:33:37Z INFO  gauge_mc_runner] Sampling 500/2000
[2024-02-20T18:33:40Z INFO  gauge_mc_runner] Sampling 510/2000
[2024-02-20T18:33:42Z INFO  gauge_mc_runner] Sampling 520/2000
[2024-02-20T18:33:45Z INFO  gauge_mc_runner] Sampling 530/2000
[2024-02-20T18:33:48Z INFO  gauge_mc_runner] Sampling 540/2000
[2024-02-20T18:33:50Z INFO  gauge_mc_runner] Sampling 550/2000
[2024-02-20T18:33:53Z INFO  gauge_mc_runner] Sampling 560/2000
[2024-02-20T18:33:55Z INFO  gauge_mc_runner] Sampling 570/2000
[2024-02-20T18:33:58Z INFO  gauge_mc_runner] Sampling 580/2000
[2024-02-20T18:34:00Z INFO  gauge_mc_runner] Sampling 590/2000
[2024-02-20T18:34:03Z INFO  gauge_mc_runner] Sampling 600/2000
[2024-02-20T18:34:06Z INFO  gauge_mc_runner] Sampling 610/2000
[2024-02-20T18:34:08Z INFO  gauge_mc_runner] Sampling 620/2000
[2024-02-20T18:34:11Z INFO  gauge_mc_runner] Sampling 630/2000
[2024-02-20T18:34:13Z INFO  gauge_mc_runner] Sampling 640/2000
[2024-02-20T18:34:16Z INFO  gauge_mc_runner] Sampling 650/2000
[2024-02-20T18:34:19Z INFO  gauge_mc_runner] Sampling 660/2000
[2024-02-20T18:34:21Z INFO  gauge_mc_runner] Sampling 670/2000
[2024-02-20T18:34:24Z INFO  gauge_mc_runner] Sampling 680/2000
[2024-02-20T18:34:26Z INFO  gauge_mc_runner] Sampling 690/2000
[2024-02-20T18:34:29Z INFO  gauge_mc_runner] Sampling 700/2000
[2024-02-20T18:34:31Z INFO  gauge_mc_runner] Sampling 710/2000
[2024-02-20T18:34:34Z INFO  gauge_mc_runner] Sampling 720/2000
[2024-02-20T18:34:37Z INFO  gauge_mc_runner] Sampling 730/2000
[2024-02-20T18:34:39Z INFO  gauge_mc_runner] Sampling 740/2000
[2024-02-20T18:34:42Z INFO  gauge_mc_runner] Sampling 750/2000
[2024-02-20T18:34:44Z INFO  gauge_mc_runner] Sampling 760/2000
[2024-02-20T18:34:47Z INFO  gauge_mc_runner] Sampling 770/2000
[2024-02-20T18:34:50Z INFO  gauge_mc_runner] Sampling 780/2000
[2024-02-20T18:34:52Z INFO  gauge_mc_runner] Sampling 790/2000
[2024-02-20T18:34:55Z INFO  gauge_mc_runner] Sampling 800/2000
[2024-02-20T18:34:57Z INFO  gauge_mc_runner] Sampling 810/2000
[2024-02-20T18:35:00Z INFO  gauge_mc_runner] Sampling 820/2000
[2024-02-20T18:35:02Z INFO  gauge_mc_runner] Sampling 830/2000
[2024-02-20T18:35:05Z INFO  gauge_mc_runner] Sampling 840/2000
[2024-02-20T18:35:08Z INFO  gauge_mc_runner] Sampling 850/2000
[2024-02-20T18:35:10Z INFO  gauge_mc_runner] Sampling 860/2000
[2024-02-20T18:35:13Z INFO  gauge_mc_runner] Sampling 870/2000
[2024-02-20T18:35:15Z INFO  gauge_mc_runner] Sampling 880/2000
[2024-02-20T18:35:18Z INFO  gauge_mc_runner] Sampling 890/2000
[2024-02-20T18:35:21Z INFO  gauge_mc_runner] Sampling 900/2000
[2024-02-20T18:35:23Z INFO  gauge_mc_runner] Sampling 910/2000
[2024-02-20T18:35:26Z INFO  gauge_mc_runner] Sampling 920/2000
[2024-02-20T18:35:28Z INFO  gauge_mc_runner] Sampling 930/2000
[2024-02-20T18:35:31Z INFO  gauge_mc_runner] Sampling 940/2000
[2024-02-20T18:35:33Z INFO  gauge_mc_runner] Sampling 950/2000
[2024-02-20T18:35:36Z INFO  gauge_mc_runner] Sampling 960/2000
[2024-02-20T18:35:39Z INFO  gauge_mc_runner] Sampling 970/2000
[2024-02-20T18:35:41Z INFO  gauge_mc_runner] Sampling 980/2000
[2024-02-20T18:35:44Z INFO  gauge_mc_runner] Sampling 990/2000
[2024-02-20T18:35:46Z INFO  gauge_mc_runner] Sampling 1000/2000
[2024-02-20T18:35:49Z INFO  gauge_mc_runner] Sampling 1010/2000
[2024-02-20T18:35:51Z INFO  gauge_mc_runner] Sampling 1020/2000
[2024-02-20T18:35:54Z INFO  gauge_mc_runner] Sampling 1030/2000
[2024-02-20T18:35:57Z INFO  gauge_mc_runner] Sampling 1040/2000
[2024-02-20T18:35:59Z INFO  gauge_mc_runner] Sampling 1050/2000
[2024-02-20T18:36:02Z INFO  gauge_mc_runner] Sampling 1060/2000
[2024-02-20T18:36:04Z INFO  gauge_mc_runner] Sampling 1070/2000
[2024-02-20T18:36:07Z INFO  gauge_mc_runner] Sampling 1080/2000
[2024-02-20T18:36:10Z INFO  gauge_mc_runner] Sampling 1090/2000
[2024-02-20T18:36:12Z INFO  gauge_mc_runner] Sampling 1100/2000
[2024-02-20T18:36:15Z INFO  gauge_mc_runner] Sampling 1110/2000
[2024-02-20T18:36:17Z INFO  gauge_mc_runner] Sampling 1120/2000
[2024-02-20T18:36:20Z INFO  gauge_mc_runner] Sampling 1130/2000
[2024-02-20T18:36:22Z INFO  gauge_mc_runner] Sampling 1140/2000
[2024-02-20T18:36:25Z INFO  gauge_mc_runner] Sampling 1150/2000
[2024-02-20T18:36:28Z INFO  gauge_mc_runner] Sampling 1160/2000
[2024-02-20T18:36:30Z INFO  gauge_mc_runner] Sampling 1170/2000
[2024-02-20T18:36:33Z INFO  gauge_mc_runner] Sampling 1180/2000
[2024-02-20T18:36:35Z INFO  gauge_mc_runner] Sampling 1190/2000
[2024-02-20T18:36:38Z INFO  gauge_mc_runner] Sampling 1200/2000
[2024-02-20T18:36:41Z INFO  gauge_mc_runner] Sampling 1210/2000
[2024-02-20T18:36:43Z INFO  gauge_mc_runner] Sampling 1220/2000
[2024-02-20T18:36:46Z INFO  gauge_mc_runner] Sampling 1230/2000
[2024-02-20T18:36:48Z INFO  gauge_mc_runner] Sampling 1240/2000
[2024-02-20T18:36:51Z INFO  gauge_mc_runner] Sampling 1250/2000
[2024-02-20T18:36:53Z INFO  gauge_mc_runner] Sampling 1260/2000
[2024-02-20T18:36:56Z INFO  gauge_mc_runner] Sampling 1270/2000
[2024-02-20T18:36:59Z INFO  gauge_mc_runner] Sampling 1280/2000
[2024-02-20T18:37:01Z INFO  gauge_mc_runner] Sampling 1290/2000
[2024-02-20T18:37:04Z INFO  gauge_mc_runner] Sampling 1300/2000
[2024-02-20T18:37:06Z INFO  gauge_mc_runner] Sampling 1310/2000
[2024-02-20T18:37:09Z INFO  gauge_mc_runner] Sampling 1320/2000
[2024-02-20T18:37:12Z INFO  gauge_mc_runner] Sampling 1330/2000
[2024-02-20T18:37:14Z INFO  gauge_mc_runner] Sampling 1340/2000
[2024-02-20T18:37:17Z INFO  gauge_mc_runner] Sampling 1350/2000
[2024-02-20T18:37:19Z INFO  gauge_mc_runner] Sampling 1360/2000
[2024-02-20T18:37:22Z INFO  gauge_mc_runner] Sampling 1370/2000
[2024-02-20T18:37:24Z INFO  gauge_mc_runner] Sampling 1380/2000
[2024-02-20T18:37:27Z INFO  gauge_mc_runner] Sampling 1390/2000
[2024-02-20T18:37:30Z INFO  gauge_mc_runner] Sampling 1400/2000
[2024-02-20T18:37:32Z INFO  gauge_mc_runner] Sampling 1410/2000
[2024-02-20T18:37:35Z INFO  gauge_mc_runner] Sampling 1420/2000
[2024-02-20T18:37:37Z INFO  gauge_mc_runner] Sampling 1430/2000
[2024-02-20T18:37:40Z INFO  gauge_mc_runner] Sampling 1440/2000
[2024-02-20T18:37:43Z INFO  gauge_mc_runner] Sampling 1450/2000
[2024-02-20T18:37:45Z INFO  gauge_mc_runner] Sampling 1460/2000
[2024-02-20T18:37:48Z INFO  gauge_mc_runner] Sampling 1470/2000
[2024-02-20T18:37:50Z INFO  gauge_mc_runner] Sampling 1480/2000
[2024-02-20T18:37:53Z INFO  gauge_mc_runner] Sampling 1490/2000
[2024-02-20T18:37:55Z INFO  gauge_mc_runner] Sampling 1500/2000
[2024-02-20T18:37:58Z INFO  gauge_mc_runner] Sampling 1510/2000
[2024-02-20T18:38:01Z INFO  gauge_mc_runner] Sampling 1520/2000
[2024-02-20T18:38:03Z INFO  gauge_mc_runner] Sampling 1530/2000
[2024-02-20T18:38:06Z INFO  gauge_mc_runner] Sampling 1540/2000
[2024-02-20T18:38:08Z INFO  gauge_mc_runner] Sampling 1550/2000
[2024-02-20T18:38:11Z INFO  gauge_mc_runner] Sampling 1560/2000
[2024-02-20T18:38:14Z INFO  gauge_mc_runner] Sampling 1570/2000
[2024-02-20T18:38:16Z INFO  gauge_mc_runner] Sampling 1580/2000
[2024-02-20T18:38:19Z INFO  gauge_mc_runner] Sampling 1590/2000
[2024-02-20T18:38:21Z INFO  gauge_mc_runner] Sampling 1600/2000
[2024-02-20T18:38:24Z INFO  gauge_mc_runner] Sampling 1610/2000
[2024-02-20T18:38:26Z INFO  gauge_mc_runner] Sampling 1620/2000
[2024-02-20T18:38:29Z INFO  gauge_mc_runner] Sampling 1630/2000
[2024-02-20T18:38:32Z INFO  gauge_mc_runner] Sampling 1640/2000
[2024-02-20T18:38:34Z INFO  gauge_mc_runner] Sampling 1650/2000
[2024-02-20T18:38:37Z INFO  gauge_mc_runner] Sampling 1660/2000
[2024-02-20T18:38:39Z INFO  gauge_mc_runner] Sampling 1670/2000
[2024-02-20T18:38:42Z INFO  gauge_mc_runner] Sampling 1680/2000
[2024-02-20T18:38:44Z INFO  gauge_mc_runner] Sampling 1690/2000
[2024-02-20T18:38:47Z INFO  gauge_mc_runner] Sampling 1700/2000
[2024-02-20T18:38:50Z INFO  gauge_mc_runner] Sampling 1710/2000
[2024-02-20T18:38:52Z INFO  gauge_mc_runner] Sampling 1720/2000
[2024-02-20T18:38:55Z INFO  gauge_mc_runner] Sampling 1730/2000
[2024-02-20T18:38:57Z INFO  gauge_mc_runner] Sampling 1740/2000
[2024-02-20T18:39:00Z INFO  gauge_mc_runner] Sampling 1750/2000
[2024-02-20T18:39:03Z INFO  gauge_mc_runner] Sampling 1760/2000
[2024-02-20T18:39:05Z INFO  gauge_mc_runner] Sampling 1770/2000
[2024-02-20T18:39:08Z INFO  gauge_mc_runner] Sampling 1780/2000
[2024-02-20T18:39:10Z INFO  gauge_mc_runner] Sampling 1790/2000
[2024-02-20T18:39:13Z INFO  gauge_mc_runner] Sampling 1800/2000
[2024-02-20T18:39:15Z INFO  gauge_mc_runner] Sampling 1810/2000
[2024-02-20T18:39:18Z INFO  gauge_mc_runner] Sampling 1820/2000
[2024-02-20T18:39:21Z INFO  gauge_mc_runner] Sampling 1830/2000
[2024-02-20T18:39:23Z INFO  gauge_mc_runner] Sampling 1840/2000
[2024-02-20T18:39:26Z INFO  gauge_mc_runner] Sampling 1850/2000
[2024-02-20T18:39:28Z INFO  gauge_mc_runner] Sampling 1860/2000
[2024-02-20T18:39:31Z INFO  gauge_mc_runner] Sampling 1870/2000
[2024-02-20T18:39:34Z INFO  gauge_mc_runner] Sampling 1880/2000
[2024-02-20T18:39:36Z INFO  gauge_mc_runner] Sampling 1890/2000
[2024-02-20T18:39:39Z INFO  gauge_mc_runner] Sampling 1900/2000
[2024-02-20T18:39:41Z INFO  gauge_mc_runner] Sampling 1910/2000
[2024-02-20T18:39:44Z INFO  gauge_mc_runner] Sampling 1920/2000
[2024-02-20T18:39:46Z INFO  gauge_mc_runner] Sampling 1930/2000
[2024-02-20T18:39:49Z INFO  gauge_mc_runner] Sampling 1940/2000
[2024-02-20T18:39:52Z INFO  gauge_mc_runner] Sampling 1950/2000
[2024-02-20T18:39:54Z INFO  gauge_mc_runner] Sampling 1960/2000
[2024-02-20T18:39:57Z INFO  gauge_mc_runner] Sampling 1970/2000
[2024-02-20T18:39:59Z INFO  gauge_mc_runner] Sampling 1980/2000
[2024-02-20T18:40:02Z INFO  gauge_mc_runner] Sampling 1990/2000
[2024-02-20T18:40:05Z INFO  gauge_mc_runner] Done!
