warning: unused import: `DualState`
 --> src/main.rs:5:39
  |
5 | use gaugemc::{CudaBackend, CudaError, DualState, SiteIndex};
  |                                       ^^^^^^^^^
  |
  = note: `#[warn(unused_imports)]` on by default

warning: unused imports: `Array0`, `Array6`, `ArrayView1`, `ArrayView2`, `ArrayView3`
 --> src/main.rs:8:8
  |
8 |     s, Array0, Array1, Array2, Array3, Array6, ArrayView1, ArrayView2, ArrayView3, Axis,
  |        ^^^^^^                          ^^^^^^  ^^^^^^^^^^  ^^^^^^^^^^  ^^^^^^^^^^

warning: `gauge_mc_runner` (bin "gauge_mc_runner") generated 2 warnings (run `cargo fix --bin "gauge_mc_runner"` to apply 2 suggestions)
    Finished release [optimized] target(s) in 0.05s
     Running `target/release/gauge_mc_runner --klow 0.75 --khigh 0.85 -r 64 -N 2000 -w 100 -L 12 --config-output outputs/villain/L=12/out-k075-k085.yaml --output-winding -o outputs/villain/L=12/out-k075-k085.npz`
[2024-02-20T18:03:53Z INFO  gauge_mc_runner] Warmup 0/100
[2024-02-20T18:03:56Z INFO  gauge_mc_runner] Warmup 10/100
[2024-02-20T18:03:58Z INFO  gauge_mc_runner] Warmup 20/100
[2024-02-20T18:04:01Z INFO  gauge_mc_runner] Warmup 30/100
[2024-02-20T18:04:03Z INFO  gauge_mc_runner] Warmup 40/100
[2024-02-20T18:04:06Z INFO  gauge_mc_runner] Warmup 50/100
[2024-02-20T18:04:09Z INFO  gauge_mc_runner] Warmup 60/100
[2024-02-20T18:04:11Z INFO  gauge_mc_runner] Warmup 70/100
[2024-02-20T18:04:14Z INFO  gauge_mc_runner] Warmup 80/100
[2024-02-20T18:04:16Z INFO  gauge_mc_runner] Warmup 90/100
[2024-02-20T18:04:19Z INFO  gauge_mc_runner] Done!
[2024-02-20T18:04:19Z INFO  gauge_mc_runner] Sampling 0/2000
[2024-02-20T18:04:22Z INFO  gauge_mc_runner] Sampling 10/2000
[2024-02-20T18:04:24Z INFO  gauge_mc_runner] Sampling 20/2000
[2024-02-20T18:04:27Z INFO  gauge_mc_runner] Sampling 30/2000
[2024-02-20T18:04:29Z INFO  gauge_mc_runner] Sampling 40/2000
[2024-02-20T18:04:32Z INFO  gauge_mc_runner] Sampling 50/2000
[2024-02-20T18:04:35Z INFO  gauge_mc_runner] Sampling 60/2000
[2024-02-20T18:04:37Z INFO  gauge_mc_runner] Sampling 70/2000
[2024-02-20T18:04:40Z INFO  gauge_mc_runner] Sampling 80/2000
[2024-02-20T18:04:42Z INFO  gauge_mc_runner] Sampling 90/2000
[2024-02-20T18:04:45Z INFO  gauge_mc_runner] Sampling 100/2000
[2024-02-20T18:04:48Z INFO  gauge_mc_runner] Sampling 110/2000
[2024-02-20T18:04:50Z INFO  gauge_mc_runner] Sampling 120/2000
[2024-02-20T18:04:53Z INFO  gauge_mc_runner] Sampling 130/2000
[2024-02-20T18:04:55Z INFO  gauge_mc_runner] Sampling 140/2000
[2024-02-20T18:04:58Z INFO  gauge_mc_runner] Sampling 150/2000
[2024-02-20T18:05:00Z INFO  gauge_mc_runner] Sampling 160/2000
[2024-02-20T18:05:03Z INFO  gauge_mc_runner] Sampling 170/2000
[2024-02-20T18:05:06Z INFO  gauge_mc_runner] Sampling 180/2000
[2024-02-20T18:05:08Z INFO  gauge_mc_runner] Sampling 190/2000
[2024-02-20T18:05:11Z INFO  gauge_mc_runner] Sampling 200/2000
[2024-02-20T18:05:13Z INFO  gauge_mc_runner] Sampling 210/2000
[2024-02-20T18:05:16Z INFO  gauge_mc_runner] Sampling 220/2000
[2024-02-20T18:05:19Z INFO  gauge_mc_runner] Sampling 230/2000
[2024-02-20T18:05:21Z INFO  gauge_mc_runner] Sampling 240/2000
[2024-02-20T18:05:24Z INFO  gauge_mc_runner] Sampling 250/2000
[2024-02-20T18:05:26Z INFO  gauge_mc_runner] Sampling 260/2000
[2024-02-20T18:05:29Z INFO  gauge_mc_runner] Sampling 270/2000
[2024-02-20T18:05:32Z INFO  gauge_mc_runner] Sampling 280/2000
[2024-02-20T18:05:34Z INFO  gauge_mc_runner] Sampling 290/2000
[2024-02-20T18:05:37Z INFO  gauge_mc_runner] Sampling 300/2000
[2024-02-20T18:05:39Z INFO  gauge_mc_runner] Sampling 310/2000
[2024-02-20T18:05:42Z INFO  gauge_mc_runner] Sampling 320/2000
[2024-02-20T18:05:44Z INFO  gauge_mc_runner] Sampling 330/2000
[2024-02-20T18:05:47Z INFO  gauge_mc_runner] Sampling 340/2000
[2024-02-20T18:05:50Z INFO  gauge_mc_runner] Sampling 350/2000
[2024-02-20T18:05:52Z INFO  gauge_mc_runner] Sampling 360/2000
[2024-02-20T18:05:55Z INFO  gauge_mc_runner] Sampling 370/2000
[2024-02-20T18:05:57Z INFO  gauge_mc_runner] Sampling 380/2000
[2024-02-20T18:06:00Z INFO  gauge_mc_runner] Sampling 390/2000
[2024-02-20T18:06:03Z INFO  gauge_mc_runner] Sampling 400/2000
[2024-02-20T18:06:05Z INFO  gauge_mc_runner] Sampling 410/2000
[2024-02-20T18:06:08Z INFO  gauge_mc_runner] Sampling 420/2000
[2024-02-20T18:06:10Z INFO  gauge_mc_runner] Sampling 430/2000
[2024-02-20T18:06:13Z INFO  gauge_mc_runner] Sampling 440/2000
[2024-02-20T18:06:16Z INFO  gauge_mc_runner] Sampling 450/2000
[2024-02-20T18:06:18Z INFO  gauge_mc_runner] Sampling 460/2000
[2024-02-20T18:06:21Z INFO  gauge_mc_runner] Sampling 470/2000
[2024-02-20T18:06:23Z INFO  gauge_mc_runner] Sampling 480/2000
[2024-02-20T18:06:26Z INFO  gauge_mc_runner] Sampling 490/2000
[2024-02-20T18:06:28Z INFO  gauge_mc_runner] Sampling 500/2000
[2024-02-20T18:06:31Z INFO  gauge_mc_runner] Sampling 510/2000
[2024-02-20T18:06:34Z INFO  gauge_mc_runner] Sampling 520/2000
[2024-02-20T18:06:36Z INFO  gauge_mc_runner] Sampling 530/2000
[2024-02-20T18:06:39Z INFO  gauge_mc_runner] Sampling 540/2000
[2024-02-20T18:06:41Z INFO  gauge_mc_runner] Sampling 550/2000
[2024-02-20T18:06:44Z INFO  gauge_mc_runner] Sampling 560/2000
[2024-02-20T18:06:46Z INFO  gauge_mc_runner] Sampling 570/2000
[2024-02-20T18:06:49Z INFO  gauge_mc_runner] Sampling 580/2000
[2024-02-20T18:06:52Z INFO  gauge_mc_runner] Sampling 590/2000
[2024-02-20T18:06:54Z INFO  gauge_mc_runner] Sampling 600/2000
[2024-02-20T18:06:57Z INFO  gauge_mc_runner] Sampling 610/2000
[2024-02-20T18:06:59Z INFO  gauge_mc_runner] Sampling 620/2000
[2024-02-20T18:07:02Z INFO  gauge_mc_runner] Sampling 630/2000
[2024-02-20T18:07:05Z INFO  gauge_mc_runner] Sampling 640/2000
[2024-02-20T18:07:07Z INFO  gauge_mc_runner] Sampling 650/2000
[2024-02-20T18:07:10Z INFO  gauge_mc_runner] Sampling 660/2000
[2024-02-20T18:07:12Z INFO  gauge_mc_runner] Sampling 670/2000
[2024-02-20T18:07:15Z INFO  gauge_mc_runner] Sampling 680/2000
[2024-02-20T18:07:17Z INFO  gauge_mc_runner] Sampling 690/2000
[2024-02-20T18:07:20Z INFO  gauge_mc_runner] Sampling 700/2000
[2024-02-20T18:07:23Z INFO  gauge_mc_runner] Sampling 710/2000
[2024-02-20T18:07:25Z INFO  gauge_mc_runner] Sampling 720/2000
[2024-02-20T18:07:28Z INFO  gauge_mc_runner] Sampling 730/2000
[2024-02-20T18:07:30Z INFO  gauge_mc_runner] Sampling 740/2000
[2024-02-20T18:07:33Z INFO  gauge_mc_runner] Sampling 750/2000
[2024-02-20T18:07:36Z INFO  gauge_mc_runner] Sampling 760/2000
[2024-02-20T18:07:38Z INFO  gauge_mc_runner] Sampling 770/2000
[2024-02-20T18:07:41Z INFO  gauge_mc_runner] Sampling 780/2000
[2024-02-20T18:07:43Z INFO  gauge_mc_runner] Sampling 790/2000
[2024-02-20T18:07:46Z INFO  gauge_mc_runner] Sampling 800/2000
[2024-02-20T18:07:48Z INFO  gauge_mc_runner] Sampling 810/2000
[2024-02-20T18:07:51Z INFO  gauge_mc_runner] Sampling 820/2000
[2024-02-20T18:07:54Z INFO  gauge_mc_runner] Sampling 830/2000
[2024-02-20T18:07:56Z INFO  gauge_mc_runner] Sampling 840/2000
[2024-02-20T18:07:59Z INFO  gauge_mc_runner] Sampling 850/2000
[2024-02-20T18:08:01Z INFO  gauge_mc_runner] Sampling 860/2000
[2024-02-20T18:08:04Z INFO  gauge_mc_runner] Sampling 870/2000
[2024-02-20T18:08:07Z INFO  gauge_mc_runner] Sampling 880/2000
[2024-02-20T18:08:09Z INFO  gauge_mc_runner] Sampling 890/2000
[2024-02-20T18:08:12Z INFO  gauge_mc_runner] Sampling 900/2000
[2024-02-20T18:08:14Z INFO  gauge_mc_runner] Sampling 910/2000
[2024-02-20T18:08:17Z INFO  gauge_mc_runner] Sampling 920/2000
[2024-02-20T18:08:19Z INFO  gauge_mc_runner] Sampling 930/2000
[2024-02-20T18:08:22Z INFO  gauge_mc_runner] Sampling 940/2000
[2024-02-20T18:08:25Z INFO  gauge_mc_runner] Sampling 950/2000
[2024-02-20T18:08:27Z INFO  gauge_mc_runner] Sampling 960/2000
[2024-02-20T18:08:30Z INFO  gauge_mc_runner] Sampling 970/2000
[2024-02-20T18:08:32Z INFO  gauge_mc_runner] Sampling 980/2000
[2024-02-20T18:08:35Z INFO  gauge_mc_runner] Sampling 990/2000
[2024-02-20T18:08:37Z INFO  gauge_mc_runner] Sampling 1000/2000
[2024-02-20T18:08:40Z INFO  gauge_mc_runner] Sampling 1010/2000
[2024-02-20T18:08:43Z INFO  gauge_mc_runner] Sampling 1020/2000
[2024-02-20T18:08:45Z INFO  gauge_mc_runner] Sampling 1030/2000
[2024-02-20T18:08:48Z INFO  gauge_mc_runner] Sampling 1040/2000
[2024-02-20T18:08:50Z INFO  gauge_mc_runner] Sampling 1050/2000
[2024-02-20T18:08:53Z INFO  gauge_mc_runner] Sampling 1060/2000
[2024-02-20T18:08:56Z INFO  gauge_mc_runner] Sampling 1070/2000
[2024-02-20T18:08:58Z INFO  gauge_mc_runner] Sampling 1080/2000
[2024-02-20T18:09:01Z INFO  gauge_mc_runner] Sampling 1090/2000
[2024-02-20T18:09:03Z INFO  gauge_mc_runner] Sampling 1100/2000
[2024-02-20T18:09:06Z INFO  gauge_mc_runner] Sampling 1110/2000
[2024-02-20T18:09:08Z INFO  gauge_mc_runner] Sampling 1120/2000
[2024-02-20T18:09:11Z INFO  gauge_mc_runner] Sampling 1130/2000
[2024-02-20T18:09:14Z INFO  gauge_mc_runner] Sampling 1140/2000
[2024-02-20T18:09:16Z INFO  gauge_mc_runner] Sampling 1150/2000
[2024-02-20T18:09:19Z INFO  gauge_mc_runner] Sampling 1160/2000
[2024-02-20T18:09:21Z INFO  gauge_mc_runner] Sampling 1170/2000
[2024-02-20T18:09:24Z INFO  gauge_mc_runner] Sampling 1180/2000
[2024-02-20T18:09:26Z INFO  gauge_mc_runner] Sampling 1190/2000
[2024-02-20T18:09:29Z INFO  gauge_mc_runner] Sampling 1200/2000
[2024-02-20T18:09:32Z INFO  gauge_mc_runner] Sampling 1210/2000
[2024-02-20T18:09:34Z INFO  gauge_mc_runner] Sampling 1220/2000
[2024-02-20T18:09:37Z INFO  gauge_mc_runner] Sampling 1230/2000
[2024-02-20T18:09:39Z INFO  gauge_mc_runner] Sampling 1240/2000
[2024-02-20T18:09:42Z INFO  gauge_mc_runner] Sampling 1250/2000
[2024-02-20T18:09:45Z INFO  gauge_mc_runner] Sampling 1260/2000
[2024-02-20T18:09:47Z INFO  gauge_mc_runner] Sampling 1270/2000
[2024-02-20T18:09:50Z INFO  gauge_mc_runner] Sampling 1280/2000
[2024-02-20T18:09:52Z INFO  gauge_mc_runner] Sampling 1290/2000
[2024-02-20T18:09:55Z INFO  gauge_mc_runner] Sampling 1300/2000
[2024-02-20T18:09:57Z INFO  gauge_mc_runner] Sampling 1310/2000
[2024-02-20T18:10:00Z INFO  gauge_mc_runner] Sampling 1320/2000
[2024-02-20T18:10:03Z INFO  gauge_mc_runner] Sampling 1330/2000
[2024-02-20T18:10:05Z INFO  gauge_mc_runner] Sampling 1340/2000
[2024-02-20T18:10:08Z INFO  gauge_mc_runner] Sampling 1350/2000
[2024-02-20T18:10:10Z INFO  gauge_mc_runner] Sampling 1360/2000
[2024-02-20T18:10:13Z INFO  gauge_mc_runner] Sampling 1370/2000
[2024-02-20T18:10:16Z INFO  gauge_mc_runner] Sampling 1380/2000
[2024-02-20T18:10:18Z INFO  gauge_mc_runner] Sampling 1390/2000
[2024-02-20T18:10:21Z INFO  gauge_mc_runner] Sampling 1400/2000
[2024-02-20T18:10:23Z INFO  gauge_mc_runner] Sampling 1410/2000
[2024-02-20T18:10:26Z INFO  gauge_mc_runner] Sampling 1420/2000
[2024-02-20T18:10:28Z INFO  gauge_mc_runner] Sampling 1430/2000
[2024-02-20T18:10:31Z INFO  gauge_mc_runner] Sampling 1440/2000
[2024-02-20T18:10:34Z INFO  gauge_mc_runner] Sampling 1450/2000
[2024-02-20T18:10:36Z INFO  gauge_mc_runner] Sampling 1460/2000
[2024-02-20T18:10:39Z INFO  gauge_mc_runner] Sampling 1470/2000
[2024-02-20T18:10:41Z INFO  gauge_mc_runner] Sampling 1480/2000
[2024-02-20T18:10:44Z INFO  gauge_mc_runner] Sampling 1490/2000
[2024-02-20T18:10:46Z INFO  gauge_mc_runner] Sampling 1500/2000
[2024-02-20T18:10:49Z INFO  gauge_mc_runner] Sampling 1510/2000
[2024-02-20T18:10:52Z INFO  gauge_mc_runner] Sampling 1520/2000
[2024-02-20T18:10:54Z INFO  gauge_mc_runner] Sampling 1530/2000
[2024-02-20T18:10:57Z INFO  gauge_mc_runner] Sampling 1540/2000
[2024-02-20T18:10:59Z INFO  gauge_mc_runner] Sampling 1550/2000
[2024-02-20T18:11:02Z INFO  gauge_mc_runner] Sampling 1560/2000
[2024-02-20T18:11:05Z INFO  gauge_mc_runner] Sampling 1570/2000
[2024-02-20T18:11:07Z INFO  gauge_mc_runner] Sampling 1580/2000
[2024-02-20T18:11:10Z INFO  gauge_mc_runner] Sampling 1590/2000
[2024-02-20T18:11:12Z INFO  gauge_mc_runner] Sampling 1600/2000
[2024-02-20T18:11:15Z INFO  gauge_mc_runner] Sampling 1610/2000
[2024-02-20T18:11:17Z INFO  gauge_mc_runner] Sampling 1620/2000
[2024-02-20T18:11:20Z INFO  gauge_mc_runner] Sampling 1630/2000
[2024-02-20T18:11:23Z INFO  gauge_mc_runner] Sampling 1640/2000
[2024-02-20T18:11:25Z INFO  gauge_mc_runner] Sampling 1650/2000
[2024-02-20T18:11:28Z INFO  gauge_mc_runner] Sampling 1660/2000
[2024-02-20T18:11:30Z INFO  gauge_mc_runner] Sampling 1670/2000
[2024-02-20T18:11:33Z INFO  gauge_mc_runner] Sampling 1680/2000
[2024-02-20T18:11:35Z INFO  gauge_mc_runner] Sampling 1690/2000
[2024-02-20T18:11:38Z INFO  gauge_mc_runner] Sampling 1700/2000
[2024-02-20T18:11:41Z INFO  gauge_mc_runner] Sampling 1710/2000
[2024-02-20T18:11:43Z INFO  gauge_mc_runner] Sampling 1720/2000
[2024-02-20T18:11:46Z INFO  gauge_mc_runner] Sampling 1730/2000
[2024-02-20T18:11:48Z INFO  gauge_mc_runner] Sampling 1740/2000
[2024-02-20T18:11:51Z INFO  gauge_mc_runner] Sampling 1750/2000
[2024-02-20T18:11:54Z INFO  gauge_mc_runner] Sampling 1760/2000
[2024-02-20T18:11:56Z INFO  gauge_mc_runner] Sampling 1770/2000
[2024-02-20T18:11:59Z INFO  gauge_mc_runner] Sampling 1780/2000
[2024-02-20T18:12:01Z INFO  gauge_mc_runner] Sampling 1790/2000
[2024-02-20T18:12:04Z INFO  gauge_mc_runner] Sampling 1800/2000
[2024-02-20T18:12:06Z INFO  gauge_mc_runner] Sampling 1810/2000
[2024-02-20T18:12:09Z INFO  gauge_mc_runner] Sampling 1820/2000
[2024-02-20T18:12:12Z INFO  gauge_mc_runner] Sampling 1830/2000
[2024-02-20T18:12:14Z INFO  gauge_mc_runner] Sampling 1840/2000
[2024-02-20T18:12:17Z INFO  gauge_mc_runner] Sampling 1850/2000
[2024-02-20T18:12:19Z INFO  gauge_mc_runner] Sampling 1860/2000
[2024-02-20T18:12:22Z INFO  gauge_mc_runner] Sampling 1870/2000
[2024-02-20T18:12:24Z INFO  gauge_mc_runner] Sampling 1880/2000
[2024-02-20T18:12:27Z INFO  gauge_mc_runner] Sampling 1890/2000
[2024-02-20T18:12:30Z INFO  gauge_mc_runner] Sampling 1900/2000
[2024-02-20T18:12:32Z INFO  gauge_mc_runner] Sampling 1910/2000
[2024-02-20T18:12:35Z INFO  gauge_mc_runner] Sampling 1920/2000
[2024-02-20T18:12:37Z INFO  gauge_mc_runner] Sampling 1930/2000
[2024-02-20T18:12:40Z INFO  gauge_mc_runner] Sampling 1940/2000
[2024-02-20T18:12:42Z INFO  gauge_mc_runner] Sampling 1950/2000
[2024-02-20T18:12:45Z INFO  gauge_mc_runner] Sampling 1960/2000
[2024-02-20T18:12:48Z INFO  gauge_mc_runner] Sampling 1970/2000
[2024-02-20T18:12:50Z INFO  gauge_mc_runner] Sampling 1980/2000
[2024-02-20T18:12:53Z INFO  gauge_mc_runner] Sampling 1990/2000
[2024-02-20T18:12:55Z INFO  gauge_mc_runner] Done!
