    Finished release [optimized] target(s) in 0.05s
     Running `target/release/gauge_mc_runner --klow 0.76477 --khigh 0.76864 --potential-type binary -r 64 -N 1024 -w 128 -L 8 -s 32 --config-output /home/sumner/source/GaugeTheoryRunner/outputs/rec/binary/L=8/out-k076477-k076864.yaml --output-winding -o /home/sumner/source/GaugeTheoryRunner/outputs/rec/binary/L=8/out-k076477-k076864.npz`
[2024-02-26T19:23:08Z INFO  gauge_mc_runner] Warmup 0/128
[2024-02-26T19:23:10Z INFO  gauge_mc_runner] Warmup 10/128
[2024-02-26T19:23:12Z INFO  gauge_mc_runner] Warmup 20/128
[2024-02-26T19:23:14Z INFO  gauge_mc_runner] Warmup 30/128
[2024-02-26T19:23:16Z INFO  gauge_mc_runner] Warmup 40/128
[2024-02-26T19:23:18Z INFO  gauge_mc_runner] Warmup 50/128
[2024-02-26T19:23:19Z INFO  gauge_mc_runner] Warmup 60/128
[2024-02-26T19:23:21Z INFO  gauge_mc_runner] Warmup 70/128
[2024-02-26T19:23:23Z INFO  gauge_mc_runner] Warmup 80/128
[2024-02-26T19:23:25Z INFO  gauge_mc_runner] Warmup 90/128
[2024-02-26T19:23:27Z INFO  gauge_mc_runner] Warmup 100/128
[2024-02-26T19:23:29Z INFO  gauge_mc_runner] Warmup 110/128
[2024-02-26T19:23:31Z INFO  gauge_mc_runner] Warmup 120/128
[2024-02-26T19:23:32Z INFO  gauge_mc_runner] Done!
[2024-02-26T19:23:32Z INFO  gauge_mc_runner] Sampling 0/1024
[2024-02-26T19:23:34Z INFO  gauge_mc_runner] Sampling 10/1024
[2024-02-26T19:23:36Z INFO  gauge_mc_runner] Sampling 20/1024
[2024-02-26T19:23:38Z INFO  gauge_mc_runner] Sampling 30/1024
[2024-02-26T19:23:40Z INFO  gauge_mc_runner] Sampling 40/1024
[2024-02-26T19:23:42Z INFO  gauge_mc_runner] Sampling 50/1024
[2024-02-26T19:23:43Z INFO  gauge_mc_runner] Sampling 60/1024
[2024-02-26T19:23:45Z INFO  gauge_mc_runner] Sampling 70/1024
[2024-02-26T19:23:47Z INFO  gauge_mc_runner] Sampling 80/1024
[2024-02-26T19:23:49Z INFO  gauge_mc_runner] Sampling 90/1024
[2024-02-26T19:23:51Z INFO  gauge_mc_runner] Sampling 100/1024
[2024-02-26T19:23:53Z INFO  gauge_mc_runner] Sampling 110/1024
[2024-02-26T19:23:55Z INFO  gauge_mc_runner] Sampling 120/1024
[2024-02-26T19:23:57Z INFO  gauge_mc_runner] Sampling 130/1024
[2024-02-26T19:23:58Z INFO  gauge_mc_runner] Sampling 140/1024
[2024-02-26T19:24:00Z INFO  gauge_mc_runner] Sampling 150/1024
[2024-02-26T19:24:02Z INFO  gauge_mc_runner] Sampling 160/1024
[2024-02-26T19:24:04Z INFO  gauge_mc_runner] Sampling 170/1024
[2024-02-26T19:24:06Z INFO  gauge_mc_runner] Sampling 180/1024
[2024-02-26T19:24:08Z INFO  gauge_mc_runner] Sampling 190/1024
[2024-02-26T19:24:10Z INFO  gauge_mc_runner] Sampling 200/1024
[2024-02-26T19:24:12Z INFO  gauge_mc_runner] Sampling 210/1024
[2024-02-26T19:24:14Z INFO  gauge_mc_runner] Sampling 220/1024
[2024-02-26T19:24:15Z INFO  gauge_mc_runner] Sampling 230/1024
[2024-02-26T19:24:17Z INFO  gauge_mc_runner] Sampling 240/1024
[2024-02-26T19:24:19Z INFO  gauge_mc_runner] Sampling 250/1024
[2024-02-26T19:24:21Z INFO  gauge_mc_runner] Sampling 260/1024
[2024-02-26T19:24:23Z INFO  gauge_mc_runner] Sampling 270/1024
[2024-02-26T19:24:25Z INFO  gauge_mc_runner] Sampling 280/1024
[2024-02-26T19:24:27Z INFO  gauge_mc_runner] Sampling 290/1024
[2024-02-26T19:24:29Z INFO  gauge_mc_runner] Sampling 300/1024
[2024-02-26T19:24:30Z INFO  gauge_mc_runner] Sampling 310/1024
[2024-02-26T19:24:32Z INFO  gauge_mc_runner] Sampling 320/1024
[2024-02-26T19:24:34Z INFO  gauge_mc_runner] Sampling 330/1024
[2024-02-26T19:24:36Z INFO  gauge_mc_runner] Sampling 340/1024
[2024-02-26T19:24:38Z INFO  gauge_mc_runner] Sampling 350/1024
[2024-02-26T19:24:40Z INFO  gauge_mc_runner] Sampling 360/1024
[2024-02-26T19:24:42Z INFO  gauge_mc_runner] Sampling 370/1024
[2024-02-26T19:24:44Z INFO  gauge_mc_runner] Sampling 380/1024
[2024-02-26T19:24:45Z INFO  gauge_mc_runner] Sampling 390/1024
[2024-02-26T19:24:47Z INFO  gauge_mc_runner] Sampling 400/1024
[2024-02-26T19:24:49Z INFO  gauge_mc_runner] Sampling 410/1024
[2024-02-26T19:24:51Z INFO  gauge_mc_runner] Sampling 420/1024
[2024-02-26T19:24:53Z INFO  gauge_mc_runner] Sampling 430/1024
[2024-02-26T19:24:55Z INFO  gauge_mc_runner] Sampling 440/1024
[2024-02-26T19:24:57Z INFO  gauge_mc_runner] Sampling 450/1024
[2024-02-26T19:24:59Z INFO  gauge_mc_runner] Sampling 460/1024
[2024-02-26T19:25:00Z INFO  gauge_mc_runner] Sampling 470/1024
[2024-02-26T19:25:02Z INFO  gauge_mc_runner] Sampling 480/1024
[2024-02-26T19:25:04Z INFO  gauge_mc_runner] Sampling 490/1024
[2024-02-26T19:25:06Z INFO  gauge_mc_runner] Sampling 500/1024
[2024-02-26T19:25:08Z INFO  gauge_mc_runner] Sampling 510/1024
[2024-02-26T19:25:10Z INFO  gauge_mc_runner] Sampling 520/1024
[2024-02-26T19:25:12Z INFO  gauge_mc_runner] Sampling 530/1024
[2024-02-26T19:25:14Z INFO  gauge_mc_runner] Sampling 540/1024
[2024-02-26T19:25:15Z INFO  gauge_mc_runner] Sampling 550/1024
[2024-02-26T19:25:17Z INFO  gauge_mc_runner] Sampling 560/1024
[2024-02-26T19:25:19Z INFO  gauge_mc_runner] Sampling 570/1024
[2024-02-26T19:25:21Z INFO  gauge_mc_runner] Sampling 580/1024
[2024-02-26T19:25:23Z INFO  gauge_mc_runner] Sampling 590/1024
[2024-02-26T19:25:25Z INFO  gauge_mc_runner] Sampling 600/1024
[2024-02-26T19:25:27Z INFO  gauge_mc_runner] Sampling 610/1024
[2024-02-26T19:25:29Z INFO  gauge_mc_runner] Sampling 620/1024
[2024-02-26T19:25:30Z INFO  gauge_mc_runner] Sampling 630/1024
[2024-02-26T19:25:32Z INFO  gauge_mc_runner] Sampling 640/1024
[2024-02-26T19:25:34Z INFO  gauge_mc_runner] Sampling 650/1024
[2024-02-26T19:25:36Z INFO  gauge_mc_runner] Sampling 660/1024
[2024-02-26T19:25:38Z INFO  gauge_mc_runner] Sampling 670/1024
[2024-02-26T19:25:40Z INFO  gauge_mc_runner] Sampling 680/1024
[2024-02-26T19:25:42Z INFO  gauge_mc_runner] Sampling 690/1024
[2024-02-26T19:25:44Z INFO  gauge_mc_runner] Sampling 700/1024
[2024-02-26T19:25:46Z INFO  gauge_mc_runner] Sampling 710/1024
[2024-02-26T19:25:47Z INFO  gauge_mc_runner] Sampling 720/1024
[2024-02-26T19:25:49Z INFO  gauge_mc_runner] Sampling 730/1024
[2024-02-26T19:25:51Z INFO  gauge_mc_runner] Sampling 740/1024
[2024-02-26T19:25:53Z INFO  gauge_mc_runner] Sampling 750/1024
[2024-02-26T19:25:55Z INFO  gauge_mc_runner] Sampling 760/1024
[2024-02-26T19:25:57Z INFO  gauge_mc_runner] Sampling 770/1024
[2024-02-26T19:25:59Z INFO  gauge_mc_runner] Sampling 780/1024
[2024-02-26T19:26:01Z INFO  gauge_mc_runner] Sampling 790/1024
[2024-02-26T19:26:02Z INFO  gauge_mc_runner] Sampling 800/1024
[2024-02-26T19:26:04Z INFO  gauge_mc_runner] Sampling 810/1024
[2024-02-26T19:26:06Z INFO  gauge_mc_runner] Sampling 820/1024
[2024-02-26T19:26:08Z INFO  gauge_mc_runner] Sampling 830/1024
[2024-02-26T19:26:10Z INFO  gauge_mc_runner] Sampling 840/1024
[2024-02-26T19:26:12Z INFO  gauge_mc_runner] Sampling 850/1024
[2024-02-26T19:26:14Z INFO  gauge_mc_runner] Sampling 860/1024
[2024-02-26T19:26:16Z INFO  gauge_mc_runner] Sampling 870/1024
[2024-02-26T19:26:17Z INFO  gauge_mc_runner] Sampling 880/1024
[2024-02-26T19:26:19Z INFO  gauge_mc_runner] Sampling 890/1024
[2024-02-26T19:26:21Z INFO  gauge_mc_runner] Sampling 900/1024
[2024-02-26T19:26:23Z INFO  gauge_mc_runner] Sampling 910/1024
[2024-02-26T19:26:25Z INFO  gauge_mc_runner] Sampling 920/1024
[2024-02-26T19:26:27Z INFO  gauge_mc_runner] Sampling 930/1024
[2024-02-26T19:26:29Z INFO  gauge_mc_runner] Sampling 940/1024
[2024-02-26T19:26:31Z INFO  gauge_mc_runner] Sampling 950/1024
[2024-02-26T19:26:32Z INFO  gauge_mc_runner] Sampling 960/1024
[2024-02-26T19:26:34Z INFO  gauge_mc_runner] Sampling 970/1024
[2024-02-26T19:26:36Z INFO  gauge_mc_runner] Sampling 980/1024
[2024-02-26T19:26:38Z INFO  gauge_mc_runner] Sampling 990/1024
[2024-02-26T19:26:40Z INFO  gauge_mc_runner] Sampling 1000/1024
[2024-02-26T19:26:42Z INFO  gauge_mc_runner] Sampling 1010/1024
[2024-02-26T19:26:44Z INFO  gauge_mc_runner] Sampling 1020/1024
[2024-02-26T19:26:44Z INFO  gauge_mc_runner] Done!
