   Compiling proc-macro2 v1.0.78
   Compiling autocfg v1.1.0
   Compiling unicode-ident v1.0.12
   Compiling libm v0.2.8
   Compiling thiserror v1.0.57
   Compiling cfg-if v1.0.0
   Compiling crossbeam-utils v0.8.19
   Compiling libc v0.2.153
   Compiling memchr v2.7.1
   Compiling rayon-core v1.12.1
   Compiling ucd-trie v0.1.6
   Compiling rawpointer v0.2.1
   Compiling crc32fast v1.4.0
   Compiling ppv-lite86 v0.2.17
   Compiling either v1.10.0
   Compiling utf8parse v0.2.1
   Compiling once_cell v1.19.0
   Compiling anstyle v1.0.6
   Compiling colorchoice v1.0.0
   Compiling regex-syntax v0.8.2
   Compiling adler v1.0.2
   Compiling anstyle-parse v0.2.3
   Compiling anstyle-query v1.0.2
   Compiling miniz_oxide v0.7.2
   Compiling serde v1.0.197
   Compiling cudarc v0.10.0
   Compiling heck v0.4.1
   Compiling anstream v0.6.12
   Compiling hashbrown v0.14.3
   Compiling strsim v0.11.0
   Compiling log v0.4.20
   Compiling num-traits v0.2.18
   Compiling matrixmultiply v0.3.8
   Compiling num-bigint v0.4.4
   Compiling byteorder v1.5.0
   Compiling equivalent v1.0.1
   Compiling clap_lex v0.7.0
   Compiling itoa v1.0.10
   Compiling aho-corasick v1.1.2
   Compiling iana-time-zone v0.1.60
   Compiling flate2 v1.0.28
   Compiling clap_builder v4.5.1
   Compiling quote v1.0.35
   Compiling crossbeam-epoch v0.9.18
   Compiling unsafe-libyaml v0.2.10
   Compiling humantime v2.1.0
   Compiling syn v2.0.50
   Compiling crossbeam-deque v0.8.5
   Compiling indexmap v2.2.3
   Compiling ryu v1.0.17
   Compiling getrandom v0.2.12
   Compiling rand_core v0.6.4
   Compiling rand_chacha v0.3.1
   Compiling rayon v1.8.1
   Compiling regex-automata v0.4.5
   Compiling rand v0.8.5
   Compiling num-integer v0.1.46
   Compiling num-complex v0.4.5
   Compiling chrono v0.4.34
   Compiling rand_distr v0.4.3
   Compiling scilib v1.0.0
   Compiling thiserror-impl v1.0.57
   Compiling serde_derive v1.0.197
   Compiling clap_derive v4.5.0
   Compiling ndarray v0.15.6
   Compiling regex v1.10.3
   Compiling env_filter v0.1.0
   Compiling env_logger v0.11.2
   Compiling pest v2.7.7
   Compiling zip v0.5.13
   Compiling clap v4.5.1
   Compiling pest_meta v2.7.7
   Compiling pest_generator v2.7.7
   Compiling pest_derive v2.7.7
   Compiling py_literal v0.4.0
   Compiling ndarray-rand v0.14.0
   Compiling gaugemc v0.1.0 (https://github.com/Renmusxd/GaugeMC.git#db8e020e)
   Compiling ndarray-npy v0.8.1
   Compiling serde_yaml v0.9.32
   Compiling gauge_mc_runner v0.1.0 (/home/sumner/source/GaugeTheoryRunner)
warning: unused import: `DualState`
 --> src/main.rs:5:39
  |
5 | use gaugemc::{CudaBackend, CudaError, DualState, SiteIndex};
  |                                       ^^^^^^^^^
  |
  = note: `#[warn(unused_imports)]` on by default

warning: unused imports: `Array0`, `Array6`, `ArrayView1`, `ArrayView2`, `ArrayView3`
 --> src/main.rs:8:8
  |
8 |     s, Array0, Array1, Array2, Array3, Array6, ArrayView1, ArrayView2, ArrayView3, Axis,
  |        ^^^^^^                          ^^^^^^  ^^^^^^^^^^  ^^^^^^^^^^  ^^^^^^^^^^

warning: `gauge_mc_runner` (bin "gauge_mc_runner") generated 2 warnings (run `cargo fix --bin "gauge_mc_runner"` to apply 2 suggestions)
    Finished release [optimized] target(s) in 14.28s
     Running `target/release/gauge_mc_runner --klow 0.85 --khigh 1.25 --potential-type cosine -r 64 -N 2000 -w 100 -L 4 --config-output outputs/cosine/L=4/out-k085-k125.yaml --output-winding -o outputs/cosine/L=4/out-k085-k125.npz`
