warning: unused import: `DualState`
 --> src/main.rs:5:39
  |
5 | use gaugemc::{CudaBackend, CudaError, DualState, SiteIndex};
  |                                       ^^^^^^^^^
  |
  = note: `#[warn(unused_imports)]` on by default

warning: unused imports: `Array0`, `Array6`, `ArrayView1`, `ArrayView2`, `ArrayView3`
 --> src/main.rs:8:8
  |
8 |     s, Array0, Array1, Array2, Array3, Array6, ArrayView1, ArrayView2, ArrayView3, Axis,
  |        ^^^^^^                          ^^^^^^  ^^^^^^^^^^  ^^^^^^^^^^  ^^^^^^^^^^

warning: `gauge_mc_runner` (bin "gauge_mc_runner") generated 2 warnings (run `cargo fix --bin "gauge_mc_runner"` to apply 2 suggestions)
    Finished release [optimized] target(s) in 0.05s
     Running `target/release/gauge_mc_runner --klow 0.77 --khigh 0.78 -r 64 -N 2000 -w 100 -L 20 --config-output outputs/villain/L=20/out-k077-k078.yaml --output-winding -o outputs/villain/L=20/out-k077-k078.npz`
[2024-02-20T23:29:13Z INFO  gauge_mc_runner] Warmup 0/100
[2024-02-20T23:29:36Z INFO  gauge_mc_runner] Warmup 10/100
[2024-02-20T23:30:00Z INFO  gauge_mc_runner] Warmup 20/100
[2024-02-20T23:30:23Z INFO  gauge_mc_runner] Warmup 30/100
[2024-02-20T23:30:47Z INFO  gauge_mc_runner] Warmup 40/100
[2024-02-20T23:31:10Z INFO  gauge_mc_runner] Warmup 50/100
[2024-02-20T23:31:33Z INFO  gauge_mc_runner] Warmup 60/100
[2024-02-20T23:31:57Z INFO  gauge_mc_runner] Warmup 70/100
[2024-02-20T23:32:20Z INFO  gauge_mc_runner] Warmup 80/100
[2024-02-20T23:32:43Z INFO  gauge_mc_runner] Warmup 90/100
[2024-02-20T23:33:07Z INFO  gauge_mc_runner] Done!
[2024-02-20T23:33:07Z INFO  gauge_mc_runner] Sampling 0/2000
[2024-02-20T23:33:30Z INFO  gauge_mc_runner] Sampling 10/2000
[2024-02-20T23:33:54Z INFO  gauge_mc_runner] Sampling 20/2000
[2024-02-20T23:34:17Z INFO  gauge_mc_runner] Sampling 30/2000
[2024-02-20T23:34:41Z INFO  gauge_mc_runner] Sampling 40/2000
[2024-02-20T23:35:04Z INFO  gauge_mc_runner] Sampling 50/2000
[2024-02-20T23:35:27Z INFO  gauge_mc_runner] Sampling 60/2000
[2024-02-20T23:35:51Z INFO  gauge_mc_runner] Sampling 70/2000
[2024-02-20T23:36:14Z INFO  gauge_mc_runner] Sampling 80/2000
[2024-02-20T23:36:38Z INFO  gauge_mc_runner] Sampling 90/2000
[2024-02-20T23:37:01Z INFO  gauge_mc_runner] Sampling 100/2000
[2024-02-20T23:37:24Z INFO  gauge_mc_runner] Sampling 110/2000
[2024-02-20T23:37:48Z INFO  gauge_mc_runner] Sampling 120/2000
[2024-02-20T23:38:11Z INFO  gauge_mc_runner] Sampling 130/2000
[2024-02-20T23:38:35Z INFO  gauge_mc_runner] Sampling 140/2000
[2024-02-20T23:38:58Z INFO  gauge_mc_runner] Sampling 150/2000
[2024-02-20T23:39:21Z INFO  gauge_mc_runner] Sampling 160/2000
[2024-02-20T23:39:45Z INFO  gauge_mc_runner] Sampling 170/2000
[2024-02-20T23:40:08Z INFO  gauge_mc_runner] Sampling 180/2000
[2024-02-20T23:40:32Z INFO  gauge_mc_runner] Sampling 190/2000
[2024-02-20T23:40:55Z INFO  gauge_mc_runner] Sampling 200/2000
[2024-02-20T23:41:19Z INFO  gauge_mc_runner] Sampling 210/2000
[2024-02-20T23:41:42Z INFO  gauge_mc_runner] Sampling 220/2000
[2024-02-20T23:42:05Z INFO  gauge_mc_runner] Sampling 230/2000
[2024-02-20T23:42:29Z INFO  gauge_mc_runner] Sampling 240/2000
[2024-02-20T23:42:52Z INFO  gauge_mc_runner] Sampling 250/2000
[2024-02-20T23:43:16Z INFO  gauge_mc_runner] Sampling 260/2000
[2024-02-20T23:43:39Z INFO  gauge_mc_runner] Sampling 270/2000
[2024-02-20T23:44:02Z INFO  gauge_mc_runner] Sampling 280/2000
[2024-02-20T23:44:26Z INFO  gauge_mc_runner] Sampling 290/2000
[2024-02-20T23:44:49Z INFO  gauge_mc_runner] Sampling 300/2000
[2024-02-20T23:45:13Z INFO  gauge_mc_runner] Sampling 310/2000
[2024-02-20T23:45:36Z INFO  gauge_mc_runner] Sampling 320/2000
[2024-02-20T23:45:59Z INFO  gauge_mc_runner] Sampling 330/2000
[2024-02-20T23:46:23Z INFO  gauge_mc_runner] Sampling 340/2000
[2024-02-20T23:46:46Z INFO  gauge_mc_runner] Sampling 350/2000
[2024-02-20T23:47:10Z INFO  gauge_mc_runner] Sampling 360/2000
[2024-02-20T23:47:33Z INFO  gauge_mc_runner] Sampling 370/2000
[2024-02-20T23:47:56Z INFO  gauge_mc_runner] Sampling 380/2000
[2024-02-20T23:48:20Z INFO  gauge_mc_runner] Sampling 390/2000
[2024-02-20T23:48:43Z INFO  gauge_mc_runner] Sampling 400/2000
[2024-02-20T23:49:07Z INFO  gauge_mc_runner] Sampling 410/2000
[2024-02-20T23:49:30Z INFO  gauge_mc_runner] Sampling 420/2000
[2024-02-20T23:49:54Z INFO  gauge_mc_runner] Sampling 430/2000
[2024-02-20T23:50:17Z INFO  gauge_mc_runner] Sampling 440/2000
[2024-02-20T23:50:40Z INFO  gauge_mc_runner] Sampling 450/2000
[2024-02-20T23:51:04Z INFO  gauge_mc_runner] Sampling 460/2000
[2024-02-20T23:51:27Z INFO  gauge_mc_runner] Sampling 470/2000
[2024-02-20T23:51:50Z INFO  gauge_mc_runner] Sampling 480/2000
[2024-02-20T23:52:14Z INFO  gauge_mc_runner] Sampling 490/2000
[2024-02-20T23:52:37Z INFO  gauge_mc_runner] Sampling 500/2000
[2024-02-20T23:53:01Z INFO  gauge_mc_runner] Sampling 510/2000
[2024-02-20T23:53:24Z INFO  gauge_mc_runner] Sampling 520/2000
[2024-02-20T23:53:48Z INFO  gauge_mc_runner] Sampling 530/2000
[2024-02-20T23:54:11Z INFO  gauge_mc_runner] Sampling 540/2000
[2024-02-20T23:54:34Z INFO  gauge_mc_runner] Sampling 550/2000
[2024-02-20T23:54:58Z INFO  gauge_mc_runner] Sampling 560/2000
[2024-02-20T23:55:21Z INFO  gauge_mc_runner] Sampling 570/2000
[2024-02-20T23:55:45Z INFO  gauge_mc_runner] Sampling 580/2000
[2024-02-20T23:56:08Z INFO  gauge_mc_runner] Sampling 590/2000
[2024-02-20T23:56:31Z INFO  gauge_mc_runner] Sampling 600/2000
[2024-02-20T23:56:55Z INFO  gauge_mc_runner] Sampling 610/2000
[2024-02-20T23:57:18Z INFO  gauge_mc_runner] Sampling 620/2000
[2024-02-20T23:57:42Z INFO  gauge_mc_runner] Sampling 630/2000
[2024-02-20T23:58:05Z INFO  gauge_mc_runner] Sampling 640/2000
[2024-02-20T23:58:28Z INFO  gauge_mc_runner] Sampling 650/2000
[2024-02-20T23:58:52Z INFO  gauge_mc_runner] Sampling 660/2000
[2024-02-20T23:59:15Z INFO  gauge_mc_runner] Sampling 670/2000
[2024-02-20T23:59:39Z INFO  gauge_mc_runner] Sampling 680/2000
[2024-02-21T00:00:02Z INFO  gauge_mc_runner] Sampling 690/2000
[2024-02-21T00:00:25Z INFO  gauge_mc_runner] Sampling 700/2000
[2024-02-21T00:00:49Z INFO  gauge_mc_runner] Sampling 710/2000
[2024-02-21T00:01:12Z INFO  gauge_mc_runner] Sampling 720/2000
[2024-02-21T00:01:36Z INFO  gauge_mc_runner] Sampling 730/2000
[2024-02-21T00:01:59Z INFO  gauge_mc_runner] Sampling 740/2000
[2024-02-21T00:02:22Z INFO  gauge_mc_runner] Sampling 750/2000
[2024-02-21T00:02:46Z INFO  gauge_mc_runner] Sampling 760/2000
[2024-02-21T00:03:09Z INFO  gauge_mc_runner] Sampling 770/2000
[2024-02-21T00:03:33Z INFO  gauge_mc_runner] Sampling 780/2000
[2024-02-21T00:03:56Z INFO  gauge_mc_runner] Sampling 790/2000
[2024-02-21T00:04:19Z INFO  gauge_mc_runner] Sampling 800/2000
[2024-02-21T00:04:43Z INFO  gauge_mc_runner] Sampling 810/2000
[2024-02-21T00:05:06Z INFO  gauge_mc_runner] Sampling 820/2000
[2024-02-21T00:05:30Z INFO  gauge_mc_runner] Sampling 830/2000
[2024-02-21T00:05:53Z INFO  gauge_mc_runner] Sampling 840/2000
[2024-02-21T00:06:16Z INFO  gauge_mc_runner] Sampling 850/2000
[2024-02-21T00:06:40Z INFO  gauge_mc_runner] Sampling 860/2000
[2024-02-21T00:07:03Z INFO  gauge_mc_runner] Sampling 870/2000
[2024-02-21T00:07:27Z INFO  gauge_mc_runner] Sampling 880/2000
[2024-02-21T00:07:50Z INFO  gauge_mc_runner] Sampling 890/2000
[2024-02-21T00:08:13Z INFO  gauge_mc_runner] Sampling 900/2000
[2024-02-21T00:08:37Z INFO  gauge_mc_runner] Sampling 910/2000
[2024-02-21T00:09:00Z INFO  gauge_mc_runner] Sampling 920/2000
[2024-02-21T00:09:24Z INFO  gauge_mc_runner] Sampling 930/2000
[2024-02-21T00:09:47Z INFO  gauge_mc_runner] Sampling 940/2000
[2024-02-21T00:10:10Z INFO  gauge_mc_runner] Sampling 950/2000
[2024-02-21T00:10:34Z INFO  gauge_mc_runner] Sampling 960/2000
[2024-02-21T00:10:57Z INFO  gauge_mc_runner] Sampling 970/2000
[2024-02-21T00:11:21Z INFO  gauge_mc_runner] Sampling 980/2000
[2024-02-21T00:11:44Z INFO  gauge_mc_runner] Sampling 990/2000
[2024-02-21T00:12:07Z INFO  gauge_mc_runner] Sampling 1000/2000
[2024-02-21T00:12:31Z INFO  gauge_mc_runner] Sampling 1010/2000
[2024-02-21T00:12:54Z INFO  gauge_mc_runner] Sampling 1020/2000
[2024-02-21T00:13:18Z INFO  gauge_mc_runner] Sampling 1030/2000
[2024-02-21T00:13:41Z INFO  gauge_mc_runner] Sampling 1040/2000
[2024-02-21T00:14:04Z INFO  gauge_mc_runner] Sampling 1050/2000
[2024-02-21T00:14:28Z INFO  gauge_mc_runner] Sampling 1060/2000
[2024-02-21T00:14:51Z INFO  gauge_mc_runner] Sampling 1070/2000
[2024-02-21T00:15:15Z INFO  gauge_mc_runner] Sampling 1080/2000
[2024-02-21T00:15:38Z INFO  gauge_mc_runner] Sampling 1090/2000
[2024-02-21T00:16:01Z INFO  gauge_mc_runner] Sampling 1100/2000
[2024-02-21T00:16:25Z INFO  gauge_mc_runner] Sampling 1110/2000
[2024-02-21T00:16:48Z INFO  gauge_mc_runner] Sampling 1120/2000
[2024-02-21T00:17:12Z INFO  gauge_mc_runner] Sampling 1130/2000
[2024-02-21T00:17:35Z INFO  gauge_mc_runner] Sampling 1140/2000
[2024-02-21T00:17:58Z INFO  gauge_mc_runner] Sampling 1150/2000
[2024-02-21T00:18:22Z INFO  gauge_mc_runner] Sampling 1160/2000
[2024-02-21T00:18:45Z INFO  gauge_mc_runner] Sampling 1170/2000
[2024-02-21T00:19:09Z INFO  gauge_mc_runner] Sampling 1180/2000
[2024-02-21T00:19:32Z INFO  gauge_mc_runner] Sampling 1190/2000
[2024-02-21T00:19:56Z INFO  gauge_mc_runner] Sampling 1200/2000
[2024-02-21T00:20:19Z INFO  gauge_mc_runner] Sampling 1210/2000
[2024-02-21T00:20:42Z INFO  gauge_mc_runner] Sampling 1220/2000
[2024-02-21T00:21:06Z INFO  gauge_mc_runner] Sampling 1230/2000
[2024-02-21T00:21:29Z INFO  gauge_mc_runner] Sampling 1240/2000
[2024-02-21T00:21:53Z INFO  gauge_mc_runner] Sampling 1250/2000
[2024-02-21T00:22:16Z INFO  gauge_mc_runner] Sampling 1260/2000
[2024-02-21T00:22:39Z INFO  gauge_mc_runner] Sampling 1270/2000
[2024-02-21T00:23:03Z INFO  gauge_mc_runner] Sampling 1280/2000
[2024-02-21T00:23:26Z INFO  gauge_mc_runner] Sampling 1290/2000
[2024-02-21T00:23:50Z INFO  gauge_mc_runner] Sampling 1300/2000
[2024-02-21T00:24:13Z INFO  gauge_mc_runner] Sampling 1310/2000
[2024-02-21T00:24:36Z INFO  gauge_mc_runner] Sampling 1320/2000
[2024-02-21T00:25:00Z INFO  gauge_mc_runner] Sampling 1330/2000
[2024-02-21T00:25:23Z INFO  gauge_mc_runner] Sampling 1340/2000
[2024-02-21T00:25:47Z INFO  gauge_mc_runner] Sampling 1350/2000
[2024-02-21T00:26:10Z INFO  gauge_mc_runner] Sampling 1360/2000
[2024-02-21T00:26:33Z INFO  gauge_mc_runner] Sampling 1370/2000
[2024-02-21T00:26:57Z INFO  gauge_mc_runner] Sampling 1380/2000
[2024-02-21T00:27:20Z INFO  gauge_mc_runner] Sampling 1390/2000
[2024-02-21T00:27:44Z INFO  gauge_mc_runner] Sampling 1400/2000
[2024-02-21T00:28:07Z INFO  gauge_mc_runner] Sampling 1410/2000
[2024-02-21T00:28:30Z INFO  gauge_mc_runner] Sampling 1420/2000
[2024-02-21T00:28:54Z INFO  gauge_mc_runner] Sampling 1430/2000
[2024-02-21T00:29:17Z INFO  gauge_mc_runner] Sampling 1440/2000
[2024-02-21T00:29:41Z INFO  gauge_mc_runner] Sampling 1450/2000
[2024-02-21T00:30:04Z INFO  gauge_mc_runner] Sampling 1460/2000
[2024-02-21T00:30:27Z INFO  gauge_mc_runner] Sampling 1470/2000
[2024-02-21T00:30:51Z INFO  gauge_mc_runner] Sampling 1480/2000
[2024-02-21T00:31:14Z INFO  gauge_mc_runner] Sampling 1490/2000
[2024-02-21T00:31:38Z INFO  gauge_mc_runner] Sampling 1500/2000
[2024-02-21T00:32:01Z INFO  gauge_mc_runner] Sampling 1510/2000
[2024-02-21T00:32:24Z INFO  gauge_mc_runner] Sampling 1520/2000
[2024-02-21T00:32:48Z INFO  gauge_mc_runner] Sampling 1530/2000
[2024-02-21T00:33:11Z INFO  gauge_mc_runner] Sampling 1540/2000
[2024-02-21T00:33:35Z INFO  gauge_mc_runner] Sampling 1550/2000
[2024-02-21T00:33:58Z INFO  gauge_mc_runner] Sampling 1560/2000
[2024-02-21T00:34:21Z INFO  gauge_mc_runner] Sampling 1570/2000
[2024-02-21T00:34:45Z INFO  gauge_mc_runner] Sampling 1580/2000
[2024-02-21T00:35:08Z INFO  gauge_mc_runner] Sampling 1590/2000
[2024-02-21T00:35:32Z INFO  gauge_mc_runner] Sampling 1600/2000
[2024-02-21T00:35:55Z INFO  gauge_mc_runner] Sampling 1610/2000
[2024-02-21T00:36:18Z INFO  gauge_mc_runner] Sampling 1620/2000
[2024-02-21T00:36:42Z INFO  gauge_mc_runner] Sampling 1630/2000
[2024-02-21T00:37:05Z INFO  gauge_mc_runner] Sampling 1640/2000
[2024-02-21T00:37:29Z INFO  gauge_mc_runner] Sampling 1650/2000
[2024-02-21T00:37:52Z INFO  gauge_mc_runner] Sampling 1660/2000
[2024-02-21T00:38:15Z INFO  gauge_mc_runner] Sampling 1670/2000
[2024-02-21T00:38:39Z INFO  gauge_mc_runner] Sampling 1680/2000
[2024-02-21T00:39:02Z INFO  gauge_mc_runner] Sampling 1690/2000
[2024-02-21T00:39:26Z INFO  gauge_mc_runner] Sampling 1700/2000
[2024-02-21T00:39:49Z INFO  gauge_mc_runner] Sampling 1710/2000
[2024-02-21T00:40:12Z INFO  gauge_mc_runner] Sampling 1720/2000
[2024-02-21T00:40:36Z INFO  gauge_mc_runner] Sampling 1730/2000
[2024-02-21T00:40:59Z INFO  gauge_mc_runner] Sampling 1740/2000
[2024-02-21T00:41:23Z INFO  gauge_mc_runner] Sampling 1750/2000
[2024-02-21T00:41:46Z INFO  gauge_mc_runner] Sampling 1760/2000
[2024-02-21T00:42:09Z INFO  gauge_mc_runner] Sampling 1770/2000
[2024-02-21T00:42:33Z INFO  gauge_mc_runner] Sampling 1780/2000
[2024-02-21T00:42:56Z INFO  gauge_mc_runner] Sampling 1790/2000
[2024-02-21T00:43:20Z INFO  gauge_mc_runner] Sampling 1800/2000
[2024-02-21T00:43:43Z INFO  gauge_mc_runner] Sampling 1810/2000
[2024-02-21T00:44:06Z INFO  gauge_mc_runner] Sampling 1820/2000
[2024-02-21T00:44:30Z INFO  gauge_mc_runner] Sampling 1830/2000
[2024-02-21T00:44:53Z INFO  gauge_mc_runner] Sampling 1840/2000
[2024-02-21T00:45:17Z INFO  gauge_mc_runner] Sampling 1850/2000
[2024-02-21T00:45:40Z INFO  gauge_mc_runner] Sampling 1860/2000
[2024-02-21T00:46:03Z INFO  gauge_mc_runner] Sampling 1870/2000
[2024-02-21T00:46:27Z INFO  gauge_mc_runner] Sampling 1880/2000
[2024-02-21T00:46:50Z INFO  gauge_mc_runner] Sampling 1890/2000
[2024-02-21T00:47:14Z INFO  gauge_mc_runner] Sampling 1900/2000
[2024-02-21T00:47:37Z INFO  gauge_mc_runner] Sampling 1910/2000
[2024-02-21T00:48:00Z INFO  gauge_mc_runner] Sampling 1920/2000
[2024-02-21T00:48:24Z INFO  gauge_mc_runner] Sampling 1930/2000
[2024-02-21T00:48:47Z INFO  gauge_mc_runner] Sampling 1940/2000
[2024-02-21T00:49:11Z INFO  gauge_mc_runner] Sampling 1950/2000
[2024-02-21T00:49:34Z INFO  gauge_mc_runner] Sampling 1960/2000
[2024-02-21T00:49:57Z INFO  gauge_mc_runner] Sampling 1970/2000
[2024-02-21T00:50:21Z INFO  gauge_mc_runner] Sampling 1980/2000
[2024-02-21T00:50:44Z INFO  gauge_mc_runner] Sampling 1990/2000
[2024-02-21T00:51:08Z INFO  gauge_mc_runner] Done!
