warning: unused import: `DualState`
 --> src/main.rs:5:39
  |
5 | use gaugemc::{CudaBackend, CudaError, DualState, SiteIndex};
  |                                       ^^^^^^^^^
  |
  = note: `#[warn(unused_imports)]` on by default

warning: unused imports: `Array0`, `Array6`, `ArrayView1`, `ArrayView2`, `ArrayView3`
 --> src/main.rs:8:8
  |
8 |     s, Array0, Array1, Array2, Array3, Array6, ArrayView1, ArrayView2, ArrayView3, Axis,
  |        ^^^^^^                          ^^^^^^  ^^^^^^^^^^  ^^^^^^^^^^  ^^^^^^^^^^

warning: `gauge_mc_runner` (bin "gauge_mc_runner") generated 2 warnings (run `cargo fix --bin "gauge_mc_runner"` to apply 2 suggestions)
    Finished release [optimized] target(s) in 0.05s
     Running `target/release/gauge_mc_runner --klow 0.775 --khigh 0.777 -r 64 -N 2000 -w 100 -L 20 --config-output outputs/villain/L=20/out-k0775-k0777.yaml --output-winding -o outputs/villain/L=20/out-k0775-k0777.npz`
[2024-02-21T00:51:08Z INFO  gauge_mc_runner] Warmup 0/100
[2024-02-21T00:51:31Z INFO  gauge_mc_runner] Warmup 10/100
[2024-02-21T00:51:55Z INFO  gauge_mc_runner] Warmup 20/100
[2024-02-21T00:52:18Z INFO  gauge_mc_runner] Warmup 30/100
[2024-02-21T00:52:41Z INFO  gauge_mc_runner] Warmup 40/100
[2024-02-21T00:53:04Z INFO  gauge_mc_runner] Warmup 50/100
[2024-02-21T00:53:28Z INFO  gauge_mc_runner] Warmup 60/100
[2024-02-21T00:53:51Z INFO  gauge_mc_runner] Warmup 70/100
[2024-02-21T00:54:15Z INFO  gauge_mc_runner] Warmup 80/100
[2024-02-21T00:54:38Z INFO  gauge_mc_runner] Warmup 90/100
[2024-02-21T00:55:01Z INFO  gauge_mc_runner] Done!
[2024-02-21T00:55:01Z INFO  gauge_mc_runner] Sampling 0/2000
[2024-02-21T00:55:25Z INFO  gauge_mc_runner] Sampling 10/2000
[2024-02-21T00:55:48Z INFO  gauge_mc_runner] Sampling 20/2000
[2024-02-21T00:56:12Z INFO  gauge_mc_runner] Sampling 30/2000
[2024-02-21T00:56:35Z INFO  gauge_mc_runner] Sampling 40/2000
[2024-02-21T00:56:58Z INFO  gauge_mc_runner] Sampling 50/2000
[2024-02-21T00:57:22Z INFO  gauge_mc_runner] Sampling 60/2000
[2024-02-21T00:57:45Z INFO  gauge_mc_runner] Sampling 70/2000
[2024-02-21T00:58:09Z INFO  gauge_mc_runner] Sampling 80/2000
[2024-02-21T00:58:32Z INFO  gauge_mc_runner] Sampling 90/2000
[2024-02-21T00:58:55Z INFO  gauge_mc_runner] Sampling 100/2000
[2024-02-21T00:59:19Z INFO  gauge_mc_runner] Sampling 110/2000
[2024-02-21T00:59:42Z INFO  gauge_mc_runner] Sampling 120/2000
[2024-02-21T01:00:05Z INFO  gauge_mc_runner] Sampling 130/2000
[2024-02-21T01:00:29Z INFO  gauge_mc_runner] Sampling 140/2000
[2024-02-21T01:00:52Z INFO  gauge_mc_runner] Sampling 150/2000
[2024-02-21T01:01:16Z INFO  gauge_mc_runner] Sampling 160/2000
[2024-02-21T01:01:39Z INFO  gauge_mc_runner] Sampling 170/2000
[2024-02-21T01:02:02Z INFO  gauge_mc_runner] Sampling 180/2000
[2024-02-21T01:02:26Z INFO  gauge_mc_runner] Sampling 190/2000
[2024-02-21T01:02:49Z INFO  gauge_mc_runner] Sampling 200/2000
[2024-02-21T01:03:13Z INFO  gauge_mc_runner] Sampling 210/2000
[2024-02-21T01:03:36Z INFO  gauge_mc_runner] Sampling 220/2000
[2024-02-21T01:03:59Z INFO  gauge_mc_runner] Sampling 230/2000
[2024-02-21T01:04:23Z INFO  gauge_mc_runner] Sampling 240/2000
[2024-02-21T01:04:46Z INFO  gauge_mc_runner] Sampling 250/2000
[2024-02-21T01:05:10Z INFO  gauge_mc_runner] Sampling 260/2000
[2024-02-21T01:05:33Z INFO  gauge_mc_runner] Sampling 270/2000
[2024-02-21T01:05:56Z INFO  gauge_mc_runner] Sampling 280/2000
[2024-02-21T01:06:20Z INFO  gauge_mc_runner] Sampling 290/2000
[2024-02-21T01:06:43Z INFO  gauge_mc_runner] Sampling 300/2000
[2024-02-21T01:07:07Z INFO  gauge_mc_runner] Sampling 310/2000
[2024-02-21T01:07:30Z INFO  gauge_mc_runner] Sampling 320/2000
[2024-02-21T01:07:53Z INFO  gauge_mc_runner] Sampling 330/2000
[2024-02-21T01:08:17Z INFO  gauge_mc_runner] Sampling 340/2000
[2024-02-21T01:08:40Z INFO  gauge_mc_runner] Sampling 350/2000
[2024-02-21T01:09:04Z INFO  gauge_mc_runner] Sampling 360/2000
[2024-02-21T01:09:27Z INFO  gauge_mc_runner] Sampling 370/2000
[2024-02-21T01:09:50Z INFO  gauge_mc_runner] Sampling 380/2000
[2024-02-21T01:10:14Z INFO  gauge_mc_runner] Sampling 390/2000
[2024-02-21T01:10:37Z INFO  gauge_mc_runner] Sampling 400/2000
[2024-02-21T01:11:01Z INFO  gauge_mc_runner] Sampling 410/2000
[2024-02-21T01:11:24Z INFO  gauge_mc_runner] Sampling 420/2000
[2024-02-21T01:11:47Z INFO  gauge_mc_runner] Sampling 430/2000
[2024-02-21T01:12:11Z INFO  gauge_mc_runner] Sampling 440/2000
[2024-02-21T01:12:34Z INFO  gauge_mc_runner] Sampling 450/2000
[2024-02-21T01:12:57Z INFO  gauge_mc_runner] Sampling 460/2000
[2024-02-21T01:13:21Z INFO  gauge_mc_runner] Sampling 470/2000
[2024-02-21T01:13:44Z INFO  gauge_mc_runner] Sampling 480/2000
[2024-02-21T01:14:08Z INFO  gauge_mc_runner] Sampling 490/2000
[2024-02-21T01:14:31Z INFO  gauge_mc_runner] Sampling 500/2000
[2024-02-21T01:14:54Z INFO  gauge_mc_runner] Sampling 510/2000
[2024-02-21T01:15:18Z INFO  gauge_mc_runner] Sampling 520/2000
[2024-02-21T01:15:41Z INFO  gauge_mc_runner] Sampling 530/2000
[2024-02-21T01:16:05Z INFO  gauge_mc_runner] Sampling 540/2000
[2024-02-21T01:16:28Z INFO  gauge_mc_runner] Sampling 550/2000
[2024-02-21T01:16:51Z INFO  gauge_mc_runner] Sampling 560/2000
[2024-02-21T01:17:15Z INFO  gauge_mc_runner] Sampling 570/2000
[2024-02-21T01:17:38Z INFO  gauge_mc_runner] Sampling 580/2000
[2024-02-21T01:18:01Z INFO  gauge_mc_runner] Sampling 590/2000
[2024-02-21T01:18:25Z INFO  gauge_mc_runner] Sampling 600/2000
[2024-02-21T01:18:48Z INFO  gauge_mc_runner] Sampling 610/2000
[2024-02-21T01:19:12Z INFO  gauge_mc_runner] Sampling 620/2000
[2024-02-21T01:19:35Z INFO  gauge_mc_runner] Sampling 630/2000
[2024-02-21T01:19:58Z INFO  gauge_mc_runner] Sampling 640/2000
[2024-02-21T01:20:22Z INFO  gauge_mc_runner] Sampling 650/2000
[2024-02-21T01:20:45Z INFO  gauge_mc_runner] Sampling 660/2000
[2024-02-21T01:21:09Z INFO  gauge_mc_runner] Sampling 670/2000
[2024-02-21T01:21:32Z INFO  gauge_mc_runner] Sampling 680/2000
[2024-02-21T01:21:55Z INFO  gauge_mc_runner] Sampling 690/2000
[2024-02-21T01:22:19Z INFO  gauge_mc_runner] Sampling 700/2000
[2024-02-21T01:22:42Z INFO  gauge_mc_runner] Sampling 710/2000
[2024-02-21T01:23:06Z INFO  gauge_mc_runner] Sampling 720/2000
[2024-02-21T01:23:29Z INFO  gauge_mc_runner] Sampling 730/2000
[2024-02-21T01:23:52Z INFO  gauge_mc_runner] Sampling 740/2000
[2024-02-21T01:24:16Z INFO  gauge_mc_runner] Sampling 750/2000
[2024-02-21T01:24:39Z INFO  gauge_mc_runner] Sampling 760/2000
[2024-02-21T01:25:02Z INFO  gauge_mc_runner] Sampling 770/2000
[2024-02-21T01:25:26Z INFO  gauge_mc_runner] Sampling 780/2000
[2024-02-21T01:25:49Z INFO  gauge_mc_runner] Sampling 790/2000
[2024-02-21T01:26:13Z INFO  gauge_mc_runner] Sampling 800/2000
[2024-02-21T01:26:36Z INFO  gauge_mc_runner] Sampling 810/2000
[2024-02-21T01:26:59Z INFO  gauge_mc_runner] Sampling 820/2000
[2024-02-21T01:27:23Z INFO  gauge_mc_runner] Sampling 830/2000
[2024-02-21T01:27:46Z INFO  gauge_mc_runner] Sampling 840/2000
[2024-02-21T01:28:10Z INFO  gauge_mc_runner] Sampling 850/2000
[2024-02-21T01:28:33Z INFO  gauge_mc_runner] Sampling 860/2000
[2024-02-21T01:28:56Z INFO  gauge_mc_runner] Sampling 870/2000
[2024-02-21T01:29:20Z INFO  gauge_mc_runner] Sampling 880/2000
[2024-02-21T01:29:43Z INFO  gauge_mc_runner] Sampling 890/2000
[2024-02-21T01:30:06Z INFO  gauge_mc_runner] Sampling 900/2000
[2024-02-21T01:30:30Z INFO  gauge_mc_runner] Sampling 910/2000
[2024-02-21T01:30:53Z INFO  gauge_mc_runner] Sampling 920/2000
[2024-02-21T01:31:17Z INFO  gauge_mc_runner] Sampling 930/2000
[2024-02-21T01:31:40Z INFO  gauge_mc_runner] Sampling 940/2000
[2024-02-21T01:32:03Z INFO  gauge_mc_runner] Sampling 950/2000
[2024-02-21T01:32:27Z INFO  gauge_mc_runner] Sampling 960/2000
[2024-02-21T01:32:50Z INFO  gauge_mc_runner] Sampling 970/2000
[2024-02-21T01:33:14Z INFO  gauge_mc_runner] Sampling 980/2000
[2024-02-21T01:33:37Z INFO  gauge_mc_runner] Sampling 990/2000
[2024-02-21T01:34:00Z INFO  gauge_mc_runner] Sampling 1000/2000
[2024-02-21T01:34:24Z INFO  gauge_mc_runner] Sampling 1010/2000
[2024-02-21T01:34:47Z INFO  gauge_mc_runner] Sampling 1020/2000
[2024-02-21T01:35:11Z INFO  gauge_mc_runner] Sampling 1030/2000
[2024-02-21T01:35:34Z INFO  gauge_mc_runner] Sampling 1040/2000
[2024-02-21T01:35:57Z INFO  gauge_mc_runner] Sampling 1050/2000
[2024-02-21T01:36:21Z INFO  gauge_mc_runner] Sampling 1060/2000
[2024-02-21T01:36:44Z INFO  gauge_mc_runner] Sampling 1070/2000
[2024-02-21T01:37:08Z INFO  gauge_mc_runner] Sampling 1080/2000
[2024-02-21T01:37:31Z INFO  gauge_mc_runner] Sampling 1090/2000
[2024-02-21T01:37:54Z INFO  gauge_mc_runner] Sampling 1100/2000
[2024-02-21T01:38:18Z INFO  gauge_mc_runner] Sampling 1110/2000
[2024-02-21T01:38:41Z INFO  gauge_mc_runner] Sampling 1120/2000
[2024-02-21T01:39:05Z INFO  gauge_mc_runner] Sampling 1130/2000
[2024-02-21T01:39:28Z INFO  gauge_mc_runner] Sampling 1140/2000
[2024-02-21T01:39:51Z INFO  gauge_mc_runner] Sampling 1150/2000
[2024-02-21T01:40:15Z INFO  gauge_mc_runner] Sampling 1160/2000
[2024-02-21T01:40:38Z INFO  gauge_mc_runner] Sampling 1170/2000
[2024-02-21T01:41:02Z INFO  gauge_mc_runner] Sampling 1180/2000
[2024-02-21T01:41:25Z INFO  gauge_mc_runner] Sampling 1190/2000
[2024-02-21T01:41:48Z INFO  gauge_mc_runner] Sampling 1200/2000
[2024-02-21T01:42:12Z INFO  gauge_mc_runner] Sampling 1210/2000
[2024-02-21T01:42:35Z INFO  gauge_mc_runner] Sampling 1220/2000
[2024-02-21T01:42:59Z INFO  gauge_mc_runner] Sampling 1230/2000
[2024-02-21T01:43:22Z INFO  gauge_mc_runner] Sampling 1240/2000
[2024-02-21T01:43:45Z INFO  gauge_mc_runner] Sampling 1250/2000
[2024-02-21T01:44:09Z INFO  gauge_mc_runner] Sampling 1260/2000
[2024-02-21T01:44:32Z INFO  gauge_mc_runner] Sampling 1270/2000
[2024-02-21T01:44:55Z INFO  gauge_mc_runner] Sampling 1280/2000
[2024-02-21T01:45:19Z INFO  gauge_mc_runner] Sampling 1290/2000
[2024-02-21T01:45:42Z INFO  gauge_mc_runner] Sampling 1300/2000
[2024-02-21T01:46:06Z INFO  gauge_mc_runner] Sampling 1310/2000
[2024-02-21T01:46:29Z INFO  gauge_mc_runner] Sampling 1320/2000
[2024-02-21T01:46:52Z INFO  gauge_mc_runner] Sampling 1330/2000
[2024-02-21T01:47:16Z INFO  gauge_mc_runner] Sampling 1340/2000
[2024-02-21T01:47:39Z INFO  gauge_mc_runner] Sampling 1350/2000
[2024-02-21T01:48:03Z INFO  gauge_mc_runner] Sampling 1360/2000
[2024-02-21T01:48:26Z INFO  gauge_mc_runner] Sampling 1370/2000
[2024-02-21T01:48:49Z INFO  gauge_mc_runner] Sampling 1380/2000
[2024-02-21T01:49:13Z INFO  gauge_mc_runner] Sampling 1390/2000
[2024-02-21T01:49:36Z INFO  gauge_mc_runner] Sampling 1400/2000
[2024-02-21T01:49:59Z INFO  gauge_mc_runner] Sampling 1410/2000
[2024-02-21T01:50:23Z INFO  gauge_mc_runner] Sampling 1420/2000
[2024-02-21T01:50:46Z INFO  gauge_mc_runner] Sampling 1430/2000
[2024-02-21T01:51:10Z INFO  gauge_mc_runner] Sampling 1440/2000
[2024-02-21T01:51:33Z INFO  gauge_mc_runner] Sampling 1450/2000
[2024-02-21T01:51:56Z INFO  gauge_mc_runner] Sampling 1460/2000
[2024-02-21T01:52:20Z INFO  gauge_mc_runner] Sampling 1470/2000
[2024-02-21T01:52:43Z INFO  gauge_mc_runner] Sampling 1480/2000
[2024-02-21T01:53:06Z INFO  gauge_mc_runner] Sampling 1490/2000
[2024-02-21T01:53:30Z INFO  gauge_mc_runner] Sampling 1500/2000
[2024-02-21T01:53:53Z INFO  gauge_mc_runner] Sampling 1510/2000
[2024-02-21T01:54:17Z INFO  gauge_mc_runner] Sampling 1520/2000
[2024-02-21T01:54:40Z INFO  gauge_mc_runner] Sampling 1530/2000
[2024-02-21T01:55:03Z INFO  gauge_mc_runner] Sampling 1540/2000
[2024-02-21T01:55:27Z INFO  gauge_mc_runner] Sampling 1550/2000
[2024-02-21T01:55:50Z INFO  gauge_mc_runner] Sampling 1560/2000
[2024-02-21T01:56:14Z INFO  gauge_mc_runner] Sampling 1570/2000
[2024-02-21T01:56:37Z INFO  gauge_mc_runner] Sampling 1580/2000
[2024-02-21T01:57:00Z INFO  gauge_mc_runner] Sampling 1590/2000
[2024-02-21T01:57:24Z INFO  gauge_mc_runner] Sampling 1600/2000
[2024-02-21T01:57:47Z INFO  gauge_mc_runner] Sampling 1610/2000
[2024-02-21T01:58:11Z INFO  gauge_mc_runner] Sampling 1620/2000
[2024-02-21T01:58:34Z INFO  gauge_mc_runner] Sampling 1630/2000
[2024-02-21T01:58:57Z INFO  gauge_mc_runner] Sampling 1640/2000
[2024-02-21T01:59:21Z INFO  gauge_mc_runner] Sampling 1650/2000
[2024-02-21T01:59:44Z INFO  gauge_mc_runner] Sampling 1660/2000
[2024-02-21T02:00:08Z INFO  gauge_mc_runner] Sampling 1670/2000
[2024-02-21T02:00:31Z INFO  gauge_mc_runner] Sampling 1680/2000
[2024-02-21T02:00:55Z INFO  gauge_mc_runner] Sampling 1690/2000
[2024-02-21T02:01:18Z INFO  gauge_mc_runner] Sampling 1700/2000
[2024-02-21T02:01:41Z INFO  gauge_mc_runner] Sampling 1710/2000
[2024-02-21T02:02:05Z INFO  gauge_mc_runner] Sampling 1720/2000
[2024-02-21T02:02:28Z INFO  gauge_mc_runner] Sampling 1730/2000
[2024-02-21T02:02:51Z INFO  gauge_mc_runner] Sampling 1740/2000
[2024-02-21T02:03:15Z INFO  gauge_mc_runner] Sampling 1750/2000
[2024-02-21T02:03:38Z INFO  gauge_mc_runner] Sampling 1760/2000
[2024-02-21T02:04:02Z INFO  gauge_mc_runner] Sampling 1770/2000
[2024-02-21T02:04:25Z INFO  gauge_mc_runner] Sampling 1780/2000
[2024-02-21T02:04:48Z INFO  gauge_mc_runner] Sampling 1790/2000
[2024-02-21T02:05:12Z INFO  gauge_mc_runner] Sampling 1800/2000
[2024-02-21T02:05:35Z INFO  gauge_mc_runner] Sampling 1810/2000
[2024-02-21T02:05:59Z INFO  gauge_mc_runner] Sampling 1820/2000
[2024-02-21T02:06:22Z INFO  gauge_mc_runner] Sampling 1830/2000
[2024-02-21T02:06:45Z INFO  gauge_mc_runner] Sampling 1840/2000
[2024-02-21T02:07:09Z INFO  gauge_mc_runner] Sampling 1850/2000
[2024-02-21T02:07:32Z INFO  gauge_mc_runner] Sampling 1860/2000
[2024-02-21T02:07:55Z INFO  gauge_mc_runner] Sampling 1870/2000
[2024-02-21T02:08:19Z INFO  gauge_mc_runner] Sampling 1880/2000
[2024-02-21T02:08:42Z INFO  gauge_mc_runner] Sampling 1890/2000
[2024-02-21T02:09:06Z INFO  gauge_mc_runner] Sampling 1900/2000
[2024-02-21T02:09:29Z INFO  gauge_mc_runner] Sampling 1910/2000
[2024-02-21T02:09:52Z INFO  gauge_mc_runner] Sampling 1920/2000
[2024-02-21T02:10:16Z INFO  gauge_mc_runner] Sampling 1930/2000
[2024-02-21T02:10:39Z INFO  gauge_mc_runner] Sampling 1940/2000
[2024-02-21T02:11:03Z INFO  gauge_mc_runner] Sampling 1950/2000
[2024-02-21T02:11:26Z INFO  gauge_mc_runner] Sampling 1960/2000
[2024-02-21T02:11:49Z INFO  gauge_mc_runner] Sampling 1970/2000
[2024-02-21T02:12:13Z INFO  gauge_mc_runner] Sampling 1980/2000
[2024-02-21T02:12:36Z INFO  gauge_mc_runner] Sampling 1990/2000
[2024-02-21T02:13:00Z INFO  gauge_mc_runner] Done!
