warning: unused import: `DualState`
 --> src/main.rs:5:39
  |
5 | use gaugemc::{CudaBackend, CudaError, DualState, SiteIndex};
  |                                       ^^^^^^^^^
  |
  = note: `#[warn(unused_imports)]` on by default

warning: unused imports: `Array0`, `Array6`, `ArrayView1`, `ArrayView2`, `ArrayView3`
 --> src/main.rs:8:8
  |
8 |     s, Array0, Array1, Array2, Array3, Array6, ArrayView1, ArrayView2, ArrayView3, Axis,
  |        ^^^^^^                          ^^^^^^  ^^^^^^^^^^  ^^^^^^^^^^  ^^^^^^^^^^

warning: `gauge_mc_runner` (bin "gauge_mc_runner") generated 2 warnings (run `cargo fix --bin "gauge_mc_runner"` to apply 2 suggestions)
    Finished release [optimized] target(s) in 0.05s
     Running `target/release/gauge_mc_runner --klow 0.76 --khigh 0.79 -r 64 -N 2000 -w 100 -L 20 --config-output outputs/villain/L=20/out-k076-k079.yaml --output-winding -o outputs/villain/L=20/out-k076-k079.npz`
[2024-02-20T22:07:13Z INFO  gauge_mc_runner] Warmup 0/100
[2024-02-20T22:07:36Z INFO  gauge_mc_runner] Warmup 10/100
[2024-02-20T22:07:59Z INFO  gauge_mc_runner] Warmup 20/100
[2024-02-20T22:08:23Z INFO  gauge_mc_runner] Warmup 30/100
[2024-02-20T22:08:46Z INFO  gauge_mc_runner] Warmup 40/100
[2024-02-20T22:09:09Z INFO  gauge_mc_runner] Warmup 50/100
[2024-02-20T22:09:33Z INFO  gauge_mc_runner] Warmup 60/100
[2024-02-20T22:09:56Z INFO  gauge_mc_runner] Warmup 70/100
[2024-02-20T22:10:20Z INFO  gauge_mc_runner] Warmup 80/100
[2024-02-20T22:10:43Z INFO  gauge_mc_runner] Warmup 90/100
[2024-02-20T22:11:06Z INFO  gauge_mc_runner] Done!
[2024-02-20T22:11:06Z INFO  gauge_mc_runner] Sampling 0/2000
[2024-02-20T22:11:30Z INFO  gauge_mc_runner] Sampling 10/2000
[2024-02-20T22:11:53Z INFO  gauge_mc_runner] Sampling 20/2000
[2024-02-20T22:12:17Z INFO  gauge_mc_runner] Sampling 30/2000
[2024-02-20T22:12:40Z INFO  gauge_mc_runner] Sampling 40/2000
[2024-02-20T22:13:04Z INFO  gauge_mc_runner] Sampling 50/2000
[2024-02-20T22:13:27Z INFO  gauge_mc_runner] Sampling 60/2000
[2024-02-20T22:13:51Z INFO  gauge_mc_runner] Sampling 70/2000
[2024-02-20T22:14:14Z INFO  gauge_mc_runner] Sampling 80/2000
[2024-02-20T22:14:38Z INFO  gauge_mc_runner] Sampling 90/2000
[2024-02-20T22:15:01Z INFO  gauge_mc_runner] Sampling 100/2000
[2024-02-20T22:15:25Z INFO  gauge_mc_runner] Sampling 110/2000
[2024-02-20T22:15:48Z INFO  gauge_mc_runner] Sampling 120/2000
[2024-02-20T22:16:11Z INFO  gauge_mc_runner] Sampling 130/2000
[2024-02-20T22:16:35Z INFO  gauge_mc_runner] Sampling 140/2000
[2024-02-20T22:16:58Z INFO  gauge_mc_runner] Sampling 150/2000
[2024-02-20T22:17:22Z INFO  gauge_mc_runner] Sampling 160/2000
[2024-02-20T22:17:45Z INFO  gauge_mc_runner] Sampling 170/2000
[2024-02-20T22:18:09Z INFO  gauge_mc_runner] Sampling 180/2000
[2024-02-20T22:18:32Z INFO  gauge_mc_runner] Sampling 190/2000
[2024-02-20T22:18:56Z INFO  gauge_mc_runner] Sampling 200/2000
[2024-02-20T22:19:19Z INFO  gauge_mc_runner] Sampling 210/2000
[2024-02-20T22:19:42Z INFO  gauge_mc_runner] Sampling 220/2000
[2024-02-20T22:20:06Z INFO  gauge_mc_runner] Sampling 230/2000
[2024-02-20T22:20:29Z INFO  gauge_mc_runner] Sampling 240/2000
[2024-02-20T22:20:53Z INFO  gauge_mc_runner] Sampling 250/2000
[2024-02-20T22:21:16Z INFO  gauge_mc_runner] Sampling 260/2000
[2024-02-20T22:21:40Z INFO  gauge_mc_runner] Sampling 270/2000
[2024-02-20T22:22:03Z INFO  gauge_mc_runner] Sampling 280/2000
[2024-02-20T22:22:26Z INFO  gauge_mc_runner] Sampling 290/2000
[2024-02-20T22:22:50Z INFO  gauge_mc_runner] Sampling 300/2000
[2024-02-20T22:23:13Z INFO  gauge_mc_runner] Sampling 310/2000
[2024-02-20T22:23:37Z INFO  gauge_mc_runner] Sampling 320/2000
[2024-02-20T22:24:00Z INFO  gauge_mc_runner] Sampling 330/2000
[2024-02-20T22:24:24Z INFO  gauge_mc_runner] Sampling 340/2000
[2024-02-20T22:24:47Z INFO  gauge_mc_runner] Sampling 350/2000
[2024-02-20T22:25:11Z INFO  gauge_mc_runner] Sampling 360/2000
[2024-02-20T22:25:34Z INFO  gauge_mc_runner] Sampling 370/2000
[2024-02-20T22:25:57Z INFO  gauge_mc_runner] Sampling 380/2000
[2024-02-20T22:26:21Z INFO  gauge_mc_runner] Sampling 390/2000
[2024-02-20T22:26:44Z INFO  gauge_mc_runner] Sampling 400/2000
[2024-02-20T22:27:08Z INFO  gauge_mc_runner] Sampling 410/2000
[2024-02-20T22:27:31Z INFO  gauge_mc_runner] Sampling 420/2000
[2024-02-20T22:27:55Z INFO  gauge_mc_runner] Sampling 430/2000
[2024-02-20T22:28:18Z INFO  gauge_mc_runner] Sampling 440/2000
[2024-02-20T22:28:41Z INFO  gauge_mc_runner] Sampling 450/2000
[2024-02-20T22:29:05Z INFO  gauge_mc_runner] Sampling 460/2000
[2024-02-20T22:29:28Z INFO  gauge_mc_runner] Sampling 470/2000
[2024-02-20T22:29:52Z INFO  gauge_mc_runner] Sampling 480/2000
[2024-02-20T22:30:15Z INFO  gauge_mc_runner] Sampling 490/2000
[2024-02-20T22:30:39Z INFO  gauge_mc_runner] Sampling 500/2000
[2024-02-20T22:31:02Z INFO  gauge_mc_runner] Sampling 510/2000
[2024-02-20T22:31:26Z INFO  gauge_mc_runner] Sampling 520/2000
[2024-02-20T22:31:49Z INFO  gauge_mc_runner] Sampling 530/2000
[2024-02-20T22:32:13Z INFO  gauge_mc_runner] Sampling 540/2000
[2024-02-20T22:32:36Z INFO  gauge_mc_runner] Sampling 550/2000
[2024-02-20T22:32:59Z INFO  gauge_mc_runner] Sampling 560/2000
[2024-02-20T22:33:23Z INFO  gauge_mc_runner] Sampling 570/2000
[2024-02-20T22:33:46Z INFO  gauge_mc_runner] Sampling 580/2000
[2024-02-20T22:34:10Z INFO  gauge_mc_runner] Sampling 590/2000
[2024-02-20T22:34:33Z INFO  gauge_mc_runner] Sampling 600/2000
[2024-02-20T22:34:57Z INFO  gauge_mc_runner] Sampling 610/2000
[2024-02-20T22:35:20Z INFO  gauge_mc_runner] Sampling 620/2000
[2024-02-20T22:35:43Z INFO  gauge_mc_runner] Sampling 630/2000
[2024-02-20T22:36:07Z INFO  gauge_mc_runner] Sampling 640/2000
[2024-02-20T22:36:30Z INFO  gauge_mc_runner] Sampling 650/2000
[2024-02-20T22:36:54Z INFO  gauge_mc_runner] Sampling 660/2000
[2024-02-20T22:37:17Z INFO  gauge_mc_runner] Sampling 670/2000
[2024-02-20T22:37:41Z INFO  gauge_mc_runner] Sampling 680/2000
[2024-02-20T22:38:04Z INFO  gauge_mc_runner] Sampling 690/2000
[2024-02-20T22:38:27Z INFO  gauge_mc_runner] Sampling 700/2000
[2024-02-20T22:38:51Z INFO  gauge_mc_runner] Sampling 710/2000
[2024-02-20T22:39:14Z INFO  gauge_mc_runner] Sampling 720/2000
[2024-02-20T22:39:38Z INFO  gauge_mc_runner] Sampling 730/2000
[2024-02-20T22:40:01Z INFO  gauge_mc_runner] Sampling 740/2000
[2024-02-20T22:40:25Z INFO  gauge_mc_runner] Sampling 750/2000
[2024-02-20T22:40:48Z INFO  gauge_mc_runner] Sampling 760/2000
[2024-02-20T22:41:11Z INFO  gauge_mc_runner] Sampling 770/2000
[2024-02-20T22:41:35Z INFO  gauge_mc_runner] Sampling 780/2000
[2024-02-20T22:41:58Z INFO  gauge_mc_runner] Sampling 790/2000
[2024-02-20T22:42:22Z INFO  gauge_mc_runner] Sampling 800/2000
[2024-02-20T22:42:45Z INFO  gauge_mc_runner] Sampling 810/2000
[2024-02-20T22:43:09Z INFO  gauge_mc_runner] Sampling 820/2000
[2024-02-20T22:43:32Z INFO  gauge_mc_runner] Sampling 830/2000
[2024-02-20T22:43:55Z INFO  gauge_mc_runner] Sampling 840/2000
[2024-02-20T22:44:19Z INFO  gauge_mc_runner] Sampling 850/2000
[2024-02-20T22:44:42Z INFO  gauge_mc_runner] Sampling 860/2000
[2024-02-20T22:45:06Z INFO  gauge_mc_runner] Sampling 870/2000
[2024-02-20T22:45:29Z INFO  gauge_mc_runner] Sampling 880/2000
[2024-02-20T22:45:53Z INFO  gauge_mc_runner] Sampling 890/2000
[2024-02-20T22:46:16Z INFO  gauge_mc_runner] Sampling 900/2000
[2024-02-20T22:46:39Z INFO  gauge_mc_runner] Sampling 910/2000
[2024-02-20T22:47:03Z INFO  gauge_mc_runner] Sampling 920/2000
[2024-02-20T22:47:26Z INFO  gauge_mc_runner] Sampling 930/2000
[2024-02-20T22:47:50Z INFO  gauge_mc_runner] Sampling 940/2000
[2024-02-20T22:48:13Z INFO  gauge_mc_runner] Sampling 950/2000
[2024-02-20T22:48:37Z INFO  gauge_mc_runner] Sampling 960/2000
[2024-02-20T22:49:00Z INFO  gauge_mc_runner] Sampling 970/2000
[2024-02-20T22:49:23Z INFO  gauge_mc_runner] Sampling 980/2000
[2024-02-20T22:49:47Z INFO  gauge_mc_runner] Sampling 990/2000
[2024-02-20T22:50:10Z INFO  gauge_mc_runner] Sampling 1000/2000
[2024-02-20T22:50:34Z INFO  gauge_mc_runner] Sampling 1010/2000
[2024-02-20T22:50:57Z INFO  gauge_mc_runner] Sampling 1020/2000
[2024-02-20T22:51:20Z INFO  gauge_mc_runner] Sampling 1030/2000
[2024-02-20T22:51:44Z INFO  gauge_mc_runner] Sampling 1040/2000
[2024-02-20T22:52:07Z INFO  gauge_mc_runner] Sampling 1050/2000
[2024-02-20T22:52:31Z INFO  gauge_mc_runner] Sampling 1060/2000
[2024-02-20T22:52:54Z INFO  gauge_mc_runner] Sampling 1070/2000
[2024-02-20T22:53:18Z INFO  gauge_mc_runner] Sampling 1080/2000
[2024-02-20T22:53:41Z INFO  gauge_mc_runner] Sampling 1090/2000
[2024-02-20T22:54:04Z INFO  gauge_mc_runner] Sampling 1100/2000
[2024-02-20T22:54:28Z INFO  gauge_mc_runner] Sampling 1110/2000
[2024-02-20T22:54:51Z INFO  gauge_mc_runner] Sampling 1120/2000
[2024-02-20T22:55:15Z INFO  gauge_mc_runner] Sampling 1130/2000
[2024-02-20T22:55:38Z INFO  gauge_mc_runner] Sampling 1140/2000
[2024-02-20T22:56:02Z INFO  gauge_mc_runner] Sampling 1150/2000
[2024-02-20T22:56:25Z INFO  gauge_mc_runner] Sampling 1160/2000
[2024-02-20T22:56:48Z INFO  gauge_mc_runner] Sampling 1170/2000
[2024-02-20T22:57:12Z INFO  gauge_mc_runner] Sampling 1180/2000
[2024-02-20T22:57:35Z INFO  gauge_mc_runner] Sampling 1190/2000
[2024-02-20T22:57:59Z INFO  gauge_mc_runner] Sampling 1200/2000
[2024-02-20T22:58:22Z INFO  gauge_mc_runner] Sampling 1210/2000
[2024-02-20T22:58:46Z INFO  gauge_mc_runner] Sampling 1220/2000
[2024-02-20T22:59:09Z INFO  gauge_mc_runner] Sampling 1230/2000
[2024-02-20T22:59:32Z INFO  gauge_mc_runner] Sampling 1240/2000
[2024-02-20T22:59:56Z INFO  gauge_mc_runner] Sampling 1250/2000
[2024-02-20T23:00:19Z INFO  gauge_mc_runner] Sampling 1260/2000
[2024-02-20T23:00:43Z INFO  gauge_mc_runner] Sampling 1270/2000
[2024-02-20T23:01:06Z INFO  gauge_mc_runner] Sampling 1280/2000
[2024-02-20T23:01:30Z INFO  gauge_mc_runner] Sampling 1290/2000
[2024-02-20T23:01:53Z INFO  gauge_mc_runner] Sampling 1300/2000
[2024-02-20T23:02:16Z INFO  gauge_mc_runner] Sampling 1310/2000
[2024-02-20T23:02:40Z INFO  gauge_mc_runner] Sampling 1320/2000
[2024-02-20T23:03:03Z INFO  gauge_mc_runner] Sampling 1330/2000
[2024-02-20T23:03:27Z INFO  gauge_mc_runner] Sampling 1340/2000
[2024-02-20T23:03:50Z INFO  gauge_mc_runner] Sampling 1350/2000
[2024-02-20T23:04:13Z INFO  gauge_mc_runner] Sampling 1360/2000
[2024-02-20T23:04:37Z INFO  gauge_mc_runner] Sampling 1370/2000
[2024-02-20T23:05:00Z INFO  gauge_mc_runner] Sampling 1380/2000
[2024-02-20T23:05:24Z INFO  gauge_mc_runner] Sampling 1390/2000
[2024-02-20T23:05:47Z INFO  gauge_mc_runner] Sampling 1400/2000
[2024-02-20T23:06:11Z INFO  gauge_mc_runner] Sampling 1410/2000
[2024-02-20T23:06:34Z INFO  gauge_mc_runner] Sampling 1420/2000
[2024-02-20T23:06:57Z INFO  gauge_mc_runner] Sampling 1430/2000
[2024-02-20T23:07:21Z INFO  gauge_mc_runner] Sampling 1440/2000
[2024-02-20T23:07:44Z INFO  gauge_mc_runner] Sampling 1450/2000
[2024-02-20T23:08:08Z INFO  gauge_mc_runner] Sampling 1460/2000
[2024-02-20T23:08:31Z INFO  gauge_mc_runner] Sampling 1470/2000
[2024-02-20T23:08:55Z INFO  gauge_mc_runner] Sampling 1480/2000
[2024-02-20T23:09:18Z INFO  gauge_mc_runner] Sampling 1490/2000
[2024-02-20T23:09:41Z INFO  gauge_mc_runner] Sampling 1500/2000
[2024-02-20T23:10:05Z INFO  gauge_mc_runner] Sampling 1510/2000
[2024-02-20T23:10:28Z INFO  gauge_mc_runner] Sampling 1520/2000
[2024-02-20T23:10:52Z INFO  gauge_mc_runner] Sampling 1530/2000
[2024-02-20T23:11:15Z INFO  gauge_mc_runner] Sampling 1540/2000
[2024-02-20T23:11:39Z INFO  gauge_mc_runner] Sampling 1550/2000
[2024-02-20T23:12:02Z INFO  gauge_mc_runner] Sampling 1560/2000
[2024-02-20T23:12:25Z INFO  gauge_mc_runner] Sampling 1570/2000
[2024-02-20T23:12:49Z INFO  gauge_mc_runner] Sampling 1580/2000
[2024-02-20T23:13:12Z INFO  gauge_mc_runner] Sampling 1590/2000
[2024-02-20T23:13:36Z INFO  gauge_mc_runner] Sampling 1600/2000
[2024-02-20T23:13:59Z INFO  gauge_mc_runner] Sampling 1610/2000
[2024-02-20T23:14:23Z INFO  gauge_mc_runner] Sampling 1620/2000
[2024-02-20T23:14:46Z INFO  gauge_mc_runner] Sampling 1630/2000
[2024-02-20T23:15:09Z INFO  gauge_mc_runner] Sampling 1640/2000
[2024-02-20T23:15:33Z INFO  gauge_mc_runner] Sampling 1650/2000
[2024-02-20T23:15:56Z INFO  gauge_mc_runner] Sampling 1660/2000
[2024-02-20T23:16:20Z INFO  gauge_mc_runner] Sampling 1670/2000
[2024-02-20T23:16:43Z INFO  gauge_mc_runner] Sampling 1680/2000
[2024-02-20T23:17:07Z INFO  gauge_mc_runner] Sampling 1690/2000
[2024-02-20T23:17:30Z INFO  gauge_mc_runner] Sampling 1700/2000
[2024-02-20T23:17:53Z INFO  gauge_mc_runner] Sampling 1710/2000
[2024-02-20T23:18:17Z INFO  gauge_mc_runner] Sampling 1720/2000
[2024-02-20T23:18:40Z INFO  gauge_mc_runner] Sampling 1730/2000
[2024-02-20T23:19:04Z INFO  gauge_mc_runner] Sampling 1740/2000
[2024-02-20T23:19:27Z INFO  gauge_mc_runner] Sampling 1750/2000
[2024-02-20T23:19:51Z INFO  gauge_mc_runner] Sampling 1760/2000
[2024-02-20T23:20:14Z INFO  gauge_mc_runner] Sampling 1770/2000
[2024-02-20T23:20:37Z INFO  gauge_mc_runner] Sampling 1780/2000
[2024-02-20T23:21:01Z INFO  gauge_mc_runner] Sampling 1790/2000
[2024-02-20T23:21:24Z INFO  gauge_mc_runner] Sampling 1800/2000
[2024-02-20T23:21:48Z INFO  gauge_mc_runner] Sampling 1810/2000
[2024-02-20T23:22:11Z INFO  gauge_mc_runner] Sampling 1820/2000
[2024-02-20T23:22:35Z INFO  gauge_mc_runner] Sampling 1830/2000
[2024-02-20T23:22:58Z INFO  gauge_mc_runner] Sampling 1840/2000
[2024-02-20T23:23:21Z INFO  gauge_mc_runner] Sampling 1850/2000
[2024-02-20T23:23:45Z INFO  gauge_mc_runner] Sampling 1860/2000
[2024-02-20T23:24:08Z INFO  gauge_mc_runner] Sampling 1870/2000
[2024-02-20T23:24:32Z INFO  gauge_mc_runner] Sampling 1880/2000
[2024-02-20T23:24:55Z INFO  gauge_mc_runner] Sampling 1890/2000
[2024-02-20T23:25:19Z INFO  gauge_mc_runner] Sampling 1900/2000
[2024-02-20T23:25:42Z INFO  gauge_mc_runner] Sampling 1910/2000
[2024-02-20T23:26:05Z INFO  gauge_mc_runner] Sampling 1920/2000
[2024-02-20T23:26:29Z INFO  gauge_mc_runner] Sampling 1930/2000
[2024-02-20T23:26:52Z INFO  gauge_mc_runner] Sampling 1940/2000
[2024-02-20T23:27:16Z INFO  gauge_mc_runner] Sampling 1950/2000
[2024-02-20T23:27:39Z INFO  gauge_mc_runner] Sampling 1960/2000
[2024-02-20T23:28:02Z INFO  gauge_mc_runner] Sampling 1970/2000
[2024-02-20T23:28:26Z INFO  gauge_mc_runner] Sampling 1980/2000
[2024-02-20T23:28:49Z INFO  gauge_mc_runner] Sampling 1990/2000
[2024-02-20T23:29:13Z INFO  gauge_mc_runner] Done!
