warning: unused import: `DualState`
 --> src/main.rs:5:39
  |
5 | use gaugemc::{CudaBackend, CudaError, DualState, SiteIndex};
  |                                       ^^^^^^^^^
  |
  = note: `#[warn(unused_imports)]` on by default

warning: unused imports: `Array0`, `Array6`, `ArrayView1`, `ArrayView2`, `ArrayView3`
 --> src/main.rs:8:8
  |
8 |     s, Array0, Array1, Array2, Array3, Array6, ArrayView1, ArrayView2, ArrayView3, Axis,
  |        ^^^^^^                          ^^^^^^  ^^^^^^^^^^  ^^^^^^^^^^  ^^^^^^^^^^

warning: `gauge_mc_runner` (bin "gauge_mc_runner") generated 2 warnings (run `cargo fix --bin "gauge_mc_runner"` to apply 2 suggestions)
    Finished release [optimized] target(s) in 0.05s
     Running `target/release/gauge_mc_runner --klow 0.77 --khigh 0.78 -r 64 -N 2000 -w 100 -L 24 --config-output outputs/villain/L=24/out-k077-k078.yaml --output-winding -o outputs/villain/L=24/out-k077-k078.npz`
[2024-02-21T08:00:20Z INFO  gauge_mc_runner] Warmup 0/100
[2024-02-21T08:01:09Z INFO  gauge_mc_runner] Warmup 10/100
[2024-02-21T08:01:59Z INFO  gauge_mc_runner] Warmup 20/100
[2024-02-21T08:02:48Z INFO  gauge_mc_runner] Warmup 30/100
[2024-02-21T08:03:38Z INFO  gauge_mc_runner] Warmup 40/100
[2024-02-21T08:04:27Z INFO  gauge_mc_runner] Warmup 50/100
[2024-02-21T08:05:17Z INFO  gauge_mc_runner] Warmup 60/100
[2024-02-21T08:06:06Z INFO  gauge_mc_runner] Warmup 70/100
[2024-02-21T08:06:56Z INFO  gauge_mc_runner] Warmup 80/100
[2024-02-21T08:07:45Z INFO  gauge_mc_runner] Warmup 90/100
[2024-02-21T08:08:35Z INFO  gauge_mc_runner] Done!
[2024-02-21T08:08:35Z INFO  gauge_mc_runner] Sampling 0/2000
[2024-02-21T08:09:24Z INFO  gauge_mc_runner] Sampling 10/2000
[2024-02-21T08:10:14Z INFO  gauge_mc_runner] Sampling 20/2000
[2024-02-21T08:11:04Z INFO  gauge_mc_runner] Sampling 30/2000
[2024-02-21T08:11:53Z INFO  gauge_mc_runner] Sampling 40/2000
[2024-02-21T08:12:43Z INFO  gauge_mc_runner] Sampling 50/2000
[2024-02-21T08:13:32Z INFO  gauge_mc_runner] Sampling 60/2000
[2024-02-21T08:14:22Z INFO  gauge_mc_runner] Sampling 70/2000
[2024-02-21T08:15:12Z INFO  gauge_mc_runner] Sampling 80/2000
[2024-02-21T08:16:01Z INFO  gauge_mc_runner] Sampling 90/2000
[2024-02-21T08:16:51Z INFO  gauge_mc_runner] Sampling 100/2000
[2024-02-21T08:17:40Z INFO  gauge_mc_runner] Sampling 110/2000
[2024-02-21T08:18:30Z INFO  gauge_mc_runner] Sampling 120/2000
[2024-02-21T08:19:20Z INFO  gauge_mc_runner] Sampling 130/2000
[2024-02-21T08:20:09Z INFO  gauge_mc_runner] Sampling 140/2000
[2024-02-21T08:20:59Z INFO  gauge_mc_runner] Sampling 150/2000
[2024-02-21T08:21:49Z INFO  gauge_mc_runner] Sampling 160/2000
[2024-02-21T08:22:38Z INFO  gauge_mc_runner] Sampling 170/2000
[2024-02-21T08:23:28Z INFO  gauge_mc_runner] Sampling 180/2000
[2024-02-21T08:24:17Z INFO  gauge_mc_runner] Sampling 190/2000
[2024-02-21T08:25:07Z INFO  gauge_mc_runner] Sampling 200/2000
[2024-02-21T08:25:57Z INFO  gauge_mc_runner] Sampling 210/2000
[2024-02-21T08:26:46Z INFO  gauge_mc_runner] Sampling 220/2000
[2024-02-21T08:27:36Z INFO  gauge_mc_runner] Sampling 230/2000
[2024-02-21T08:28:25Z INFO  gauge_mc_runner] Sampling 240/2000
[2024-02-21T08:29:15Z INFO  gauge_mc_runner] Sampling 250/2000
[2024-02-21T08:30:05Z INFO  gauge_mc_runner] Sampling 260/2000
[2024-02-21T08:30:54Z INFO  gauge_mc_runner] Sampling 270/2000
[2024-02-21T08:31:44Z INFO  gauge_mc_runner] Sampling 280/2000
[2024-02-21T08:32:33Z INFO  gauge_mc_runner] Sampling 290/2000
[2024-02-21T08:33:23Z INFO  gauge_mc_runner] Sampling 300/2000
[2024-02-21T08:34:13Z INFO  gauge_mc_runner] Sampling 310/2000
[2024-02-21T08:35:02Z INFO  gauge_mc_runner] Sampling 320/2000
[2024-02-21T08:35:52Z INFO  gauge_mc_runner] Sampling 330/2000
[2024-02-21T08:36:41Z INFO  gauge_mc_runner] Sampling 340/2000
[2024-02-21T08:37:31Z INFO  gauge_mc_runner] Sampling 350/2000
[2024-02-21T08:38:21Z INFO  gauge_mc_runner] Sampling 360/2000
[2024-02-21T08:39:10Z INFO  gauge_mc_runner] Sampling 370/2000
[2024-02-21T08:40:00Z INFO  gauge_mc_runner] Sampling 380/2000
[2024-02-21T08:40:49Z INFO  gauge_mc_runner] Sampling 390/2000
[2024-02-21T08:41:39Z INFO  gauge_mc_runner] Sampling 400/2000
[2024-02-21T08:42:29Z INFO  gauge_mc_runner] Sampling 410/2000
[2024-02-21T08:43:18Z INFO  gauge_mc_runner] Sampling 420/2000
[2024-02-21T08:44:08Z INFO  gauge_mc_runner] Sampling 430/2000
[2024-02-21T08:44:57Z INFO  gauge_mc_runner] Sampling 440/2000
[2024-02-21T08:45:47Z INFO  gauge_mc_runner] Sampling 450/2000
[2024-02-21T08:46:37Z INFO  gauge_mc_runner] Sampling 460/2000
[2024-02-21T08:47:26Z INFO  gauge_mc_runner] Sampling 470/2000
[2024-02-21T08:48:16Z INFO  gauge_mc_runner] Sampling 480/2000
[2024-02-21T08:49:05Z INFO  gauge_mc_runner] Sampling 490/2000
[2024-02-21T08:49:55Z INFO  gauge_mc_runner] Sampling 500/2000
[2024-02-21T08:50:45Z INFO  gauge_mc_runner] Sampling 510/2000
[2024-02-21T08:51:34Z INFO  gauge_mc_runner] Sampling 520/2000
[2024-02-21T08:52:24Z INFO  gauge_mc_runner] Sampling 530/2000
[2024-02-21T08:53:13Z INFO  gauge_mc_runner] Sampling 540/2000
[2024-02-21T08:54:03Z INFO  gauge_mc_runner] Sampling 550/2000
[2024-02-21T08:54:53Z INFO  gauge_mc_runner] Sampling 560/2000
[2024-02-21T08:55:42Z INFO  gauge_mc_runner] Sampling 570/2000
[2024-02-21T08:56:32Z INFO  gauge_mc_runner] Sampling 580/2000
[2024-02-21T08:57:21Z INFO  gauge_mc_runner] Sampling 590/2000
[2024-02-21T08:58:11Z INFO  gauge_mc_runner] Sampling 600/2000
[2024-02-21T08:59:01Z INFO  gauge_mc_runner] Sampling 610/2000
[2024-02-21T08:59:50Z INFO  gauge_mc_runner] Sampling 620/2000
[2024-02-21T09:00:40Z INFO  gauge_mc_runner] Sampling 630/2000
[2024-02-21T09:01:29Z INFO  gauge_mc_runner] Sampling 640/2000
[2024-02-21T09:02:19Z INFO  gauge_mc_runner] Sampling 650/2000
[2024-02-21T09:03:09Z INFO  gauge_mc_runner] Sampling 660/2000
[2024-02-21T09:03:58Z INFO  gauge_mc_runner] Sampling 670/2000
[2024-02-21T09:04:48Z INFO  gauge_mc_runner] Sampling 680/2000
[2024-02-21T09:05:38Z INFO  gauge_mc_runner] Sampling 690/2000
[2024-02-21T09:06:27Z INFO  gauge_mc_runner] Sampling 700/2000
[2024-02-21T09:07:17Z INFO  gauge_mc_runner] Sampling 710/2000
[2024-02-21T09:08:06Z INFO  gauge_mc_runner] Sampling 720/2000
[2024-02-21T09:08:56Z INFO  gauge_mc_runner] Sampling 730/2000
[2024-02-21T09:09:46Z INFO  gauge_mc_runner] Sampling 740/2000
[2024-02-21T09:10:35Z INFO  gauge_mc_runner] Sampling 750/2000
[2024-02-21T09:11:25Z INFO  gauge_mc_runner] Sampling 760/2000
[2024-02-21T09:12:14Z INFO  gauge_mc_runner] Sampling 770/2000
[2024-02-21T09:13:04Z INFO  gauge_mc_runner] Sampling 780/2000
[2024-02-21T09:13:54Z INFO  gauge_mc_runner] Sampling 790/2000
[2024-02-21T09:14:43Z INFO  gauge_mc_runner] Sampling 800/2000
[2024-02-21T09:15:33Z INFO  gauge_mc_runner] Sampling 810/2000
[2024-02-21T09:16:22Z INFO  gauge_mc_runner] Sampling 820/2000
[2024-02-21T09:17:12Z INFO  gauge_mc_runner] Sampling 830/2000
[2024-02-21T09:18:02Z INFO  gauge_mc_runner] Sampling 840/2000
[2024-02-21T09:18:51Z INFO  gauge_mc_runner] Sampling 850/2000
[2024-02-21T09:19:41Z INFO  gauge_mc_runner] Sampling 860/2000
[2024-02-21T09:20:30Z INFO  gauge_mc_runner] Sampling 870/2000
[2024-02-21T09:21:20Z INFO  gauge_mc_runner] Sampling 880/2000
[2024-02-21T09:22:10Z INFO  gauge_mc_runner] Sampling 890/2000
[2024-02-21T09:22:59Z INFO  gauge_mc_runner] Sampling 900/2000
[2024-02-21T09:23:49Z INFO  gauge_mc_runner] Sampling 910/2000
[2024-02-21T09:24:38Z INFO  gauge_mc_runner] Sampling 920/2000
[2024-02-21T09:25:28Z INFO  gauge_mc_runner] Sampling 930/2000
[2024-02-21T09:26:17Z INFO  gauge_mc_runner] Sampling 940/2000
[2024-02-21T09:27:07Z INFO  gauge_mc_runner] Sampling 950/2000
[2024-02-21T09:27:57Z INFO  gauge_mc_runner] Sampling 960/2000
[2024-02-21T09:28:46Z INFO  gauge_mc_runner] Sampling 970/2000
[2024-02-21T09:29:36Z INFO  gauge_mc_runner] Sampling 980/2000
[2024-02-21T09:30:25Z INFO  gauge_mc_runner] Sampling 990/2000
[2024-02-21T09:31:15Z INFO  gauge_mc_runner] Sampling 1000/2000
[2024-02-21T09:32:05Z INFO  gauge_mc_runner] Sampling 1010/2000
[2024-02-21T09:32:54Z INFO  gauge_mc_runner] Sampling 1020/2000
[2024-02-21T09:33:44Z INFO  gauge_mc_runner] Sampling 1030/2000
[2024-02-21T09:34:34Z INFO  gauge_mc_runner] Sampling 1040/2000
[2024-02-21T09:35:23Z INFO  gauge_mc_runner] Sampling 1050/2000
[2024-02-21T09:36:13Z INFO  gauge_mc_runner] Sampling 1060/2000
[2024-02-21T09:37:02Z INFO  gauge_mc_runner] Sampling 1070/2000
[2024-02-21T09:37:52Z INFO  gauge_mc_runner] Sampling 1080/2000
[2024-02-21T09:38:42Z INFO  gauge_mc_runner] Sampling 1090/2000
[2024-02-21T09:39:31Z INFO  gauge_mc_runner] Sampling 1100/2000
[2024-02-21T09:40:21Z INFO  gauge_mc_runner] Sampling 1110/2000
[2024-02-21T09:41:10Z INFO  gauge_mc_runner] Sampling 1120/2000
[2024-02-21T09:42:00Z INFO  gauge_mc_runner] Sampling 1130/2000
[2024-02-21T09:42:50Z INFO  gauge_mc_runner] Sampling 1140/2000
[2024-02-21T09:43:39Z INFO  gauge_mc_runner] Sampling 1150/2000
[2024-02-21T09:44:29Z INFO  gauge_mc_runner] Sampling 1160/2000
[2024-02-21T09:45:18Z INFO  gauge_mc_runner] Sampling 1170/2000
[2024-02-21T09:46:08Z INFO  gauge_mc_runner] Sampling 1180/2000
[2024-02-21T09:46:58Z INFO  gauge_mc_runner] Sampling 1190/2000
[2024-02-21T09:47:47Z INFO  gauge_mc_runner] Sampling 1200/2000
[2024-02-21T09:48:37Z INFO  gauge_mc_runner] Sampling 1210/2000
[2024-02-21T09:49:26Z INFO  gauge_mc_runner] Sampling 1220/2000
[2024-02-21T09:50:16Z INFO  gauge_mc_runner] Sampling 1230/2000
[2024-02-21T09:51:06Z INFO  gauge_mc_runner] Sampling 1240/2000
[2024-02-21T09:51:55Z INFO  gauge_mc_runner] Sampling 1250/2000
[2024-02-21T09:52:45Z INFO  gauge_mc_runner] Sampling 1260/2000
[2024-02-21T09:53:34Z INFO  gauge_mc_runner] Sampling 1270/2000
[2024-02-21T09:54:24Z INFO  gauge_mc_runner] Sampling 1280/2000
[2024-02-21T09:55:14Z INFO  gauge_mc_runner] Sampling 1290/2000
[2024-02-21T09:56:03Z INFO  gauge_mc_runner] Sampling 1300/2000
[2024-02-21T09:56:53Z INFO  gauge_mc_runner] Sampling 1310/2000
[2024-02-21T09:57:42Z INFO  gauge_mc_runner] Sampling 1320/2000
[2024-02-21T09:58:32Z INFO  gauge_mc_runner] Sampling 1330/2000
[2024-02-21T09:59:22Z INFO  gauge_mc_runner] Sampling 1340/2000
[2024-02-21T10:00:11Z INFO  gauge_mc_runner] Sampling 1350/2000
[2024-02-21T10:01:01Z INFO  gauge_mc_runner] Sampling 1360/2000
[2024-02-21T10:01:50Z INFO  gauge_mc_runner] Sampling 1370/2000
[2024-02-21T10:02:40Z INFO  gauge_mc_runner] Sampling 1380/2000
[2024-02-21T10:03:30Z INFO  gauge_mc_runner] Sampling 1390/2000
[2024-02-21T10:04:19Z INFO  gauge_mc_runner] Sampling 1400/2000
[2024-02-21T10:05:09Z INFO  gauge_mc_runner] Sampling 1410/2000
[2024-02-21T10:05:58Z INFO  gauge_mc_runner] Sampling 1420/2000
[2024-02-21T10:06:48Z INFO  gauge_mc_runner] Sampling 1430/2000
[2024-02-21T10:07:38Z INFO  gauge_mc_runner] Sampling 1440/2000
[2024-02-21T10:08:27Z INFO  gauge_mc_runner] Sampling 1450/2000
[2024-02-21T10:09:17Z INFO  gauge_mc_runner] Sampling 1460/2000
[2024-02-21T10:10:06Z INFO  gauge_mc_runner] Sampling 1470/2000
[2024-02-21T10:10:56Z INFO  gauge_mc_runner] Sampling 1480/2000
[2024-02-21T10:11:46Z INFO  gauge_mc_runner] Sampling 1490/2000
[2024-02-21T10:12:35Z INFO  gauge_mc_runner] Sampling 1500/2000
[2024-02-21T10:13:25Z INFO  gauge_mc_runner] Sampling 1510/2000
[2024-02-21T10:14:14Z INFO  gauge_mc_runner] Sampling 1520/2000
[2024-02-21T10:15:04Z INFO  gauge_mc_runner] Sampling 1530/2000
[2024-02-21T10:15:54Z INFO  gauge_mc_runner] Sampling 1540/2000
[2024-02-21T10:16:43Z INFO  gauge_mc_runner] Sampling 1550/2000
[2024-02-21T10:17:33Z INFO  gauge_mc_runner] Sampling 1560/2000
[2024-02-21T10:18:22Z INFO  gauge_mc_runner] Sampling 1570/2000
[2024-02-21T10:19:12Z INFO  gauge_mc_runner] Sampling 1580/2000
[2024-02-21T10:20:02Z INFO  gauge_mc_runner] Sampling 1590/2000
[2024-02-21T10:20:51Z INFO  gauge_mc_runner] Sampling 1600/2000
[2024-02-21T10:21:41Z INFO  gauge_mc_runner] Sampling 1610/2000
[2024-02-21T10:22:30Z INFO  gauge_mc_runner] Sampling 1620/2000
[2024-02-21T10:23:20Z INFO  gauge_mc_runner] Sampling 1630/2000
[2024-02-21T10:24:10Z INFO  gauge_mc_runner] Sampling 1640/2000
[2024-02-21T10:24:59Z INFO  gauge_mc_runner] Sampling 1650/2000
[2024-02-21T10:25:49Z INFO  gauge_mc_runner] Sampling 1660/2000
[2024-02-21T10:26:38Z INFO  gauge_mc_runner] Sampling 1670/2000
[2024-02-21T10:27:28Z INFO  gauge_mc_runner] Sampling 1680/2000
[2024-02-21T10:28:18Z INFO  gauge_mc_runner] Sampling 1690/2000
[2024-02-21T10:29:07Z INFO  gauge_mc_runner] Sampling 1700/2000
[2024-02-21T10:29:57Z INFO  gauge_mc_runner] Sampling 1710/2000
[2024-02-21T10:30:46Z INFO  gauge_mc_runner] Sampling 1720/2000
[2024-02-21T10:31:36Z INFO  gauge_mc_runner] Sampling 1730/2000
[2024-02-21T10:32:26Z INFO  gauge_mc_runner] Sampling 1740/2000
[2024-02-21T10:33:15Z INFO  gauge_mc_runner] Sampling 1750/2000
[2024-02-21T10:34:05Z INFO  gauge_mc_runner] Sampling 1760/2000
[2024-02-21T10:34:54Z INFO  gauge_mc_runner] Sampling 1770/2000
[2024-02-21T10:35:44Z INFO  gauge_mc_runner] Sampling 1780/2000
[2024-02-21T10:36:34Z INFO  gauge_mc_runner] Sampling 1790/2000
[2024-02-21T10:37:23Z INFO  gauge_mc_runner] Sampling 1800/2000
[2024-02-21T10:38:13Z INFO  gauge_mc_runner] Sampling 1810/2000
[2024-02-21T10:39:02Z INFO  gauge_mc_runner] Sampling 1820/2000
[2024-02-21T10:39:52Z INFO  gauge_mc_runner] Sampling 1830/2000
[2024-02-21T10:40:42Z INFO  gauge_mc_runner] Sampling 1840/2000
[2024-02-21T10:41:31Z INFO  gauge_mc_runner] Sampling 1850/2000
[2024-02-21T10:42:21Z INFO  gauge_mc_runner] Sampling 1860/2000
[2024-02-21T10:43:10Z INFO  gauge_mc_runner] Sampling 1870/2000
[2024-02-21T10:44:00Z INFO  gauge_mc_runner] Sampling 1880/2000
[2024-02-21T10:44:50Z INFO  gauge_mc_runner] Sampling 1890/2000
[2024-02-21T10:45:39Z INFO  gauge_mc_runner] Sampling 1900/2000
[2024-02-21T10:46:29Z INFO  gauge_mc_runner] Sampling 1910/2000
[2024-02-21T10:47:18Z INFO  gauge_mc_runner] Sampling 1920/2000
[2024-02-21T10:48:08Z INFO  gauge_mc_runner] Sampling 1930/2000
[2024-02-21T10:48:58Z INFO  gauge_mc_runner] Sampling 1940/2000
[2024-02-21T10:49:47Z INFO  gauge_mc_runner] Sampling 1950/2000
[2024-02-21T10:50:37Z INFO  gauge_mc_runner] Sampling 1960/2000
[2024-02-21T10:51:26Z INFO  gauge_mc_runner] Sampling 1970/2000
[2024-02-21T10:52:16Z INFO  gauge_mc_runner] Sampling 1980/2000
[2024-02-21T10:53:06Z INFO  gauge_mc_runner] Sampling 1990/2000
[2024-02-21T10:53:55Z INFO  gauge_mc_runner] Done!
