warning: unused import: `DualState`
 --> src/main.rs:5:39
  |
5 | use gaugemc::{CudaBackend, CudaError, DualState, SiteIndex};
  |                                       ^^^^^^^^^
  |
  = note: `#[warn(unused_imports)]` on by default

warning: unused imports: `Array0`, `Array6`, `ArrayView1`, `ArrayView2`, `ArrayView3`
 --> src/main.rs:8:8
  |
8 |     s, Array0, Array1, Array2, Array3, Array6, ArrayView1, ArrayView2, ArrayView3, Axis,
  |        ^^^^^^                          ^^^^^^  ^^^^^^^^^^  ^^^^^^^^^^  ^^^^^^^^^^

warning: `gauge_mc_runner` (bin "gauge_mc_runner") generated 2 warnings (run `cargo fix --bin "gauge_mc_runner"` to apply 2 suggestions)
    Finished release [optimized] target(s) in 0.05s
     Running `target/release/gauge_mc_runner --klow 0.76 --khigh 0.79 -r 64 -N 2000 -w 100 -L 24 --config-output outputs/villain/L=24/out-k076-k079.yaml --output-winding -o outputs/villain/L=24/out-k076-k079.npz`
[2024-02-21T05:06:43Z INFO  gauge_mc_runner] Warmup 0/100
[2024-02-21T05:07:32Z INFO  gauge_mc_runner] Warmup 10/100
[2024-02-21T05:08:22Z INFO  gauge_mc_runner] Warmup 20/100
[2024-02-21T05:09:11Z INFO  gauge_mc_runner] Warmup 30/100
[2024-02-21T05:10:01Z INFO  gauge_mc_runner] Warmup 40/100
[2024-02-21T05:10:50Z INFO  gauge_mc_runner] Warmup 50/100
[2024-02-21T05:11:40Z INFO  gauge_mc_runner] Warmup 60/100
[2024-02-21T05:12:30Z INFO  gauge_mc_runner] Warmup 70/100
[2024-02-21T05:13:19Z INFO  gauge_mc_runner] Warmup 80/100
[2024-02-21T05:14:08Z INFO  gauge_mc_runner] Warmup 90/100
[2024-02-21T05:14:58Z INFO  gauge_mc_runner] Done!
[2024-02-21T05:14:58Z INFO  gauge_mc_runner] Sampling 0/2000
[2024-02-21T05:15:48Z INFO  gauge_mc_runner] Sampling 10/2000
[2024-02-21T05:16:37Z INFO  gauge_mc_runner] Sampling 20/2000
[2024-02-21T05:17:27Z INFO  gauge_mc_runner] Sampling 30/2000
[2024-02-21T05:18:17Z INFO  gauge_mc_runner] Sampling 40/2000
[2024-02-21T05:19:06Z INFO  gauge_mc_runner] Sampling 50/2000
[2024-02-21T05:19:56Z INFO  gauge_mc_runner] Sampling 60/2000
[2024-02-21T05:20:46Z INFO  gauge_mc_runner] Sampling 70/2000
[2024-02-21T05:21:35Z INFO  gauge_mc_runner] Sampling 80/2000
[2024-02-21T05:22:25Z INFO  gauge_mc_runner] Sampling 90/2000
[2024-02-21T05:23:14Z INFO  gauge_mc_runner] Sampling 100/2000
[2024-02-21T05:24:04Z INFO  gauge_mc_runner] Sampling 110/2000
[2024-02-21T05:24:54Z INFO  gauge_mc_runner] Sampling 120/2000
[2024-02-21T05:25:43Z INFO  gauge_mc_runner] Sampling 130/2000
[2024-02-21T05:26:33Z INFO  gauge_mc_runner] Sampling 140/2000
[2024-02-21T05:27:22Z INFO  gauge_mc_runner] Sampling 150/2000
[2024-02-21T05:28:12Z INFO  gauge_mc_runner] Sampling 160/2000
[2024-02-21T05:29:02Z INFO  gauge_mc_runner] Sampling 170/2000
[2024-02-21T05:29:51Z INFO  gauge_mc_runner] Sampling 180/2000
[2024-02-21T05:30:41Z INFO  gauge_mc_runner] Sampling 190/2000
[2024-02-21T05:31:30Z INFO  gauge_mc_runner] Sampling 200/2000
[2024-02-21T05:32:20Z INFO  gauge_mc_runner] Sampling 210/2000
[2024-02-21T05:33:10Z INFO  gauge_mc_runner] Sampling 220/2000
[2024-02-21T05:33:59Z INFO  gauge_mc_runner] Sampling 230/2000
[2024-02-21T05:34:49Z INFO  gauge_mc_runner] Sampling 240/2000
[2024-02-21T05:35:39Z INFO  gauge_mc_runner] Sampling 250/2000
[2024-02-21T05:36:28Z INFO  gauge_mc_runner] Sampling 260/2000
[2024-02-21T05:37:18Z INFO  gauge_mc_runner] Sampling 270/2000
[2024-02-21T05:38:07Z INFO  gauge_mc_runner] Sampling 280/2000
[2024-02-21T05:38:57Z INFO  gauge_mc_runner] Sampling 290/2000
[2024-02-21T05:39:47Z INFO  gauge_mc_runner] Sampling 300/2000
[2024-02-21T05:40:36Z INFO  gauge_mc_runner] Sampling 310/2000
[2024-02-21T05:41:26Z INFO  gauge_mc_runner] Sampling 320/2000
[2024-02-21T05:42:15Z INFO  gauge_mc_runner] Sampling 330/2000
[2024-02-21T05:43:05Z INFO  gauge_mc_runner] Sampling 340/2000
[2024-02-21T05:43:55Z INFO  gauge_mc_runner] Sampling 350/2000
[2024-02-21T05:44:44Z INFO  gauge_mc_runner] Sampling 360/2000
[2024-02-21T05:45:34Z INFO  gauge_mc_runner] Sampling 370/2000
[2024-02-21T05:46:23Z INFO  gauge_mc_runner] Sampling 380/2000
[2024-02-21T05:47:13Z INFO  gauge_mc_runner] Sampling 390/2000
[2024-02-21T05:48:03Z INFO  gauge_mc_runner] Sampling 400/2000
[2024-02-21T05:48:52Z INFO  gauge_mc_runner] Sampling 410/2000
[2024-02-21T05:49:42Z INFO  gauge_mc_runner] Sampling 420/2000
[2024-02-21T05:50:31Z INFO  gauge_mc_runner] Sampling 430/2000
[2024-02-21T05:51:21Z INFO  gauge_mc_runner] Sampling 440/2000
[2024-02-21T05:52:11Z INFO  gauge_mc_runner] Sampling 450/2000
[2024-02-21T05:53:00Z INFO  gauge_mc_runner] Sampling 460/2000
[2024-02-21T05:53:50Z INFO  gauge_mc_runner] Sampling 470/2000
[2024-02-21T05:54:39Z INFO  gauge_mc_runner] Sampling 480/2000
[2024-02-21T05:55:29Z INFO  gauge_mc_runner] Sampling 490/2000
[2024-02-21T05:56:19Z INFO  gauge_mc_runner] Sampling 500/2000
[2024-02-21T05:57:08Z INFO  gauge_mc_runner] Sampling 510/2000
[2024-02-21T05:57:58Z INFO  gauge_mc_runner] Sampling 520/2000
[2024-02-21T05:58:47Z INFO  gauge_mc_runner] Sampling 530/2000
[2024-02-21T05:59:37Z INFO  gauge_mc_runner] Sampling 540/2000
[2024-02-21T06:00:27Z INFO  gauge_mc_runner] Sampling 550/2000
[2024-02-21T06:01:16Z INFO  gauge_mc_runner] Sampling 560/2000
[2024-02-21T06:02:06Z INFO  gauge_mc_runner] Sampling 570/2000
[2024-02-21T06:02:55Z INFO  gauge_mc_runner] Sampling 580/2000
[2024-02-21T06:03:45Z INFO  gauge_mc_runner] Sampling 590/2000
[2024-02-21T06:04:35Z INFO  gauge_mc_runner] Sampling 600/2000
[2024-02-21T06:05:24Z INFO  gauge_mc_runner] Sampling 610/2000
[2024-02-21T06:06:14Z INFO  gauge_mc_runner] Sampling 620/2000
[2024-02-21T06:07:03Z INFO  gauge_mc_runner] Sampling 630/2000
[2024-02-21T06:07:53Z INFO  gauge_mc_runner] Sampling 640/2000
[2024-02-21T06:08:43Z INFO  gauge_mc_runner] Sampling 650/2000
[2024-02-21T06:09:32Z INFO  gauge_mc_runner] Sampling 660/2000
[2024-02-21T06:10:22Z INFO  gauge_mc_runner] Sampling 670/2000
[2024-02-21T06:11:12Z INFO  gauge_mc_runner] Sampling 680/2000
[2024-02-21T06:12:01Z INFO  gauge_mc_runner] Sampling 690/2000
[2024-02-21T06:12:51Z INFO  gauge_mc_runner] Sampling 700/2000
[2024-02-21T06:13:40Z INFO  gauge_mc_runner] Sampling 710/2000
[2024-02-21T06:14:30Z INFO  gauge_mc_runner] Sampling 720/2000
[2024-02-21T06:15:20Z INFO  gauge_mc_runner] Sampling 730/2000
[2024-02-21T06:16:09Z INFO  gauge_mc_runner] Sampling 740/2000
[2024-02-21T06:16:59Z INFO  gauge_mc_runner] Sampling 750/2000
[2024-02-21T06:17:48Z INFO  gauge_mc_runner] Sampling 760/2000
[2024-02-21T06:18:38Z INFO  gauge_mc_runner] Sampling 770/2000
[2024-02-21T06:19:28Z INFO  gauge_mc_runner] Sampling 780/2000
[2024-02-21T06:20:17Z INFO  gauge_mc_runner] Sampling 790/2000
[2024-02-21T06:21:07Z INFO  gauge_mc_runner] Sampling 800/2000
[2024-02-21T06:21:56Z INFO  gauge_mc_runner] Sampling 810/2000
[2024-02-21T06:22:46Z INFO  gauge_mc_runner] Sampling 820/2000
[2024-02-21T06:23:36Z INFO  gauge_mc_runner] Sampling 830/2000
[2024-02-21T06:24:25Z INFO  gauge_mc_runner] Sampling 840/2000
[2024-02-21T06:25:15Z INFO  gauge_mc_runner] Sampling 850/2000
[2024-02-21T06:26:04Z INFO  gauge_mc_runner] Sampling 860/2000
[2024-02-21T06:26:54Z INFO  gauge_mc_runner] Sampling 870/2000
[2024-02-21T06:27:44Z INFO  gauge_mc_runner] Sampling 880/2000
[2024-02-21T06:28:33Z INFO  gauge_mc_runner] Sampling 890/2000
[2024-02-21T06:29:23Z INFO  gauge_mc_runner] Sampling 900/2000
[2024-02-21T06:30:13Z INFO  gauge_mc_runner] Sampling 910/2000
[2024-02-21T06:31:02Z INFO  gauge_mc_runner] Sampling 920/2000
[2024-02-21T06:31:52Z INFO  gauge_mc_runner] Sampling 930/2000
[2024-02-21T06:32:41Z INFO  gauge_mc_runner] Sampling 940/2000
[2024-02-21T06:33:31Z INFO  gauge_mc_runner] Sampling 950/2000
[2024-02-21T06:34:20Z INFO  gauge_mc_runner] Sampling 960/2000
[2024-02-21T06:35:10Z INFO  gauge_mc_runner] Sampling 970/2000
[2024-02-21T06:36:00Z INFO  gauge_mc_runner] Sampling 980/2000
[2024-02-21T06:36:49Z INFO  gauge_mc_runner] Sampling 990/2000
[2024-02-21T06:37:39Z INFO  gauge_mc_runner] Sampling 1000/2000
[2024-02-21T06:38:28Z INFO  gauge_mc_runner] Sampling 1010/2000
[2024-02-21T06:39:18Z INFO  gauge_mc_runner] Sampling 1020/2000
[2024-02-21T06:40:08Z INFO  gauge_mc_runner] Sampling 1030/2000
[2024-02-21T06:40:57Z INFO  gauge_mc_runner] Sampling 1040/2000
[2024-02-21T06:41:47Z INFO  gauge_mc_runner] Sampling 1050/2000
[2024-02-21T06:42:36Z INFO  gauge_mc_runner] Sampling 1060/2000
[2024-02-21T06:43:26Z INFO  gauge_mc_runner] Sampling 1070/2000
[2024-02-21T06:44:16Z INFO  gauge_mc_runner] Sampling 1080/2000
[2024-02-21T06:45:05Z INFO  gauge_mc_runner] Sampling 1090/2000
[2024-02-21T06:45:55Z INFO  gauge_mc_runner] Sampling 1100/2000
[2024-02-21T06:46:44Z INFO  gauge_mc_runner] Sampling 1110/2000
[2024-02-21T06:47:34Z INFO  gauge_mc_runner] Sampling 1120/2000
[2024-02-21T06:48:24Z INFO  gauge_mc_runner] Sampling 1130/2000
[2024-02-21T06:49:13Z INFO  gauge_mc_runner] Sampling 1140/2000
[2024-02-21T06:50:03Z INFO  gauge_mc_runner] Sampling 1150/2000
[2024-02-21T06:50:52Z INFO  gauge_mc_runner] Sampling 1160/2000
[2024-02-21T06:51:42Z INFO  gauge_mc_runner] Sampling 1170/2000
[2024-02-21T06:52:32Z INFO  gauge_mc_runner] Sampling 1180/2000
[2024-02-21T06:53:21Z INFO  gauge_mc_runner] Sampling 1190/2000
[2024-02-21T06:54:11Z INFO  gauge_mc_runner] Sampling 1200/2000
[2024-02-21T06:55:00Z INFO  gauge_mc_runner] Sampling 1210/2000
[2024-02-21T06:55:50Z INFO  gauge_mc_runner] Sampling 1220/2000
[2024-02-21T06:56:40Z INFO  gauge_mc_runner] Sampling 1230/2000
[2024-02-21T06:57:29Z INFO  gauge_mc_runner] Sampling 1240/2000
[2024-02-21T06:58:19Z INFO  gauge_mc_runner] Sampling 1250/2000
[2024-02-21T06:59:08Z INFO  gauge_mc_runner] Sampling 1260/2000
[2024-02-21T06:59:58Z INFO  gauge_mc_runner] Sampling 1270/2000
[2024-02-21T07:00:48Z INFO  gauge_mc_runner] Sampling 1280/2000
[2024-02-21T07:01:37Z INFO  gauge_mc_runner] Sampling 1290/2000
[2024-02-21T07:02:27Z INFO  gauge_mc_runner] Sampling 1300/2000
[2024-02-21T07:03:16Z INFO  gauge_mc_runner] Sampling 1310/2000
[2024-02-21T07:04:06Z INFO  gauge_mc_runner] Sampling 1320/2000
[2024-02-21T07:04:56Z INFO  gauge_mc_runner] Sampling 1330/2000
[2024-02-21T07:05:45Z INFO  gauge_mc_runner] Sampling 1340/2000
[2024-02-21T07:06:35Z INFO  gauge_mc_runner] Sampling 1350/2000
[2024-02-21T07:07:25Z INFO  gauge_mc_runner] Sampling 1360/2000
[2024-02-21T07:08:14Z INFO  gauge_mc_runner] Sampling 1370/2000
[2024-02-21T07:09:04Z INFO  gauge_mc_runner] Sampling 1380/2000
[2024-02-21T07:09:53Z INFO  gauge_mc_runner] Sampling 1390/2000
[2024-02-21T07:10:43Z INFO  gauge_mc_runner] Sampling 1400/2000
[2024-02-21T07:11:33Z INFO  gauge_mc_runner] Sampling 1410/2000
[2024-02-21T07:12:22Z INFO  gauge_mc_runner] Sampling 1420/2000
[2024-02-21T07:13:12Z INFO  gauge_mc_runner] Sampling 1430/2000
[2024-02-21T07:14:02Z INFO  gauge_mc_runner] Sampling 1440/2000
[2024-02-21T07:14:51Z INFO  gauge_mc_runner] Sampling 1450/2000
[2024-02-21T07:15:41Z INFO  gauge_mc_runner] Sampling 1460/2000
[2024-02-21T07:16:30Z INFO  gauge_mc_runner] Sampling 1470/2000
[2024-02-21T07:17:20Z INFO  gauge_mc_runner] Sampling 1480/2000
[2024-02-21T07:18:10Z INFO  gauge_mc_runner] Sampling 1490/2000
[2024-02-21T07:18:59Z INFO  gauge_mc_runner] Sampling 1500/2000
[2024-02-21T07:19:49Z INFO  gauge_mc_runner] Sampling 1510/2000
[2024-02-21T07:20:38Z INFO  gauge_mc_runner] Sampling 1520/2000
[2024-02-21T07:21:28Z INFO  gauge_mc_runner] Sampling 1530/2000
[2024-02-21T07:22:17Z INFO  gauge_mc_runner] Sampling 1540/2000
[2024-02-21T07:23:07Z INFO  gauge_mc_runner] Sampling 1550/2000
[2024-02-21T07:23:57Z INFO  gauge_mc_runner] Sampling 1560/2000
[2024-02-21T07:24:46Z INFO  gauge_mc_runner] Sampling 1570/2000
[2024-02-21T07:25:36Z INFO  gauge_mc_runner] Sampling 1580/2000
[2024-02-21T07:26:25Z INFO  gauge_mc_runner] Sampling 1590/2000
[2024-02-21T07:27:15Z INFO  gauge_mc_runner] Sampling 1600/2000
[2024-02-21T07:28:05Z INFO  gauge_mc_runner] Sampling 1610/2000
[2024-02-21T07:28:54Z INFO  gauge_mc_runner] Sampling 1620/2000
[2024-02-21T07:29:44Z INFO  gauge_mc_runner] Sampling 1630/2000
[2024-02-21T07:30:33Z INFO  gauge_mc_runner] Sampling 1640/2000
[2024-02-21T07:31:23Z INFO  gauge_mc_runner] Sampling 1650/2000
[2024-02-21T07:32:13Z INFO  gauge_mc_runner] Sampling 1660/2000
[2024-02-21T07:33:02Z INFO  gauge_mc_runner] Sampling 1670/2000
[2024-02-21T07:33:52Z INFO  gauge_mc_runner] Sampling 1680/2000
[2024-02-21T07:34:42Z INFO  gauge_mc_runner] Sampling 1690/2000
[2024-02-21T07:35:31Z INFO  gauge_mc_runner] Sampling 1700/2000
[2024-02-21T07:36:21Z INFO  gauge_mc_runner] Sampling 1710/2000
[2024-02-21T07:37:10Z INFO  gauge_mc_runner] Sampling 1720/2000
[2024-02-21T07:38:00Z INFO  gauge_mc_runner] Sampling 1730/2000
[2024-02-21T07:38:50Z INFO  gauge_mc_runner] Sampling 1740/2000
[2024-02-21T07:39:39Z INFO  gauge_mc_runner] Sampling 1750/2000
[2024-02-21T07:40:29Z INFO  gauge_mc_runner] Sampling 1760/2000
[2024-02-21T07:41:18Z INFO  gauge_mc_runner] Sampling 1770/2000
[2024-02-21T07:42:08Z INFO  gauge_mc_runner] Sampling 1780/2000
[2024-02-21T07:42:58Z INFO  gauge_mc_runner] Sampling 1790/2000
[2024-02-21T07:43:47Z INFO  gauge_mc_runner] Sampling 1800/2000
[2024-02-21T07:44:37Z INFO  gauge_mc_runner] Sampling 1810/2000
[2024-02-21T07:45:26Z INFO  gauge_mc_runner] Sampling 1820/2000
[2024-02-21T07:46:16Z INFO  gauge_mc_runner] Sampling 1830/2000
[2024-02-21T07:47:06Z INFO  gauge_mc_runner] Sampling 1840/2000
[2024-02-21T07:47:55Z INFO  gauge_mc_runner] Sampling 1850/2000
[2024-02-21T07:48:45Z INFO  gauge_mc_runner] Sampling 1860/2000
[2024-02-21T07:49:34Z INFO  gauge_mc_runner] Sampling 1870/2000
[2024-02-21T07:50:24Z INFO  gauge_mc_runner] Sampling 1880/2000
[2024-02-21T07:51:14Z INFO  gauge_mc_runner] Sampling 1890/2000
[2024-02-21T07:52:03Z INFO  gauge_mc_runner] Sampling 1900/2000
[2024-02-21T07:52:53Z INFO  gauge_mc_runner] Sampling 1910/2000
[2024-02-21T07:53:43Z INFO  gauge_mc_runner] Sampling 1920/2000
[2024-02-21T07:54:32Z INFO  gauge_mc_runner] Sampling 1930/2000
[2024-02-21T07:55:22Z INFO  gauge_mc_runner] Sampling 1940/2000
[2024-02-21T07:56:11Z INFO  gauge_mc_runner] Sampling 1950/2000
[2024-02-21T07:57:01Z INFO  gauge_mc_runner] Sampling 1960/2000
[2024-02-21T07:57:51Z INFO  gauge_mc_runner] Sampling 1970/2000
[2024-02-21T07:58:40Z INFO  gauge_mc_runner] Sampling 1980/2000
[2024-02-21T07:59:30Z INFO  gauge_mc_runner] Sampling 1990/2000
[2024-02-21T08:00:19Z INFO  gauge_mc_runner] Done!
