warning: unused import: `DualState`
 --> src/main.rs:5:39
  |
5 | use gaugemc::{CudaBackend, CudaError, DualState, SiteIndex};
  |                                       ^^^^^^^^^
  |
  = note: `#[warn(unused_imports)]` on by default

warning: unused imports: `Array0`, `Array6`, `ArrayView1`, `ArrayView2`, `ArrayView3`
 --> src/main.rs:8:8
  |
8 |     s, Array0, Array1, Array2, Array3, Array6, ArrayView1, ArrayView2, ArrayView3, Axis,
  |        ^^^^^^                          ^^^^^^  ^^^^^^^^^^  ^^^^^^^^^^  ^^^^^^^^^^

warning: `gauge_mc_runner` (bin "gauge_mc_runner") generated 2 warnings (run `cargo fix --bin "gauge_mc_runner"` to apply 2 suggestions)
    Finished release [optimized] target(s) in 0.05s
     Running `target/release/gauge_mc_runner --klow 0.75 --khigh 0.85 -r 64 -N 2000 -w 100 -L 24 --config-output outputs/villain/L=24/out-k075-k085.yaml --output-winding -o outputs/villain/L=24/out-k075-k085.npz`
[2024-02-21T02:13:00Z INFO  gauge_mc_runner] Warmup 0/100
[2024-02-21T02:13:49Z INFO  gauge_mc_runner] Warmup 10/100
[2024-02-21T02:14:39Z INFO  gauge_mc_runner] Warmup 20/100
[2024-02-21T02:15:28Z INFO  gauge_mc_runner] Warmup 30/100
[2024-02-21T02:16:18Z INFO  gauge_mc_runner] Warmup 40/100
[2024-02-21T02:17:08Z INFO  gauge_mc_runner] Warmup 50/100
[2024-02-21T02:17:58Z INFO  gauge_mc_runner] Warmup 60/100
[2024-02-21T02:18:47Z INFO  gauge_mc_runner] Warmup 70/100
[2024-02-21T02:19:37Z INFO  gauge_mc_runner] Warmup 80/100
[2024-02-21T02:20:27Z INFO  gauge_mc_runner] Warmup 90/100
[2024-02-21T02:21:16Z INFO  gauge_mc_runner] Done!
[2024-02-21T02:21:16Z INFO  gauge_mc_runner] Sampling 0/2000
[2024-02-21T02:22:06Z INFO  gauge_mc_runner] Sampling 10/2000
[2024-02-21T02:22:56Z INFO  gauge_mc_runner] Sampling 20/2000
[2024-02-21T02:23:45Z INFO  gauge_mc_runner] Sampling 30/2000
[2024-02-21T02:24:35Z INFO  gauge_mc_runner] Sampling 40/2000
[2024-02-21T02:25:25Z INFO  gauge_mc_runner] Sampling 50/2000
[2024-02-21T02:26:15Z INFO  gauge_mc_runner] Sampling 60/2000
[2024-02-21T02:27:04Z INFO  gauge_mc_runner] Sampling 70/2000
[2024-02-21T02:27:54Z INFO  gauge_mc_runner] Sampling 80/2000
[2024-02-21T02:28:44Z INFO  gauge_mc_runner] Sampling 90/2000
[2024-02-21T02:29:33Z INFO  gauge_mc_runner] Sampling 100/2000
[2024-02-21T02:30:23Z INFO  gauge_mc_runner] Sampling 110/2000
[2024-02-21T02:31:13Z INFO  gauge_mc_runner] Sampling 120/2000
[2024-02-21T02:32:02Z INFO  gauge_mc_runner] Sampling 130/2000
[2024-02-21T02:32:52Z INFO  gauge_mc_runner] Sampling 140/2000
[2024-02-21T02:33:42Z INFO  gauge_mc_runner] Sampling 150/2000
[2024-02-21T02:34:31Z INFO  gauge_mc_runner] Sampling 160/2000
[2024-02-21T02:35:21Z INFO  gauge_mc_runner] Sampling 170/2000
[2024-02-21T02:36:10Z INFO  gauge_mc_runner] Sampling 180/2000
[2024-02-21T02:37:00Z INFO  gauge_mc_runner] Sampling 190/2000
[2024-02-21T02:37:50Z INFO  gauge_mc_runner] Sampling 200/2000
[2024-02-21T02:38:39Z INFO  gauge_mc_runner] Sampling 210/2000
[2024-02-21T02:39:29Z INFO  gauge_mc_runner] Sampling 220/2000
[2024-02-21T02:40:19Z INFO  gauge_mc_runner] Sampling 230/2000
[2024-02-21T02:41:08Z INFO  gauge_mc_runner] Sampling 240/2000
[2024-02-21T02:41:58Z INFO  gauge_mc_runner] Sampling 250/2000
[2024-02-21T02:42:48Z INFO  gauge_mc_runner] Sampling 260/2000
[2024-02-21T02:43:37Z INFO  gauge_mc_runner] Sampling 270/2000
[2024-02-21T02:44:27Z INFO  gauge_mc_runner] Sampling 280/2000
[2024-02-21T02:45:17Z INFO  gauge_mc_runner] Sampling 290/2000
[2024-02-21T02:46:06Z INFO  gauge_mc_runner] Sampling 300/2000
[2024-02-21T02:46:56Z INFO  gauge_mc_runner] Sampling 310/2000
[2024-02-21T02:47:46Z INFO  gauge_mc_runner] Sampling 320/2000
[2024-02-21T02:48:35Z INFO  gauge_mc_runner] Sampling 330/2000
[2024-02-21T02:49:25Z INFO  gauge_mc_runner] Sampling 340/2000
[2024-02-21T02:50:15Z INFO  gauge_mc_runner] Sampling 350/2000
[2024-02-21T02:51:04Z INFO  gauge_mc_runner] Sampling 360/2000
[2024-02-21T02:51:54Z INFO  gauge_mc_runner] Sampling 370/2000
[2024-02-21T02:52:44Z INFO  gauge_mc_runner] Sampling 380/2000
[2024-02-21T02:53:33Z INFO  gauge_mc_runner] Sampling 390/2000
[2024-02-21T02:54:23Z INFO  gauge_mc_runner] Sampling 400/2000
[2024-02-21T02:55:13Z INFO  gauge_mc_runner] Sampling 410/2000
[2024-02-21T02:56:02Z INFO  gauge_mc_runner] Sampling 420/2000
[2024-02-21T02:56:52Z INFO  gauge_mc_runner] Sampling 430/2000
[2024-02-21T02:57:42Z INFO  gauge_mc_runner] Sampling 440/2000
[2024-02-21T02:58:31Z INFO  gauge_mc_runner] Sampling 450/2000
[2024-02-21T02:59:21Z INFO  gauge_mc_runner] Sampling 460/2000
[2024-02-21T03:00:11Z INFO  gauge_mc_runner] Sampling 470/2000
[2024-02-21T03:01:00Z INFO  gauge_mc_runner] Sampling 480/2000
[2024-02-21T03:01:50Z INFO  gauge_mc_runner] Sampling 490/2000
[2024-02-21T03:02:39Z INFO  gauge_mc_runner] Sampling 500/2000
[2024-02-21T03:03:29Z INFO  gauge_mc_runner] Sampling 510/2000
[2024-02-21T03:04:19Z INFO  gauge_mc_runner] Sampling 520/2000
[2024-02-21T03:05:08Z INFO  gauge_mc_runner] Sampling 530/2000
[2024-02-21T03:05:58Z INFO  gauge_mc_runner] Sampling 540/2000
[2024-02-21T03:06:48Z INFO  gauge_mc_runner] Sampling 550/2000
[2024-02-21T03:07:37Z INFO  gauge_mc_runner] Sampling 560/2000
[2024-02-21T03:08:27Z INFO  gauge_mc_runner] Sampling 570/2000
[2024-02-21T03:09:16Z INFO  gauge_mc_runner] Sampling 580/2000
[2024-02-21T03:10:06Z INFO  gauge_mc_runner] Sampling 590/2000
[2024-02-21T03:10:56Z INFO  gauge_mc_runner] Sampling 600/2000
[2024-02-21T03:11:45Z INFO  gauge_mc_runner] Sampling 610/2000
[2024-02-21T03:12:35Z INFO  gauge_mc_runner] Sampling 620/2000
[2024-02-21T03:13:25Z INFO  gauge_mc_runner] Sampling 630/2000
[2024-02-21T03:14:14Z INFO  gauge_mc_runner] Sampling 640/2000
[2024-02-21T03:15:04Z INFO  gauge_mc_runner] Sampling 650/2000
[2024-02-21T03:15:54Z INFO  gauge_mc_runner] Sampling 660/2000
[2024-02-21T03:16:43Z INFO  gauge_mc_runner] Sampling 670/2000
[2024-02-21T03:17:33Z INFO  gauge_mc_runner] Sampling 680/2000
[2024-02-21T03:18:23Z INFO  gauge_mc_runner] Sampling 690/2000
[2024-02-21T03:19:12Z INFO  gauge_mc_runner] Sampling 700/2000
[2024-02-21T03:20:02Z INFO  gauge_mc_runner] Sampling 710/2000
[2024-02-21T03:20:52Z INFO  gauge_mc_runner] Sampling 720/2000
[2024-02-21T03:21:41Z INFO  gauge_mc_runner] Sampling 730/2000
[2024-02-21T03:22:31Z INFO  gauge_mc_runner] Sampling 740/2000
[2024-02-21T03:23:21Z INFO  gauge_mc_runner] Sampling 750/2000
[2024-02-21T03:24:10Z INFO  gauge_mc_runner] Sampling 760/2000
[2024-02-21T03:25:00Z INFO  gauge_mc_runner] Sampling 770/2000
[2024-02-21T03:25:50Z INFO  gauge_mc_runner] Sampling 780/2000
[2024-02-21T03:26:39Z INFO  gauge_mc_runner] Sampling 790/2000
[2024-02-21T03:27:29Z INFO  gauge_mc_runner] Sampling 800/2000
[2024-02-21T03:28:19Z INFO  gauge_mc_runner] Sampling 810/2000
[2024-02-21T03:29:08Z INFO  gauge_mc_runner] Sampling 820/2000
[2024-02-21T03:29:58Z INFO  gauge_mc_runner] Sampling 830/2000
[2024-02-21T03:30:47Z INFO  gauge_mc_runner] Sampling 840/2000
[2024-02-21T03:31:37Z INFO  gauge_mc_runner] Sampling 850/2000
[2024-02-21T03:32:27Z INFO  gauge_mc_runner] Sampling 860/2000
[2024-02-21T03:33:16Z INFO  gauge_mc_runner] Sampling 870/2000
[2024-02-21T03:34:06Z INFO  gauge_mc_runner] Sampling 880/2000
[2024-02-21T03:34:56Z INFO  gauge_mc_runner] Sampling 890/2000
[2024-02-21T03:35:45Z INFO  gauge_mc_runner] Sampling 900/2000
[2024-02-21T03:36:35Z INFO  gauge_mc_runner] Sampling 910/2000
[2024-02-21T03:37:25Z INFO  gauge_mc_runner] Sampling 920/2000
[2024-02-21T03:38:14Z INFO  gauge_mc_runner] Sampling 930/2000
[2024-02-21T03:39:04Z INFO  gauge_mc_runner] Sampling 940/2000
[2024-02-21T03:39:54Z INFO  gauge_mc_runner] Sampling 950/2000
[2024-02-21T03:40:43Z INFO  gauge_mc_runner] Sampling 960/2000
[2024-02-21T03:41:33Z INFO  gauge_mc_runner] Sampling 970/2000
[2024-02-21T03:42:22Z INFO  gauge_mc_runner] Sampling 980/2000
[2024-02-21T03:43:12Z INFO  gauge_mc_runner] Sampling 990/2000
[2024-02-21T03:44:02Z INFO  gauge_mc_runner] Sampling 1000/2000
[2024-02-21T03:44:51Z INFO  gauge_mc_runner] Sampling 1010/2000
[2024-02-21T03:45:41Z INFO  gauge_mc_runner] Sampling 1020/2000
[2024-02-21T03:46:31Z INFO  gauge_mc_runner] Sampling 1030/2000
[2024-02-21T03:47:20Z INFO  gauge_mc_runner] Sampling 1040/2000
[2024-02-21T03:48:10Z INFO  gauge_mc_runner] Sampling 1050/2000
[2024-02-21T03:49:00Z INFO  gauge_mc_runner] Sampling 1060/2000
[2024-02-21T03:49:49Z INFO  gauge_mc_runner] Sampling 1070/2000
[2024-02-21T03:50:39Z INFO  gauge_mc_runner] Sampling 1080/2000
[2024-02-21T03:51:28Z INFO  gauge_mc_runner] Sampling 1090/2000
[2024-02-21T03:52:18Z INFO  gauge_mc_runner] Sampling 1100/2000
[2024-02-21T03:53:08Z INFO  gauge_mc_runner] Sampling 1110/2000
[2024-02-21T03:53:57Z INFO  gauge_mc_runner] Sampling 1120/2000
[2024-02-21T03:54:47Z INFO  gauge_mc_runner] Sampling 1130/2000
[2024-02-21T03:55:36Z INFO  gauge_mc_runner] Sampling 1140/2000
[2024-02-21T03:56:26Z INFO  gauge_mc_runner] Sampling 1150/2000
[2024-02-21T03:57:16Z INFO  gauge_mc_runner] Sampling 1160/2000
[2024-02-21T03:58:05Z INFO  gauge_mc_runner] Sampling 1170/2000
[2024-02-21T03:58:55Z INFO  gauge_mc_runner] Sampling 1180/2000
[2024-02-21T03:59:44Z INFO  gauge_mc_runner] Sampling 1190/2000
[2024-02-21T04:00:34Z INFO  gauge_mc_runner] Sampling 1200/2000
[2024-02-21T04:01:24Z INFO  gauge_mc_runner] Sampling 1210/2000
[2024-02-21T04:02:13Z INFO  gauge_mc_runner] Sampling 1220/2000
[2024-02-21T04:03:03Z INFO  gauge_mc_runner] Sampling 1230/2000
[2024-02-21T04:03:53Z INFO  gauge_mc_runner] Sampling 1240/2000
[2024-02-21T04:04:42Z INFO  gauge_mc_runner] Sampling 1250/2000
[2024-02-21T04:05:32Z INFO  gauge_mc_runner] Sampling 1260/2000
[2024-02-21T04:06:21Z INFO  gauge_mc_runner] Sampling 1270/2000
[2024-02-21T04:07:11Z INFO  gauge_mc_runner] Sampling 1280/2000
[2024-02-21T04:08:01Z INFO  gauge_mc_runner] Sampling 1290/2000
[2024-02-21T04:08:50Z INFO  gauge_mc_runner] Sampling 1300/2000
[2024-02-21T04:09:40Z INFO  gauge_mc_runner] Sampling 1310/2000
[2024-02-21T04:10:29Z INFO  gauge_mc_runner] Sampling 1320/2000
[2024-02-21T04:11:19Z INFO  gauge_mc_runner] Sampling 1330/2000
[2024-02-21T04:12:08Z INFO  gauge_mc_runner] Sampling 1340/2000
[2024-02-21T04:12:58Z INFO  gauge_mc_runner] Sampling 1350/2000
[2024-02-21T04:13:48Z INFO  gauge_mc_runner] Sampling 1360/2000
[2024-02-21T04:14:37Z INFO  gauge_mc_runner] Sampling 1370/2000
[2024-02-21T04:15:27Z INFO  gauge_mc_runner] Sampling 1380/2000
[2024-02-21T04:16:16Z INFO  gauge_mc_runner] Sampling 1390/2000
[2024-02-21T04:17:06Z INFO  gauge_mc_runner] Sampling 1400/2000
[2024-02-21T04:17:56Z INFO  gauge_mc_runner] Sampling 1410/2000
[2024-02-21T04:18:45Z INFO  gauge_mc_runner] Sampling 1420/2000
[2024-02-21T04:19:35Z INFO  gauge_mc_runner] Sampling 1430/2000
[2024-02-21T04:20:24Z INFO  gauge_mc_runner] Sampling 1440/2000
[2024-02-21T04:21:14Z INFO  gauge_mc_runner] Sampling 1450/2000
[2024-02-21T04:22:04Z INFO  gauge_mc_runner] Sampling 1460/2000
[2024-02-21T04:22:53Z INFO  gauge_mc_runner] Sampling 1470/2000
[2024-02-21T04:23:43Z INFO  gauge_mc_runner] Sampling 1480/2000
[2024-02-21T04:24:32Z INFO  gauge_mc_runner] Sampling 1490/2000
[2024-02-21T04:25:22Z INFO  gauge_mc_runner] Sampling 1500/2000
[2024-02-21T04:26:12Z INFO  gauge_mc_runner] Sampling 1510/2000
[2024-02-21T04:27:01Z INFO  gauge_mc_runner] Sampling 1520/2000
[2024-02-21T04:27:51Z INFO  gauge_mc_runner] Sampling 1530/2000
[2024-02-21T04:28:40Z INFO  gauge_mc_runner] Sampling 1540/2000
[2024-02-21T04:29:30Z INFO  gauge_mc_runner] Sampling 1550/2000
[2024-02-21T04:30:20Z INFO  gauge_mc_runner] Sampling 1560/2000
[2024-02-21T04:31:09Z INFO  gauge_mc_runner] Sampling 1570/2000
[2024-02-21T04:31:59Z INFO  gauge_mc_runner] Sampling 1580/2000
[2024-02-21T04:32:48Z INFO  gauge_mc_runner] Sampling 1590/2000
[2024-02-21T04:33:38Z INFO  gauge_mc_runner] Sampling 1600/2000
[2024-02-21T04:34:28Z INFO  gauge_mc_runner] Sampling 1610/2000
[2024-02-21T04:35:17Z INFO  gauge_mc_runner] Sampling 1620/2000
[2024-02-21T04:36:07Z INFO  gauge_mc_runner] Sampling 1630/2000
[2024-02-21T04:36:56Z INFO  gauge_mc_runner] Sampling 1640/2000
[2024-02-21T04:37:46Z INFO  gauge_mc_runner] Sampling 1650/2000
[2024-02-21T04:38:36Z INFO  gauge_mc_runner] Sampling 1660/2000
[2024-02-21T04:39:25Z INFO  gauge_mc_runner] Sampling 1670/2000
[2024-02-21T04:40:15Z INFO  gauge_mc_runner] Sampling 1680/2000
[2024-02-21T04:41:05Z INFO  gauge_mc_runner] Sampling 1690/2000
[2024-02-21T04:41:54Z INFO  gauge_mc_runner] Sampling 1700/2000
[2024-02-21T04:42:44Z INFO  gauge_mc_runner] Sampling 1710/2000
[2024-02-21T04:43:33Z INFO  gauge_mc_runner] Sampling 1720/2000
[2024-02-21T04:44:23Z INFO  gauge_mc_runner] Sampling 1730/2000
[2024-02-21T04:45:13Z INFO  gauge_mc_runner] Sampling 1740/2000
[2024-02-21T04:46:02Z INFO  gauge_mc_runner] Sampling 1750/2000
[2024-02-21T04:46:52Z INFO  gauge_mc_runner] Sampling 1760/2000
[2024-02-21T04:47:42Z INFO  gauge_mc_runner] Sampling 1770/2000
[2024-02-21T04:48:31Z INFO  gauge_mc_runner] Sampling 1780/2000
[2024-02-21T04:49:21Z INFO  gauge_mc_runner] Sampling 1790/2000
[2024-02-21T04:50:10Z INFO  gauge_mc_runner] Sampling 1800/2000
[2024-02-21T04:51:00Z INFO  gauge_mc_runner] Sampling 1810/2000
[2024-02-21T04:51:50Z INFO  gauge_mc_runner] Sampling 1820/2000
[2024-02-21T04:52:39Z INFO  gauge_mc_runner] Sampling 1830/2000
[2024-02-21T04:53:29Z INFO  gauge_mc_runner] Sampling 1840/2000
[2024-02-21T04:54:18Z INFO  gauge_mc_runner] Sampling 1850/2000
[2024-02-21T04:55:08Z INFO  gauge_mc_runner] Sampling 1860/2000
[2024-02-21T04:55:58Z INFO  gauge_mc_runner] Sampling 1870/2000
[2024-02-21T04:56:47Z INFO  gauge_mc_runner] Sampling 1880/2000
[2024-02-21T04:57:37Z INFO  gauge_mc_runner] Sampling 1890/2000
[2024-02-21T04:58:26Z INFO  gauge_mc_runner] Sampling 1900/2000
[2024-02-21T04:59:16Z INFO  gauge_mc_runner] Sampling 1910/2000
[2024-02-21T05:00:05Z INFO  gauge_mc_runner] Sampling 1920/2000
[2024-02-21T05:00:55Z INFO  gauge_mc_runner] Sampling 1930/2000
[2024-02-21T05:01:45Z INFO  gauge_mc_runner] Sampling 1940/2000
[2024-02-21T05:02:34Z INFO  gauge_mc_runner] Sampling 1950/2000
[2024-02-21T05:03:24Z INFO  gauge_mc_runner] Sampling 1960/2000
[2024-02-21T05:04:13Z INFO  gauge_mc_runner] Sampling 1970/2000
[2024-02-21T05:05:03Z INFO  gauge_mc_runner] Sampling 1980/2000
[2024-02-21T05:05:53Z INFO  gauge_mc_runner] Sampling 1990/2000
[2024-02-21T05:06:42Z INFO  gauge_mc_runner] Done!
