warning: unused import: `DualState`
 --> src/main.rs:5:39
  |
5 | use gaugemc::{CudaBackend, CudaError, DualState, SiteIndex};
  |                                       ^^^^^^^^^
  |
  = note: `#[warn(unused_imports)]` on by default

warning: unused imports: `Array0`, `Array6`, `ArrayView1`, `ArrayView2`, `ArrayView3`
 --> src/main.rs:8:8
  |
8 |     s, Array0, Array1, Array2, Array3, Array6, ArrayView1, ArrayView2, ArrayView3, Axis,
  |        ^^^^^^                          ^^^^^^  ^^^^^^^^^^  ^^^^^^^^^^  ^^^^^^^^^^

warning: `gauge_mc_runner` (bin "gauge_mc_runner") generated 2 warnings (run `cargo fix --bin "gauge_mc_runner"` to apply 2 suggestions)
    Finished release [optimized] target(s) in 0.05s
     Running `target/release/gauge_mc_runner --klow 0.775 --khigh 0.777 -r 64 -N 2000 -w 100 -L 24 --config-output outputs/villain/L=24/out-k0775-k0777.yaml --output-winding -o outputs/villain/L=24/out-k0775-k0777.npz`
[2024-02-21T10:53:56Z INFO  gauge_mc_runner] Warmup 0/100
[2024-02-21T10:54:45Z INFO  gauge_mc_runner] Warmup 10/100
[2024-02-21T10:55:34Z INFO  gauge_mc_runner] Warmup 20/100
[2024-02-21T10:56:24Z INFO  gauge_mc_runner] Warmup 30/100
[2024-02-21T10:57:13Z INFO  gauge_mc_runner] Warmup 40/100
[2024-02-21T10:58:03Z INFO  gauge_mc_runner] Warmup 50/100
[2024-02-21T10:58:52Z INFO  gauge_mc_runner] Warmup 60/100
[2024-02-21T10:59:42Z INFO  gauge_mc_runner] Warmup 70/100
[2024-02-21T11:00:31Z INFO  gauge_mc_runner] Warmup 80/100
[2024-02-21T11:01:20Z INFO  gauge_mc_runner] Warmup 90/100
[2024-02-21T11:02:10Z INFO  gauge_mc_runner] Done!
[2024-02-21T11:02:10Z INFO  gauge_mc_runner] Sampling 0/2000
[2024-02-21T11:03:00Z INFO  gauge_mc_runner] Sampling 10/2000
[2024-02-21T11:03:49Z INFO  gauge_mc_runner] Sampling 20/2000
[2024-02-21T11:04:39Z INFO  gauge_mc_runner] Sampling 30/2000
[2024-02-21T11:05:29Z INFO  gauge_mc_runner] Sampling 40/2000
[2024-02-21T11:06:18Z INFO  gauge_mc_runner] Sampling 50/2000
[2024-02-21T11:07:08Z INFO  gauge_mc_runner] Sampling 60/2000
[2024-02-21T11:07:57Z INFO  gauge_mc_runner] Sampling 70/2000
[2024-02-21T11:08:47Z INFO  gauge_mc_runner] Sampling 80/2000
[2024-02-21T11:09:36Z INFO  gauge_mc_runner] Sampling 90/2000
[2024-02-21T11:10:26Z INFO  gauge_mc_runner] Sampling 100/2000
[2024-02-21T11:11:16Z INFO  gauge_mc_runner] Sampling 110/2000
[2024-02-21T11:12:05Z INFO  gauge_mc_runner] Sampling 120/2000
[2024-02-21T11:12:55Z INFO  gauge_mc_runner] Sampling 130/2000
[2024-02-21T11:13:44Z INFO  gauge_mc_runner] Sampling 140/2000
[2024-02-21T11:14:34Z INFO  gauge_mc_runner] Sampling 150/2000
[2024-02-21T11:15:23Z INFO  gauge_mc_runner] Sampling 160/2000
[2024-02-21T11:16:13Z INFO  gauge_mc_runner] Sampling 170/2000
[2024-02-21T11:17:02Z INFO  gauge_mc_runner] Sampling 180/2000
[2024-02-21T11:17:52Z INFO  gauge_mc_runner] Sampling 190/2000
[2024-02-21T11:18:42Z INFO  gauge_mc_runner] Sampling 200/2000
[2024-02-21T11:19:31Z INFO  gauge_mc_runner] Sampling 210/2000
[2024-02-21T11:20:21Z INFO  gauge_mc_runner] Sampling 220/2000
[2024-02-21T11:21:10Z INFO  gauge_mc_runner] Sampling 230/2000
[2024-02-21T11:22:00Z INFO  gauge_mc_runner] Sampling 240/2000
[2024-02-21T11:22:49Z INFO  gauge_mc_runner] Sampling 250/2000
[2024-02-21T11:23:39Z INFO  gauge_mc_runner] Sampling 260/2000
[2024-02-21T11:24:29Z INFO  gauge_mc_runner] Sampling 270/2000
[2024-02-21T11:25:18Z INFO  gauge_mc_runner] Sampling 280/2000
[2024-02-21T11:26:08Z INFO  gauge_mc_runner] Sampling 290/2000
[2024-02-21T11:26:57Z INFO  gauge_mc_runner] Sampling 300/2000
[2024-02-21T11:27:47Z INFO  gauge_mc_runner] Sampling 310/2000
[2024-02-21T11:28:36Z INFO  gauge_mc_runner] Sampling 320/2000
[2024-02-21T11:29:26Z INFO  gauge_mc_runner] Sampling 330/2000
[2024-02-21T11:30:16Z INFO  gauge_mc_runner] Sampling 340/2000
[2024-02-21T11:31:05Z INFO  gauge_mc_runner] Sampling 350/2000
[2024-02-21T11:31:55Z INFO  gauge_mc_runner] Sampling 360/2000
[2024-02-21T11:32:44Z INFO  gauge_mc_runner] Sampling 370/2000
[2024-02-21T11:33:34Z INFO  gauge_mc_runner] Sampling 380/2000
[2024-02-21T11:34:23Z INFO  gauge_mc_runner] Sampling 390/2000
[2024-02-21T11:35:13Z INFO  gauge_mc_runner] Sampling 400/2000
[2024-02-21T11:36:03Z INFO  gauge_mc_runner] Sampling 410/2000
[2024-02-21T11:36:52Z INFO  gauge_mc_runner] Sampling 420/2000
[2024-02-21T11:37:42Z INFO  gauge_mc_runner] Sampling 430/2000
[2024-02-21T11:38:31Z INFO  gauge_mc_runner] Sampling 440/2000
[2024-02-21T11:39:21Z INFO  gauge_mc_runner] Sampling 450/2000
[2024-02-21T11:40:10Z INFO  gauge_mc_runner] Sampling 460/2000
[2024-02-21T11:41:00Z INFO  gauge_mc_runner] Sampling 470/2000
[2024-02-21T11:41:49Z INFO  gauge_mc_runner] Sampling 480/2000
[2024-02-21T11:42:39Z INFO  gauge_mc_runner] Sampling 490/2000
[2024-02-21T11:43:29Z INFO  gauge_mc_runner] Sampling 500/2000
[2024-02-21T11:44:18Z INFO  gauge_mc_runner] Sampling 510/2000
[2024-02-21T11:45:08Z INFO  gauge_mc_runner] Sampling 520/2000
[2024-02-21T11:45:57Z INFO  gauge_mc_runner] Sampling 530/2000
[2024-02-21T11:46:47Z INFO  gauge_mc_runner] Sampling 540/2000
[2024-02-21T11:47:36Z INFO  gauge_mc_runner] Sampling 550/2000
[2024-02-21T11:48:26Z INFO  gauge_mc_runner] Sampling 560/2000
[2024-02-21T11:49:16Z INFO  gauge_mc_runner] Sampling 570/2000
[2024-02-21T11:50:05Z INFO  gauge_mc_runner] Sampling 580/2000
[2024-02-21T11:50:55Z INFO  gauge_mc_runner] Sampling 590/2000
[2024-02-21T11:51:44Z INFO  gauge_mc_runner] Sampling 600/2000
[2024-02-21T11:52:34Z INFO  gauge_mc_runner] Sampling 610/2000
[2024-02-21T11:53:23Z INFO  gauge_mc_runner] Sampling 620/2000
[2024-02-21T11:54:13Z INFO  gauge_mc_runner] Sampling 630/2000
[2024-02-21T11:55:03Z INFO  gauge_mc_runner] Sampling 640/2000
[2024-02-21T11:55:52Z INFO  gauge_mc_runner] Sampling 650/2000
[2024-02-21T11:56:42Z INFO  gauge_mc_runner] Sampling 660/2000
[2024-02-21T11:57:31Z INFO  gauge_mc_runner] Sampling 670/2000
[2024-02-21T11:58:21Z INFO  gauge_mc_runner] Sampling 680/2000
[2024-02-21T11:59:11Z INFO  gauge_mc_runner] Sampling 690/2000
[2024-02-21T12:00:00Z INFO  gauge_mc_runner] Sampling 700/2000
[2024-02-21T12:00:50Z INFO  gauge_mc_runner] Sampling 710/2000
[2024-02-21T12:01:39Z INFO  gauge_mc_runner] Sampling 720/2000
[2024-02-21T12:02:29Z INFO  gauge_mc_runner] Sampling 730/2000
[2024-02-21T12:03:18Z INFO  gauge_mc_runner] Sampling 740/2000
[2024-02-21T12:04:08Z INFO  gauge_mc_runner] Sampling 750/2000
[2024-02-21T12:04:58Z INFO  gauge_mc_runner] Sampling 760/2000
[2024-02-21T12:05:47Z INFO  gauge_mc_runner] Sampling 770/2000
[2024-02-21T12:06:37Z INFO  gauge_mc_runner] Sampling 780/2000
[2024-02-21T12:07:26Z INFO  gauge_mc_runner] Sampling 790/2000
[2024-02-21T12:08:16Z INFO  gauge_mc_runner] Sampling 800/2000
[2024-02-21T12:09:05Z INFO  gauge_mc_runner] Sampling 810/2000
[2024-02-21T12:09:55Z INFO  gauge_mc_runner] Sampling 820/2000
[2024-02-21T12:10:45Z INFO  gauge_mc_runner] Sampling 830/2000
[2024-02-21T12:11:34Z INFO  gauge_mc_runner] Sampling 840/2000
[2024-02-21T12:12:24Z INFO  gauge_mc_runner] Sampling 850/2000
[2024-02-21T12:13:13Z INFO  gauge_mc_runner] Sampling 860/2000
[2024-02-21T12:14:03Z INFO  gauge_mc_runner] Sampling 870/2000
[2024-02-21T12:14:52Z INFO  gauge_mc_runner] Sampling 880/2000
[2024-02-21T12:15:42Z INFO  gauge_mc_runner] Sampling 890/2000
[2024-02-21T12:16:32Z INFO  gauge_mc_runner] Sampling 900/2000
[2024-02-21T12:17:21Z INFO  gauge_mc_runner] Sampling 910/2000
[2024-02-21T12:18:11Z INFO  gauge_mc_runner] Sampling 920/2000
[2024-02-21T12:19:00Z INFO  gauge_mc_runner] Sampling 930/2000
[2024-02-21T12:19:50Z INFO  gauge_mc_runner] Sampling 940/2000
[2024-02-21T12:20:39Z INFO  gauge_mc_runner] Sampling 950/2000
[2024-02-21T12:21:29Z INFO  gauge_mc_runner] Sampling 960/2000
[2024-02-21T12:22:19Z INFO  gauge_mc_runner] Sampling 970/2000
[2024-02-21T12:23:08Z INFO  gauge_mc_runner] Sampling 980/2000
[2024-02-21T12:23:58Z INFO  gauge_mc_runner] Sampling 990/2000
[2024-02-21T12:24:47Z INFO  gauge_mc_runner] Sampling 1000/2000
[2024-02-21T12:25:37Z INFO  gauge_mc_runner] Sampling 1010/2000
[2024-02-21T12:26:26Z INFO  gauge_mc_runner] Sampling 1020/2000
[2024-02-21T12:27:16Z INFO  gauge_mc_runner] Sampling 1030/2000
[2024-02-21T12:28:05Z INFO  gauge_mc_runner] Sampling 1040/2000
[2024-02-21T12:28:55Z INFO  gauge_mc_runner] Sampling 1050/2000
[2024-02-21T12:29:45Z INFO  gauge_mc_runner] Sampling 1060/2000
[2024-02-21T12:30:34Z INFO  gauge_mc_runner] Sampling 1070/2000
[2024-02-21T12:31:24Z INFO  gauge_mc_runner] Sampling 1080/2000
[2024-02-21T12:32:13Z INFO  gauge_mc_runner] Sampling 1090/2000
[2024-02-21T12:33:03Z INFO  gauge_mc_runner] Sampling 1100/2000
[2024-02-21T12:33:53Z INFO  gauge_mc_runner] Sampling 1110/2000
[2024-02-21T12:34:42Z INFO  gauge_mc_runner] Sampling 1120/2000
[2024-02-21T12:35:32Z INFO  gauge_mc_runner] Sampling 1130/2000
[2024-02-21T12:36:21Z INFO  gauge_mc_runner] Sampling 1140/2000
[2024-02-21T12:37:11Z INFO  gauge_mc_runner] Sampling 1150/2000
[2024-02-21T12:38:00Z INFO  gauge_mc_runner] Sampling 1160/2000
[2024-02-21T12:38:50Z INFO  gauge_mc_runner] Sampling 1170/2000
[2024-02-21T12:39:39Z INFO  gauge_mc_runner] Sampling 1180/2000
[2024-02-21T12:40:29Z INFO  gauge_mc_runner] Sampling 1190/2000
[2024-02-21T12:41:19Z INFO  gauge_mc_runner] Sampling 1200/2000
[2024-02-21T12:42:08Z INFO  gauge_mc_runner] Sampling 1210/2000
[2024-02-21T12:42:58Z INFO  gauge_mc_runner] Sampling 1220/2000
[2024-02-21T12:43:47Z INFO  gauge_mc_runner] Sampling 1230/2000
[2024-02-21T12:44:37Z INFO  gauge_mc_runner] Sampling 1240/2000
[2024-02-21T12:45:26Z INFO  gauge_mc_runner] Sampling 1250/2000
[2024-02-21T12:46:16Z INFO  gauge_mc_runner] Sampling 1260/2000
[2024-02-21T12:47:05Z INFO  gauge_mc_runner] Sampling 1270/2000
[2024-02-21T12:47:55Z INFO  gauge_mc_runner] Sampling 1280/2000
[2024-02-21T12:48:45Z INFO  gauge_mc_runner] Sampling 1290/2000
[2024-02-21T12:49:34Z INFO  gauge_mc_runner] Sampling 1300/2000
[2024-02-21T12:50:24Z INFO  gauge_mc_runner] Sampling 1310/2000
[2024-02-21T12:51:13Z INFO  gauge_mc_runner] Sampling 1320/2000
[2024-02-21T12:52:03Z INFO  gauge_mc_runner] Sampling 1330/2000
[2024-02-21T12:52:52Z INFO  gauge_mc_runner] Sampling 1340/2000
[2024-02-21T12:53:42Z INFO  gauge_mc_runner] Sampling 1350/2000
[2024-02-21T12:54:32Z INFO  gauge_mc_runner] Sampling 1360/2000
[2024-02-21T12:55:21Z INFO  gauge_mc_runner] Sampling 1370/2000
[2024-02-21T12:56:11Z INFO  gauge_mc_runner] Sampling 1380/2000
[2024-02-21T12:57:00Z INFO  gauge_mc_runner] Sampling 1390/2000
[2024-02-21T12:57:50Z INFO  gauge_mc_runner] Sampling 1400/2000
[2024-02-21T12:58:39Z INFO  gauge_mc_runner] Sampling 1410/2000
[2024-02-21T12:59:29Z INFO  gauge_mc_runner] Sampling 1420/2000
[2024-02-21T13:00:19Z INFO  gauge_mc_runner] Sampling 1430/2000
[2024-02-21T13:01:08Z INFO  gauge_mc_runner] Sampling 1440/2000
[2024-02-21T13:01:58Z INFO  gauge_mc_runner] Sampling 1450/2000
[2024-02-21T13:02:47Z INFO  gauge_mc_runner] Sampling 1460/2000
[2024-02-21T13:03:37Z INFO  gauge_mc_runner] Sampling 1470/2000
[2024-02-21T13:04:26Z INFO  gauge_mc_runner] Sampling 1480/2000
[2024-02-21T13:05:16Z INFO  gauge_mc_runner] Sampling 1490/2000
[2024-02-21T13:06:05Z INFO  gauge_mc_runner] Sampling 1500/2000
[2024-02-21T13:06:55Z INFO  gauge_mc_runner] Sampling 1510/2000
[2024-02-21T13:07:45Z INFO  gauge_mc_runner] Sampling 1520/2000
[2024-02-21T13:08:34Z INFO  gauge_mc_runner] Sampling 1530/2000
[2024-02-21T13:09:24Z INFO  gauge_mc_runner] Sampling 1540/2000
[2024-02-21T13:10:13Z INFO  gauge_mc_runner] Sampling 1550/2000
[2024-02-21T13:11:03Z INFO  gauge_mc_runner] Sampling 1560/2000
[2024-02-21T13:11:52Z INFO  gauge_mc_runner] Sampling 1570/2000
[2024-02-21T13:12:42Z INFO  gauge_mc_runner] Sampling 1580/2000
[2024-02-21T13:13:31Z INFO  gauge_mc_runner] Sampling 1590/2000
[2024-02-21T13:14:21Z INFO  gauge_mc_runner] Sampling 1600/2000
[2024-02-21T13:15:11Z INFO  gauge_mc_runner] Sampling 1610/2000
[2024-02-21T13:16:00Z INFO  gauge_mc_runner] Sampling 1620/2000
[2024-02-21T13:16:50Z INFO  gauge_mc_runner] Sampling 1630/2000
[2024-02-21T13:17:39Z INFO  gauge_mc_runner] Sampling 1640/2000
[2024-02-21T13:18:29Z INFO  gauge_mc_runner] Sampling 1650/2000
[2024-02-21T13:19:18Z INFO  gauge_mc_runner] Sampling 1660/2000
[2024-02-21T13:20:08Z INFO  gauge_mc_runner] Sampling 1670/2000
[2024-02-21T13:20:58Z INFO  gauge_mc_runner] Sampling 1680/2000
[2024-02-21T13:21:47Z INFO  gauge_mc_runner] Sampling 1690/2000
[2024-02-21T13:22:37Z INFO  gauge_mc_runner] Sampling 1700/2000
[2024-02-21T13:23:26Z INFO  gauge_mc_runner] Sampling 1710/2000
[2024-02-21T13:24:16Z INFO  gauge_mc_runner] Sampling 1720/2000
[2024-02-21T13:25:05Z INFO  gauge_mc_runner] Sampling 1730/2000
[2024-02-21T13:25:55Z INFO  gauge_mc_runner] Sampling 1740/2000
[2024-02-21T13:26:45Z INFO  gauge_mc_runner] Sampling 1750/2000
[2024-02-21T13:27:34Z INFO  gauge_mc_runner] Sampling 1760/2000
[2024-02-21T13:28:24Z INFO  gauge_mc_runner] Sampling 1770/2000
[2024-02-21T13:29:13Z INFO  gauge_mc_runner] Sampling 1780/2000
[2024-02-21T13:30:03Z INFO  gauge_mc_runner] Sampling 1790/2000
[2024-02-21T13:30:52Z INFO  gauge_mc_runner] Sampling 1800/2000
[2024-02-21T13:31:42Z INFO  gauge_mc_runner] Sampling 1810/2000
[2024-02-21T13:32:32Z INFO  gauge_mc_runner] Sampling 1820/2000
[2024-02-21T13:33:21Z INFO  gauge_mc_runner] Sampling 1830/2000
[2024-02-21T13:34:11Z INFO  gauge_mc_runner] Sampling 1840/2000
[2024-02-21T13:35:00Z INFO  gauge_mc_runner] Sampling 1850/2000
[2024-02-21T13:35:50Z INFO  gauge_mc_runner] Sampling 1860/2000
[2024-02-21T13:36:39Z INFO  gauge_mc_runner] Sampling 1870/2000
[2024-02-21T13:37:29Z INFO  gauge_mc_runner] Sampling 1880/2000
[2024-02-21T13:38:19Z INFO  gauge_mc_runner] Sampling 1890/2000
[2024-02-21T13:39:08Z INFO  gauge_mc_runner] Sampling 1900/2000
[2024-02-21T13:39:58Z INFO  gauge_mc_runner] Sampling 1910/2000
[2024-02-21T13:40:47Z INFO  gauge_mc_runner] Sampling 1920/2000
[2024-02-21T13:41:37Z INFO  gauge_mc_runner] Sampling 1930/2000
[2024-02-21T13:42:26Z INFO  gauge_mc_runner] Sampling 1940/2000
[2024-02-21T13:43:16Z INFO  gauge_mc_runner] Sampling 1950/2000
[2024-02-21T13:44:05Z INFO  gauge_mc_runner] Sampling 1960/2000
[2024-02-21T13:44:55Z INFO  gauge_mc_runner] Sampling 1970/2000
[2024-02-21T13:45:45Z INFO  gauge_mc_runner] Sampling 1980/2000
[2024-02-21T13:46:34Z INFO  gauge_mc_runner] Sampling 1990/2000
[2024-02-21T13:47:24Z INFO  gauge_mc_runner] Done!
