warning: unused import: `DualState`
 --> src/main.rs:5:39
  |
5 | use gaugemc::{CudaBackend, CudaError, DualState, SiteIndex};
  |                                       ^^^^^^^^^
  |
  = note: `#[warn(unused_imports)]` on by default

warning: unused imports: `Array0`, `Array6`, `ArrayView1`, `ArrayView2`, `ArrayView3`
 --> src/main.rs:8:8
  |
8 |     s, Array0, Array1, Array2, Array3, Array6, ArrayView1, ArrayView2, ArrayView3, Axis,
  |        ^^^^^^                          ^^^^^^  ^^^^^^^^^^  ^^^^^^^^^^  ^^^^^^^^^^

warning: `gauge_mc_runner` (bin "gauge_mc_runner") generated 2 warnings (run `cargo fix --bin "gauge_mc_runner"` to apply 2 suggestions)
    Finished release [optimized] target(s) in 0.05s
     Running `target/release/gauge_mc_runner --klow 0.775 --khigh 0.777 -r 64 -N 2000 -w 100 -L 28 --config-output outputs/villain/L=28/out-k0775-k0777.yaml --output-winding -o outputs/villain/L=28/out-k0775-k0777.npz`
[2024-02-22T06:19:51Z INFO  gauge_mc_runner] Warmup 0/100
[2024-02-22T06:21:25Z INFO  gauge_mc_runner] Warmup 10/100
[2024-02-22T06:22:59Z INFO  gauge_mc_runner] Warmup 20/100
[2024-02-22T06:24:33Z INFO  gauge_mc_runner] Warmup 30/100
[2024-02-22T06:26:07Z INFO  gauge_mc_runner] Warmup 40/100
[2024-02-22T06:27:41Z INFO  gauge_mc_runner] Warmup 50/100
[2024-02-22T06:29:16Z INFO  gauge_mc_runner] Warmup 60/100
[2024-02-22T06:30:50Z INFO  gauge_mc_runner] Warmup 70/100
[2024-02-22T06:32:25Z INFO  gauge_mc_runner] Warmup 80/100
[2024-02-22T06:33:59Z INFO  gauge_mc_runner] Warmup 90/100
[2024-02-22T06:35:33Z INFO  gauge_mc_runner] Done!
[2024-02-22T06:35:33Z INFO  gauge_mc_runner] Sampling 0/2000
[2024-02-22T06:37:08Z INFO  gauge_mc_runner] Sampling 10/2000
[2024-02-22T06:38:42Z INFO  gauge_mc_runner] Sampling 20/2000
[2024-02-22T06:40:17Z INFO  gauge_mc_runner] Sampling 30/2000
[2024-02-22T06:41:51Z INFO  gauge_mc_runner] Sampling 40/2000
[2024-02-22T06:43:26Z INFO  gauge_mc_runner] Sampling 50/2000
[2024-02-22T06:45:00Z INFO  gauge_mc_runner] Sampling 60/2000
[2024-02-22T06:46:35Z INFO  gauge_mc_runner] Sampling 70/2000
[2024-02-22T06:48:09Z INFO  gauge_mc_runner] Sampling 80/2000
[2024-02-22T06:49:44Z INFO  gauge_mc_runner] Sampling 90/2000
[2024-02-22T06:51:18Z INFO  gauge_mc_runner] Sampling 100/2000
[2024-02-22T06:52:53Z INFO  gauge_mc_runner] Sampling 110/2000
[2024-02-22T06:54:27Z INFO  gauge_mc_runner] Sampling 120/2000
[2024-02-22T06:56:02Z INFO  gauge_mc_runner] Sampling 130/2000
[2024-02-22T06:57:36Z INFO  gauge_mc_runner] Sampling 140/2000
[2024-02-22T06:59:11Z INFO  gauge_mc_runner] Sampling 150/2000
[2024-02-22T07:00:45Z INFO  gauge_mc_runner] Sampling 160/2000
[2024-02-22T07:02:19Z INFO  gauge_mc_runner] Sampling 170/2000
[2024-02-22T07:03:54Z INFO  gauge_mc_runner] Sampling 180/2000
[2024-02-22T07:05:28Z INFO  gauge_mc_runner] Sampling 190/2000
[2024-02-22T07:07:03Z INFO  gauge_mc_runner] Sampling 200/2000
[2024-02-22T07:08:37Z INFO  gauge_mc_runner] Sampling 210/2000
[2024-02-22T07:10:12Z INFO  gauge_mc_runner] Sampling 220/2000
[2024-02-22T07:11:46Z INFO  gauge_mc_runner] Sampling 230/2000
[2024-02-22T07:13:21Z INFO  gauge_mc_runner] Sampling 240/2000
[2024-02-22T07:14:55Z INFO  gauge_mc_runner] Sampling 250/2000
[2024-02-22T07:16:30Z INFO  gauge_mc_runner] Sampling 260/2000
[2024-02-22T07:18:04Z INFO  gauge_mc_runner] Sampling 270/2000
[2024-02-22T07:19:39Z INFO  gauge_mc_runner] Sampling 280/2000
[2024-02-22T07:21:13Z INFO  gauge_mc_runner] Sampling 290/2000
[2024-02-22T07:22:48Z INFO  gauge_mc_runner] Sampling 300/2000
[2024-02-22T07:24:22Z INFO  gauge_mc_runner] Sampling 310/2000
[2024-02-22T07:25:57Z INFO  gauge_mc_runner] Sampling 320/2000
[2024-02-22T07:27:31Z INFO  gauge_mc_runner] Sampling 330/2000
[2024-02-22T07:29:06Z INFO  gauge_mc_runner] Sampling 340/2000
[2024-02-22T07:30:40Z INFO  gauge_mc_runner] Sampling 350/2000
[2024-02-22T07:32:15Z INFO  gauge_mc_runner] Sampling 360/2000
[2024-02-22T07:33:49Z INFO  gauge_mc_runner] Sampling 370/2000
[2024-02-22T07:35:24Z INFO  gauge_mc_runner] Sampling 380/2000
[2024-02-22T07:36:58Z INFO  gauge_mc_runner] Sampling 390/2000
[2024-02-22T07:38:32Z INFO  gauge_mc_runner] Sampling 400/2000
[2024-02-22T07:40:07Z INFO  gauge_mc_runner] Sampling 410/2000
[2024-02-22T07:41:41Z INFO  gauge_mc_runner] Sampling 420/2000
[2024-02-22T07:43:16Z INFO  gauge_mc_runner] Sampling 430/2000
[2024-02-22T07:44:50Z INFO  gauge_mc_runner] Sampling 440/2000
[2024-02-22T07:46:25Z INFO  gauge_mc_runner] Sampling 450/2000
[2024-02-22T07:47:59Z INFO  gauge_mc_runner] Sampling 460/2000
[2024-02-22T07:49:34Z INFO  gauge_mc_runner] Sampling 470/2000
[2024-02-22T07:51:08Z INFO  gauge_mc_runner] Sampling 480/2000
[2024-02-22T07:52:43Z INFO  gauge_mc_runner] Sampling 490/2000
[2024-02-22T07:54:17Z INFO  gauge_mc_runner] Sampling 500/2000
[2024-02-22T07:55:52Z INFO  gauge_mc_runner] Sampling 510/2000
[2024-02-22T07:57:26Z INFO  gauge_mc_runner] Sampling 520/2000
[2024-02-22T07:59:01Z INFO  gauge_mc_runner] Sampling 530/2000
[2024-02-22T08:00:35Z INFO  gauge_mc_runner] Sampling 540/2000
[2024-02-22T08:02:10Z INFO  gauge_mc_runner] Sampling 550/2000
[2024-02-22T08:03:44Z INFO  gauge_mc_runner] Sampling 560/2000
[2024-02-22T08:05:19Z INFO  gauge_mc_runner] Sampling 570/2000
[2024-02-22T08:06:53Z INFO  gauge_mc_runner] Sampling 580/2000
[2024-02-22T08:08:28Z INFO  gauge_mc_runner] Sampling 590/2000
[2024-02-22T08:10:02Z INFO  gauge_mc_runner] Sampling 600/2000
[2024-02-22T08:11:37Z INFO  gauge_mc_runner] Sampling 610/2000
[2024-02-22T08:13:11Z INFO  gauge_mc_runner] Sampling 620/2000
[2024-02-22T08:14:45Z INFO  gauge_mc_runner] Sampling 630/2000
[2024-02-22T08:16:20Z INFO  gauge_mc_runner] Sampling 640/2000
[2024-02-22T08:17:54Z INFO  gauge_mc_runner] Sampling 650/2000
[2024-02-22T08:19:29Z INFO  gauge_mc_runner] Sampling 660/2000
[2024-02-22T08:21:03Z INFO  gauge_mc_runner] Sampling 670/2000
[2024-02-22T08:22:38Z INFO  gauge_mc_runner] Sampling 680/2000
[2024-02-22T08:24:12Z INFO  gauge_mc_runner] Sampling 690/2000
[2024-02-22T08:25:47Z INFO  gauge_mc_runner] Sampling 700/2000
[2024-02-22T08:27:21Z INFO  gauge_mc_runner] Sampling 710/2000
[2024-02-22T08:28:56Z INFO  gauge_mc_runner] Sampling 720/2000
[2024-02-22T08:30:30Z INFO  gauge_mc_runner] Sampling 730/2000
[2024-02-22T08:32:05Z INFO  gauge_mc_runner] Sampling 740/2000
[2024-02-22T08:33:39Z INFO  gauge_mc_runner] Sampling 750/2000
[2024-02-22T08:35:14Z INFO  gauge_mc_runner] Sampling 760/2000
[2024-02-22T08:36:48Z INFO  gauge_mc_runner] Sampling 770/2000
[2024-02-22T08:38:23Z INFO  gauge_mc_runner] Sampling 780/2000
[2024-02-22T08:39:57Z INFO  gauge_mc_runner] Sampling 790/2000
[2024-02-22T08:41:32Z INFO  gauge_mc_runner] Sampling 800/2000
[2024-02-22T08:43:06Z INFO  gauge_mc_runner] Sampling 810/2000
[2024-02-22T08:44:41Z INFO  gauge_mc_runner] Sampling 820/2000
[2024-02-22T08:46:15Z INFO  gauge_mc_runner] Sampling 830/2000
[2024-02-22T08:47:50Z INFO  gauge_mc_runner] Sampling 840/2000
[2024-02-22T08:49:24Z INFO  gauge_mc_runner] Sampling 850/2000
[2024-02-22T08:50:59Z INFO  gauge_mc_runner] Sampling 860/2000
[2024-02-22T08:52:33Z INFO  gauge_mc_runner] Sampling 870/2000
[2024-02-22T08:54:08Z INFO  gauge_mc_runner] Sampling 880/2000
[2024-02-22T08:55:42Z INFO  gauge_mc_runner] Sampling 890/2000
[2024-02-22T08:57:16Z INFO  gauge_mc_runner] Sampling 900/2000
[2024-02-22T08:58:51Z INFO  gauge_mc_runner] Sampling 910/2000
[2024-02-22T09:00:25Z INFO  gauge_mc_runner] Sampling 920/2000
[2024-02-22T09:02:00Z INFO  gauge_mc_runner] Sampling 930/2000
[2024-02-22T09:03:34Z INFO  gauge_mc_runner] Sampling 940/2000
[2024-02-22T09:05:09Z INFO  gauge_mc_runner] Sampling 950/2000
[2024-02-22T09:06:43Z INFO  gauge_mc_runner] Sampling 960/2000
[2024-02-22T09:08:18Z INFO  gauge_mc_runner] Sampling 970/2000
[2024-02-22T09:09:52Z INFO  gauge_mc_runner] Sampling 980/2000
[2024-02-22T09:11:27Z INFO  gauge_mc_runner] Sampling 990/2000
[2024-02-22T09:13:01Z INFO  gauge_mc_runner] Sampling 1000/2000
[2024-02-22T09:14:36Z INFO  gauge_mc_runner] Sampling 1010/2000
[2024-02-22T09:16:10Z INFO  gauge_mc_runner] Sampling 1020/2000
[2024-02-22T09:17:45Z INFO  gauge_mc_runner] Sampling 1030/2000
[2024-02-22T09:19:19Z INFO  gauge_mc_runner] Sampling 1040/2000
[2024-02-22T09:20:54Z INFO  gauge_mc_runner] Sampling 1050/2000
[2024-02-22T09:22:28Z INFO  gauge_mc_runner] Sampling 1060/2000
[2024-02-22T09:24:03Z INFO  gauge_mc_runner] Sampling 1070/2000
[2024-02-22T09:25:37Z INFO  gauge_mc_runner] Sampling 1080/2000
[2024-02-22T09:27:12Z INFO  gauge_mc_runner] Sampling 1090/2000
[2024-02-22T09:28:46Z INFO  gauge_mc_runner] Sampling 1100/2000
[2024-02-22T09:30:21Z INFO  gauge_mc_runner] Sampling 1110/2000
[2024-02-22T09:31:55Z INFO  gauge_mc_runner] Sampling 1120/2000
[2024-02-22T09:33:29Z INFO  gauge_mc_runner] Sampling 1130/2000
[2024-02-22T09:35:04Z INFO  gauge_mc_runner] Sampling 1140/2000
[2024-02-22T09:36:38Z INFO  gauge_mc_runner] Sampling 1150/2000
[2024-02-22T09:38:13Z INFO  gauge_mc_runner] Sampling 1160/2000
[2024-02-22T09:39:47Z INFO  gauge_mc_runner] Sampling 1170/2000
[2024-02-22T09:41:22Z INFO  gauge_mc_runner] Sampling 1180/2000
[2024-02-22T09:42:56Z INFO  gauge_mc_runner] Sampling 1190/2000
[2024-02-22T09:44:31Z INFO  gauge_mc_runner] Sampling 1200/2000
[2024-02-22T09:46:05Z INFO  gauge_mc_runner] Sampling 1210/2000
[2024-02-22T09:47:40Z INFO  gauge_mc_runner] Sampling 1220/2000
[2024-02-22T09:49:14Z INFO  gauge_mc_runner] Sampling 1230/2000
[2024-02-22T09:50:49Z INFO  gauge_mc_runner] Sampling 1240/2000
[2024-02-22T09:52:23Z INFO  gauge_mc_runner] Sampling 1250/2000
[2024-02-22T09:53:58Z INFO  gauge_mc_runner] Sampling 1260/2000
[2024-02-22T09:55:32Z INFO  gauge_mc_runner] Sampling 1270/2000
[2024-02-22T09:57:07Z INFO  gauge_mc_runner] Sampling 1280/2000
[2024-02-22T09:58:41Z INFO  gauge_mc_runner] Sampling 1290/2000
[2024-02-22T10:00:16Z INFO  gauge_mc_runner] Sampling 1300/2000
[2024-02-22T10:01:50Z INFO  gauge_mc_runner] Sampling 1310/2000
[2024-02-22T10:03:25Z INFO  gauge_mc_runner] Sampling 1320/2000
[2024-02-22T10:04:59Z INFO  gauge_mc_runner] Sampling 1330/2000
[2024-02-22T10:06:34Z INFO  gauge_mc_runner] Sampling 1340/2000
[2024-02-22T10:08:08Z INFO  gauge_mc_runner] Sampling 1350/2000
[2024-02-22T10:09:43Z INFO  gauge_mc_runner] Sampling 1360/2000
[2024-02-22T10:11:17Z INFO  gauge_mc_runner] Sampling 1370/2000
[2024-02-22T10:12:52Z INFO  gauge_mc_runner] Sampling 1380/2000
[2024-02-22T10:14:26Z INFO  gauge_mc_runner] Sampling 1390/2000
[2024-02-22T10:16:01Z INFO  gauge_mc_runner] Sampling 1400/2000
[2024-02-22T10:17:35Z INFO  gauge_mc_runner] Sampling 1410/2000
[2024-02-22T10:19:09Z INFO  gauge_mc_runner] Sampling 1420/2000
[2024-02-22T10:20:44Z INFO  gauge_mc_runner] Sampling 1430/2000
[2024-02-22T10:22:18Z INFO  gauge_mc_runner] Sampling 1440/2000
[2024-02-22T10:23:53Z INFO  gauge_mc_runner] Sampling 1450/2000
[2024-02-22T10:25:27Z INFO  gauge_mc_runner] Sampling 1460/2000
[2024-02-22T10:27:02Z INFO  gauge_mc_runner] Sampling 1470/2000
[2024-02-22T10:28:36Z INFO  gauge_mc_runner] Sampling 1480/2000
[2024-02-22T10:30:11Z INFO  gauge_mc_runner] Sampling 1490/2000
[2024-02-22T10:31:45Z INFO  gauge_mc_runner] Sampling 1500/2000
[2024-02-22T10:33:20Z INFO  gauge_mc_runner] Sampling 1510/2000
[2024-02-22T10:34:54Z INFO  gauge_mc_runner] Sampling 1520/2000
[2024-02-22T10:36:29Z INFO  gauge_mc_runner] Sampling 1530/2000
[2024-02-22T10:38:03Z INFO  gauge_mc_runner] Sampling 1540/2000
[2024-02-22T10:39:38Z INFO  gauge_mc_runner] Sampling 1550/2000
[2024-02-22T10:41:12Z INFO  gauge_mc_runner] Sampling 1560/2000
[2024-02-22T10:42:47Z INFO  gauge_mc_runner] Sampling 1570/2000
[2024-02-22T10:44:21Z INFO  gauge_mc_runner] Sampling 1580/2000
[2024-02-22T10:45:56Z INFO  gauge_mc_runner] Sampling 1590/2000
[2024-02-22T10:47:30Z INFO  gauge_mc_runner] Sampling 1600/2000
[2024-02-22T10:49:05Z INFO  gauge_mc_runner] Sampling 1610/2000
[2024-02-22T10:50:39Z INFO  gauge_mc_runner] Sampling 1620/2000
[2024-02-22T10:52:14Z INFO  gauge_mc_runner] Sampling 1630/2000
[2024-02-22T10:53:48Z INFO  gauge_mc_runner] Sampling 1640/2000
[2024-02-22T10:55:23Z INFO  gauge_mc_runner] Sampling 1650/2000
[2024-02-22T10:56:57Z INFO  gauge_mc_runner] Sampling 1660/2000
[2024-02-22T10:58:32Z INFO  gauge_mc_runner] Sampling 1670/2000
[2024-02-22T11:00:06Z INFO  gauge_mc_runner] Sampling 1680/2000
[2024-02-22T11:01:40Z INFO  gauge_mc_runner] Sampling 1690/2000
[2024-02-22T11:03:15Z INFO  gauge_mc_runner] Sampling 1700/2000
[2024-02-22T11:04:49Z INFO  gauge_mc_runner] Sampling 1710/2000
[2024-02-22T11:06:24Z INFO  gauge_mc_runner] Sampling 1720/2000
[2024-02-22T11:07:58Z INFO  gauge_mc_runner] Sampling 1730/2000
[2024-02-22T11:09:33Z INFO  gauge_mc_runner] Sampling 1740/2000
[2024-02-22T11:11:07Z INFO  gauge_mc_runner] Sampling 1750/2000
[2024-02-22T11:12:42Z INFO  gauge_mc_runner] Sampling 1760/2000
[2024-02-22T11:14:16Z INFO  gauge_mc_runner] Sampling 1770/2000
[2024-02-22T11:15:51Z INFO  gauge_mc_runner] Sampling 1780/2000
[2024-02-22T11:17:25Z INFO  gauge_mc_runner] Sampling 1790/2000
[2024-02-22T11:19:00Z INFO  gauge_mc_runner] Sampling 1800/2000
[2024-02-22T11:20:34Z INFO  gauge_mc_runner] Sampling 1810/2000
[2024-02-22T11:22:09Z INFO  gauge_mc_runner] Sampling 1820/2000
[2024-02-22T11:23:43Z INFO  gauge_mc_runner] Sampling 1830/2000
[2024-02-22T11:25:18Z INFO  gauge_mc_runner] Sampling 1840/2000
[2024-02-22T11:26:52Z INFO  gauge_mc_runner] Sampling 1850/2000
[2024-02-22T11:28:26Z INFO  gauge_mc_runner] Sampling 1860/2000
[2024-02-22T11:30:01Z INFO  gauge_mc_runner] Sampling 1870/2000
[2024-02-22T11:31:35Z INFO  gauge_mc_runner] Sampling 1880/2000
[2024-02-22T11:33:10Z INFO  gauge_mc_runner] Sampling 1890/2000
[2024-02-22T11:34:44Z INFO  gauge_mc_runner] Sampling 1900/2000
[2024-02-22T11:36:19Z INFO  gauge_mc_runner] Sampling 1910/2000
[2024-02-22T11:37:53Z INFO  gauge_mc_runner] Sampling 1920/2000
[2024-02-22T11:39:28Z INFO  gauge_mc_runner] Sampling 1930/2000
[2024-02-22T11:41:02Z INFO  gauge_mc_runner] Sampling 1940/2000
[2024-02-22T11:42:37Z INFO  gauge_mc_runner] Sampling 1950/2000
[2024-02-22T11:44:11Z INFO  gauge_mc_runner] Sampling 1960/2000
[2024-02-22T11:45:46Z INFO  gauge_mc_runner] Sampling 1970/2000
[2024-02-22T11:47:20Z INFO  gauge_mc_runner] Sampling 1980/2000
[2024-02-22T11:48:55Z INFO  gauge_mc_runner] Sampling 1990/2000
[2024-02-22T11:50:29Z INFO  gauge_mc_runner] Done!
