warning: unused import: `DualState`
 --> src/main.rs:5:39
  |
5 | use gaugemc::{CudaBackend, CudaError, DualState, SiteIndex};
  |                                       ^^^^^^^^^
  |
  = note: `#[warn(unused_imports)]` on by default

warning: unused imports: `Array0`, `Array6`, `ArrayView1`, `ArrayView2`, `ArrayView3`
 --> src/main.rs:8:8
  |
8 |     s, Array0, Array1, Array2, Array3, Array6, ArrayView1, ArrayView2, ArrayView3, Axis,
  |        ^^^^^^                          ^^^^^^  ^^^^^^^^^^  ^^^^^^^^^^  ^^^^^^^^^^

warning: `gauge_mc_runner` (bin "gauge_mc_runner") generated 2 warnings (run `cargo fix --bin "gauge_mc_runner"` to apply 2 suggestions)
    Finished release [optimized] target(s) in 0.05s
     Running `target/release/gauge_mc_runner --klow 0.76 --khigh 0.79 -r 64 -N 2000 -w 100 -L 28 --config-output outputs/villain/L=28/out-k076-k079.yaml --output-winding -o outputs/villain/L=28/out-k076-k079.npz`
[2024-02-21T19:18:22Z INFO  gauge_mc_runner] Warmup 0/100
[2024-02-21T19:19:56Z INFO  gauge_mc_runner] Warmup 10/100
[2024-02-21T19:21:30Z INFO  gauge_mc_runner] Warmup 20/100
[2024-02-21T19:23:04Z INFO  gauge_mc_runner] Warmup 30/100
[2024-02-21T19:24:39Z INFO  gauge_mc_runner] Warmup 40/100
[2024-02-21T19:26:13Z INFO  gauge_mc_runner] Warmup 50/100
[2024-02-21T19:27:47Z INFO  gauge_mc_runner] Warmup 60/100
[2024-02-21T19:29:22Z INFO  gauge_mc_runner] Warmup 70/100
[2024-02-21T19:30:56Z INFO  gauge_mc_runner] Warmup 80/100
[2024-02-21T19:32:31Z INFO  gauge_mc_runner] Warmup 90/100
[2024-02-21T19:34:04Z INFO  gauge_mc_runner] Done!
[2024-02-21T19:34:04Z INFO  gauge_mc_runner] Sampling 0/2000
[2024-02-21T19:35:40Z INFO  gauge_mc_runner] Sampling 10/2000
[2024-02-21T19:37:14Z INFO  gauge_mc_runner] Sampling 20/2000
[2024-02-21T19:38:49Z INFO  gauge_mc_runner] Sampling 30/2000
[2024-02-21T19:40:23Z INFO  gauge_mc_runner] Sampling 40/2000
[2024-02-21T19:41:58Z INFO  gauge_mc_runner] Sampling 50/2000
[2024-02-21T19:43:32Z INFO  gauge_mc_runner] Sampling 60/2000
[2024-02-21T19:45:07Z INFO  gauge_mc_runner] Sampling 70/2000
[2024-02-21T19:46:41Z INFO  gauge_mc_runner] Sampling 80/2000
[2024-02-21T19:48:16Z INFO  gauge_mc_runner] Sampling 90/2000
[2024-02-21T19:49:50Z INFO  gauge_mc_runner] Sampling 100/2000
[2024-02-21T19:51:25Z INFO  gauge_mc_runner] Sampling 110/2000
[2024-02-21T19:52:59Z INFO  gauge_mc_runner] Sampling 120/2000
[2024-02-21T19:54:34Z INFO  gauge_mc_runner] Sampling 130/2000
[2024-02-21T19:56:08Z INFO  gauge_mc_runner] Sampling 140/2000
[2024-02-21T19:57:43Z INFO  gauge_mc_runner] Sampling 150/2000
[2024-02-21T19:59:17Z INFO  gauge_mc_runner] Sampling 160/2000
[2024-02-21T20:00:52Z INFO  gauge_mc_runner] Sampling 170/2000
[2024-02-21T20:02:26Z INFO  gauge_mc_runner] Sampling 180/2000
[2024-02-21T20:04:01Z INFO  gauge_mc_runner] Sampling 190/2000
[2024-02-21T20:05:35Z INFO  gauge_mc_runner] Sampling 200/2000
[2024-02-21T20:07:10Z INFO  gauge_mc_runner] Sampling 210/2000
[2024-02-21T20:08:44Z INFO  gauge_mc_runner] Sampling 220/2000
[2024-02-21T20:10:19Z INFO  gauge_mc_runner] Sampling 230/2000
[2024-02-21T20:11:53Z INFO  gauge_mc_runner] Sampling 240/2000
[2024-02-21T20:13:28Z INFO  gauge_mc_runner] Sampling 250/2000
[2024-02-21T20:15:02Z INFO  gauge_mc_runner] Sampling 260/2000
[2024-02-21T20:16:37Z INFO  gauge_mc_runner] Sampling 270/2000
[2024-02-21T20:18:11Z INFO  gauge_mc_runner] Sampling 280/2000
[2024-02-21T20:19:46Z INFO  gauge_mc_runner] Sampling 290/2000
[2024-02-21T20:21:20Z INFO  gauge_mc_runner] Sampling 300/2000
[2024-02-21T20:22:55Z INFO  gauge_mc_runner] Sampling 310/2000
[2024-02-21T20:24:29Z INFO  gauge_mc_runner] Sampling 320/2000
[2024-02-21T20:26:04Z INFO  gauge_mc_runner] Sampling 330/2000
[2024-02-21T20:27:38Z INFO  gauge_mc_runner] Sampling 340/2000
[2024-02-21T20:29:13Z INFO  gauge_mc_runner] Sampling 350/2000
[2024-02-21T20:30:47Z INFO  gauge_mc_runner] Sampling 360/2000
[2024-02-21T20:32:22Z INFO  gauge_mc_runner] Sampling 370/2000
[2024-02-21T20:33:56Z INFO  gauge_mc_runner] Sampling 380/2000
[2024-02-21T20:35:31Z INFO  gauge_mc_runner] Sampling 390/2000
[2024-02-21T20:37:05Z INFO  gauge_mc_runner] Sampling 400/2000
[2024-02-21T20:38:40Z INFO  gauge_mc_runner] Sampling 410/2000
[2024-02-21T20:40:14Z INFO  gauge_mc_runner] Sampling 420/2000
[2024-02-21T20:41:49Z INFO  gauge_mc_runner] Sampling 430/2000
[2024-02-21T20:43:23Z INFO  gauge_mc_runner] Sampling 440/2000
[2024-02-21T20:44:58Z INFO  gauge_mc_runner] Sampling 450/2000
[2024-02-21T20:46:32Z INFO  gauge_mc_runner] Sampling 460/2000
[2024-02-21T20:48:07Z INFO  gauge_mc_runner] Sampling 470/2000
[2024-02-21T20:49:41Z INFO  gauge_mc_runner] Sampling 480/2000
[2024-02-21T20:51:16Z INFO  gauge_mc_runner] Sampling 490/2000
[2024-02-21T20:52:50Z INFO  gauge_mc_runner] Sampling 500/2000
[2024-02-21T20:54:25Z INFO  gauge_mc_runner] Sampling 510/2000
[2024-02-21T20:55:59Z INFO  gauge_mc_runner] Sampling 520/2000
[2024-02-21T20:57:34Z INFO  gauge_mc_runner] Sampling 530/2000
[2024-02-21T20:59:08Z INFO  gauge_mc_runner] Sampling 540/2000
[2024-02-21T21:00:43Z INFO  gauge_mc_runner] Sampling 550/2000
[2024-02-21T21:02:17Z INFO  gauge_mc_runner] Sampling 560/2000
[2024-02-21T21:03:52Z INFO  gauge_mc_runner] Sampling 570/2000
[2024-02-21T21:05:26Z INFO  gauge_mc_runner] Sampling 580/2000
[2024-02-21T21:07:01Z INFO  gauge_mc_runner] Sampling 590/2000
[2024-02-21T21:08:35Z INFO  gauge_mc_runner] Sampling 600/2000
[2024-02-21T21:10:10Z INFO  gauge_mc_runner] Sampling 610/2000
[2024-02-21T21:11:44Z INFO  gauge_mc_runner] Sampling 620/2000
[2024-02-21T21:13:19Z INFO  gauge_mc_runner] Sampling 630/2000
[2024-02-21T21:14:53Z INFO  gauge_mc_runner] Sampling 640/2000
[2024-02-21T21:16:28Z INFO  gauge_mc_runner] Sampling 650/2000
[2024-02-21T21:18:02Z INFO  gauge_mc_runner] Sampling 660/2000
[2024-02-21T21:19:37Z INFO  gauge_mc_runner] Sampling 670/2000
[2024-02-21T21:21:11Z INFO  gauge_mc_runner] Sampling 680/2000
[2024-02-21T21:22:46Z INFO  gauge_mc_runner] Sampling 690/2000
[2024-02-21T21:24:20Z INFO  gauge_mc_runner] Sampling 700/2000
[2024-02-21T21:25:55Z INFO  gauge_mc_runner] Sampling 710/2000
[2024-02-21T21:27:29Z INFO  gauge_mc_runner] Sampling 720/2000
[2024-02-21T21:29:04Z INFO  gauge_mc_runner] Sampling 730/2000
[2024-02-21T21:30:38Z INFO  gauge_mc_runner] Sampling 740/2000
[2024-02-21T21:32:13Z INFO  gauge_mc_runner] Sampling 750/2000
[2024-02-21T21:33:47Z INFO  gauge_mc_runner] Sampling 760/2000
[2024-02-21T21:35:22Z INFO  gauge_mc_runner] Sampling 770/2000
[2024-02-21T21:36:56Z INFO  gauge_mc_runner] Sampling 780/2000
[2024-02-21T21:38:31Z INFO  gauge_mc_runner] Sampling 790/2000
[2024-02-21T21:40:05Z INFO  gauge_mc_runner] Sampling 800/2000
[2024-02-21T21:41:40Z INFO  gauge_mc_runner] Sampling 810/2000
[2024-02-21T21:43:14Z INFO  gauge_mc_runner] Sampling 820/2000
[2024-02-21T21:44:49Z INFO  gauge_mc_runner] Sampling 830/2000
[2024-02-21T21:46:23Z INFO  gauge_mc_runner] Sampling 840/2000
[2024-02-21T21:47:58Z INFO  gauge_mc_runner] Sampling 850/2000
[2024-02-21T21:49:32Z INFO  gauge_mc_runner] Sampling 860/2000
[2024-02-21T21:51:07Z INFO  gauge_mc_runner] Sampling 870/2000
[2024-02-21T21:52:41Z INFO  gauge_mc_runner] Sampling 880/2000
[2024-02-21T21:54:16Z INFO  gauge_mc_runner] Sampling 890/2000
[2024-02-21T21:55:50Z INFO  gauge_mc_runner] Sampling 900/2000
[2024-02-21T21:57:25Z INFO  gauge_mc_runner] Sampling 910/2000
[2024-02-21T21:58:59Z INFO  gauge_mc_runner] Sampling 920/2000
[2024-02-21T22:00:34Z INFO  gauge_mc_runner] Sampling 930/2000
[2024-02-21T22:02:08Z INFO  gauge_mc_runner] Sampling 940/2000
[2024-02-21T22:03:43Z INFO  gauge_mc_runner] Sampling 950/2000
[2024-02-21T22:05:17Z INFO  gauge_mc_runner] Sampling 960/2000
[2024-02-21T22:06:52Z INFO  gauge_mc_runner] Sampling 970/2000
[2024-02-21T22:08:26Z INFO  gauge_mc_runner] Sampling 980/2000
[2024-02-21T22:10:01Z INFO  gauge_mc_runner] Sampling 990/2000
[2024-02-21T22:11:35Z INFO  gauge_mc_runner] Sampling 1000/2000
[2024-02-21T22:13:10Z INFO  gauge_mc_runner] Sampling 1010/2000
[2024-02-21T22:14:44Z INFO  gauge_mc_runner] Sampling 1020/2000
[2024-02-21T22:16:19Z INFO  gauge_mc_runner] Sampling 1030/2000
[2024-02-21T22:17:53Z INFO  gauge_mc_runner] Sampling 1040/2000
[2024-02-21T22:19:28Z INFO  gauge_mc_runner] Sampling 1050/2000
[2024-02-21T22:21:02Z INFO  gauge_mc_runner] Sampling 1060/2000
[2024-02-21T22:22:37Z INFO  gauge_mc_runner] Sampling 1070/2000
[2024-02-21T22:24:11Z INFO  gauge_mc_runner] Sampling 1080/2000
[2024-02-21T22:25:46Z INFO  gauge_mc_runner] Sampling 1090/2000
[2024-02-21T22:27:21Z INFO  gauge_mc_runner] Sampling 1100/2000
[2024-02-21T22:28:55Z INFO  gauge_mc_runner] Sampling 1110/2000
[2024-02-21T22:30:30Z INFO  gauge_mc_runner] Sampling 1120/2000
[2024-02-21T22:32:04Z INFO  gauge_mc_runner] Sampling 1130/2000
[2024-02-21T22:33:39Z INFO  gauge_mc_runner] Sampling 1140/2000
[2024-02-21T22:35:13Z INFO  gauge_mc_runner] Sampling 1150/2000
[2024-02-21T22:36:48Z INFO  gauge_mc_runner] Sampling 1160/2000
[2024-02-21T22:38:22Z INFO  gauge_mc_runner] Sampling 1170/2000
[2024-02-21T22:39:57Z INFO  gauge_mc_runner] Sampling 1180/2000
[2024-02-21T22:41:31Z INFO  gauge_mc_runner] Sampling 1190/2000
[2024-02-21T22:43:06Z INFO  gauge_mc_runner] Sampling 1200/2000
[2024-02-21T22:44:40Z INFO  gauge_mc_runner] Sampling 1210/2000
[2024-02-21T22:46:15Z INFO  gauge_mc_runner] Sampling 1220/2000
[2024-02-21T22:47:49Z INFO  gauge_mc_runner] Sampling 1230/2000
[2024-02-21T22:49:24Z INFO  gauge_mc_runner] Sampling 1240/2000
[2024-02-21T22:50:58Z INFO  gauge_mc_runner] Sampling 1250/2000
[2024-02-21T22:52:33Z INFO  gauge_mc_runner] Sampling 1260/2000
[2024-02-21T22:54:07Z INFO  gauge_mc_runner] Sampling 1270/2000
[2024-02-21T22:55:42Z INFO  gauge_mc_runner] Sampling 1280/2000
[2024-02-21T22:57:16Z INFO  gauge_mc_runner] Sampling 1290/2000
[2024-02-21T22:58:51Z INFO  gauge_mc_runner] Sampling 1300/2000
[2024-02-21T23:00:25Z INFO  gauge_mc_runner] Sampling 1310/2000
[2024-02-21T23:02:00Z INFO  gauge_mc_runner] Sampling 1320/2000
[2024-02-21T23:03:34Z INFO  gauge_mc_runner] Sampling 1330/2000
[2024-02-21T23:05:09Z INFO  gauge_mc_runner] Sampling 1340/2000
[2024-02-21T23:06:43Z INFO  gauge_mc_runner] Sampling 1350/2000
[2024-02-21T23:08:18Z INFO  gauge_mc_runner] Sampling 1360/2000
[2024-02-21T23:09:53Z INFO  gauge_mc_runner] Sampling 1370/2000
[2024-02-21T23:11:27Z INFO  gauge_mc_runner] Sampling 1380/2000
[2024-02-21T23:13:02Z INFO  gauge_mc_runner] Sampling 1390/2000
[2024-02-21T23:14:36Z INFO  gauge_mc_runner] Sampling 1400/2000
[2024-02-21T23:16:11Z INFO  gauge_mc_runner] Sampling 1410/2000
[2024-02-21T23:17:45Z INFO  gauge_mc_runner] Sampling 1420/2000
[2024-02-21T23:19:20Z INFO  gauge_mc_runner] Sampling 1430/2000
[2024-02-21T23:20:54Z INFO  gauge_mc_runner] Sampling 1440/2000
[2024-02-21T23:22:29Z INFO  gauge_mc_runner] Sampling 1450/2000
[2024-02-21T23:24:03Z INFO  gauge_mc_runner] Sampling 1460/2000
[2024-02-21T23:25:38Z INFO  gauge_mc_runner] Sampling 1470/2000
[2024-02-21T23:27:12Z INFO  gauge_mc_runner] Sampling 1480/2000
[2024-02-21T23:28:47Z INFO  gauge_mc_runner] Sampling 1490/2000
[2024-02-21T23:30:21Z INFO  gauge_mc_runner] Sampling 1500/2000
[2024-02-21T23:31:56Z INFO  gauge_mc_runner] Sampling 1510/2000
[2024-02-21T23:33:30Z INFO  gauge_mc_runner] Sampling 1520/2000
[2024-02-21T23:35:05Z INFO  gauge_mc_runner] Sampling 1530/2000
[2024-02-21T23:36:40Z INFO  gauge_mc_runner] Sampling 1540/2000
[2024-02-21T23:38:14Z INFO  gauge_mc_runner] Sampling 1550/2000
[2024-02-21T23:39:49Z INFO  gauge_mc_runner] Sampling 1560/2000
[2024-02-21T23:41:23Z INFO  gauge_mc_runner] Sampling 1570/2000
[2024-02-21T23:42:58Z INFO  gauge_mc_runner] Sampling 1580/2000
[2024-02-21T23:44:32Z INFO  gauge_mc_runner] Sampling 1590/2000
[2024-02-21T23:46:07Z INFO  gauge_mc_runner] Sampling 1600/2000
[2024-02-21T23:47:41Z INFO  gauge_mc_runner] Sampling 1610/2000
[2024-02-21T23:49:16Z INFO  gauge_mc_runner] Sampling 1620/2000
[2024-02-21T23:50:50Z INFO  gauge_mc_runner] Sampling 1630/2000
[2024-02-21T23:52:25Z INFO  gauge_mc_runner] Sampling 1640/2000
[2024-02-21T23:53:59Z INFO  gauge_mc_runner] Sampling 1650/2000
[2024-02-21T23:55:34Z INFO  gauge_mc_runner] Sampling 1660/2000
[2024-02-21T23:57:08Z INFO  gauge_mc_runner] Sampling 1670/2000
[2024-02-21T23:58:43Z INFO  gauge_mc_runner] Sampling 1680/2000
[2024-02-22T00:00:17Z INFO  gauge_mc_runner] Sampling 1690/2000
[2024-02-22T00:01:52Z INFO  gauge_mc_runner] Sampling 1700/2000
[2024-02-22T00:03:26Z INFO  gauge_mc_runner] Sampling 1710/2000
[2024-02-22T00:05:01Z INFO  gauge_mc_runner] Sampling 1720/2000
[2024-02-22T00:06:35Z INFO  gauge_mc_runner] Sampling 1730/2000
[2024-02-22T00:08:10Z INFO  gauge_mc_runner] Sampling 1740/2000
[2024-02-22T00:09:44Z INFO  gauge_mc_runner] Sampling 1750/2000
[2024-02-22T00:11:19Z INFO  gauge_mc_runner] Sampling 1760/2000
[2024-02-22T00:12:53Z INFO  gauge_mc_runner] Sampling 1770/2000
[2024-02-22T00:14:28Z INFO  gauge_mc_runner] Sampling 1780/2000
[2024-02-22T00:16:02Z INFO  gauge_mc_runner] Sampling 1790/2000
[2024-02-22T00:17:37Z INFO  gauge_mc_runner] Sampling 1800/2000
[2024-02-22T00:19:11Z INFO  gauge_mc_runner] Sampling 1810/2000
[2024-02-22T00:20:46Z INFO  gauge_mc_runner] Sampling 1820/2000
[2024-02-22T00:22:20Z INFO  gauge_mc_runner] Sampling 1830/2000
[2024-02-22T00:23:55Z INFO  gauge_mc_runner] Sampling 1840/2000
[2024-02-22T00:25:29Z INFO  gauge_mc_runner] Sampling 1850/2000
[2024-02-22T00:27:04Z INFO  gauge_mc_runner] Sampling 1860/2000
[2024-02-22T00:28:39Z INFO  gauge_mc_runner] Sampling 1870/2000
[2024-02-22T00:30:13Z INFO  gauge_mc_runner] Sampling 1880/2000
[2024-02-22T00:31:48Z INFO  gauge_mc_runner] Sampling 1890/2000
[2024-02-22T00:33:22Z INFO  gauge_mc_runner] Sampling 1900/2000
[2024-02-22T00:34:57Z INFO  gauge_mc_runner] Sampling 1910/2000
[2024-02-22T00:36:31Z INFO  gauge_mc_runner] Sampling 1920/2000
[2024-02-22T00:38:06Z INFO  gauge_mc_runner] Sampling 1930/2000
[2024-02-22T00:39:40Z INFO  gauge_mc_runner] Sampling 1940/2000
[2024-02-22T00:41:15Z INFO  gauge_mc_runner] Sampling 1950/2000
[2024-02-22T00:42:49Z INFO  gauge_mc_runner] Sampling 1960/2000
[2024-02-22T00:44:24Z INFO  gauge_mc_runner] Sampling 1970/2000
[2024-02-22T00:45:58Z INFO  gauge_mc_runner] Sampling 1980/2000
[2024-02-22T00:47:33Z INFO  gauge_mc_runner] Sampling 1990/2000
[2024-02-22T00:49:07Z INFO  gauge_mc_runner] Done!
