warning: unused import: `DualState`
 --> src/main.rs:5:39
  |
5 | use gaugemc::{CudaBackend, CudaError, DualState, SiteIndex};
  |                                       ^^^^^^^^^
  |
  = note: `#[warn(unused_imports)]` on by default

warning: unused imports: `Array0`, `Array6`, `ArrayView1`, `ArrayView2`, `ArrayView3`
 --> src/main.rs:8:8
  |
8 |     s, Array0, Array1, Array2, Array3, Array6, ArrayView1, ArrayView2, ArrayView3, Axis,
  |        ^^^^^^                          ^^^^^^  ^^^^^^^^^^  ^^^^^^^^^^  ^^^^^^^^^^

warning: `gauge_mc_runner` (bin "gauge_mc_runner") generated 2 warnings (run `cargo fix --bin "gauge_mc_runner"` to apply 2 suggestions)
    Finished release [optimized] target(s) in 0.05s
     Running `target/release/gauge_mc_runner --klow 0.77 --khigh 0.78 -r 64 -N 2000 -w 100 -L 28 --config-output outputs/villain/L=28/out-k077-k078.yaml --output-winding -o outputs/villain/L=28/out-k077-k078.npz`
[2024-02-22T00:49:08Z INFO  gauge_mc_runner] Warmup 0/100
[2024-02-22T00:50:42Z INFO  gauge_mc_runner] Warmup 10/100
[2024-02-22T00:52:16Z INFO  gauge_mc_runner] Warmup 20/100
[2024-02-22T00:53:51Z INFO  gauge_mc_runner] Warmup 30/100
[2024-02-22T00:55:25Z INFO  gauge_mc_runner] Warmup 40/100
[2024-02-22T00:56:59Z INFO  gauge_mc_runner] Warmup 50/100
[2024-02-22T00:58:34Z INFO  gauge_mc_runner] Warmup 60/100
[2024-02-22T01:00:08Z INFO  gauge_mc_runner] Warmup 70/100
[2024-02-22T01:01:42Z INFO  gauge_mc_runner] Warmup 80/100
[2024-02-22T01:03:16Z INFO  gauge_mc_runner] Warmup 90/100
[2024-02-22T01:04:51Z INFO  gauge_mc_runner] Done!
[2024-02-22T01:04:51Z INFO  gauge_mc_runner] Sampling 0/2000
[2024-02-22T01:06:26Z INFO  gauge_mc_runner] Sampling 10/2000
[2024-02-22T01:08:00Z INFO  gauge_mc_runner] Sampling 20/2000
[2024-02-22T01:09:35Z INFO  gauge_mc_runner] Sampling 30/2000
[2024-02-22T01:11:09Z INFO  gauge_mc_runner] Sampling 40/2000
[2024-02-22T01:12:44Z INFO  gauge_mc_runner] Sampling 50/2000
[2024-02-22T01:14:18Z INFO  gauge_mc_runner] Sampling 60/2000
[2024-02-22T01:15:52Z INFO  gauge_mc_runner] Sampling 70/2000
[2024-02-22T01:17:27Z INFO  gauge_mc_runner] Sampling 80/2000
[2024-02-22T01:19:01Z INFO  gauge_mc_runner] Sampling 90/2000
[2024-02-22T01:20:36Z INFO  gauge_mc_runner] Sampling 100/2000
[2024-02-22T01:22:10Z INFO  gauge_mc_runner] Sampling 110/2000
[2024-02-22T01:23:45Z INFO  gauge_mc_runner] Sampling 120/2000
[2024-02-22T01:25:19Z INFO  gauge_mc_runner] Sampling 130/2000
[2024-02-22T01:26:54Z INFO  gauge_mc_runner] Sampling 140/2000
[2024-02-22T01:28:28Z INFO  gauge_mc_runner] Sampling 150/2000
[2024-02-22T01:30:03Z INFO  gauge_mc_runner] Sampling 160/2000
[2024-02-22T01:31:37Z INFO  gauge_mc_runner] Sampling 170/2000
[2024-02-22T01:33:12Z INFO  gauge_mc_runner] Sampling 180/2000
[2024-02-22T01:34:46Z INFO  gauge_mc_runner] Sampling 190/2000
[2024-02-22T01:36:21Z INFO  gauge_mc_runner] Sampling 200/2000
[2024-02-22T01:37:55Z INFO  gauge_mc_runner] Sampling 210/2000
[2024-02-22T01:39:30Z INFO  gauge_mc_runner] Sampling 220/2000
[2024-02-22T01:41:04Z INFO  gauge_mc_runner] Sampling 230/2000
[2024-02-22T01:42:39Z INFO  gauge_mc_runner] Sampling 240/2000
[2024-02-22T01:44:13Z INFO  gauge_mc_runner] Sampling 250/2000
[2024-02-22T01:45:48Z INFO  gauge_mc_runner] Sampling 260/2000
[2024-02-22T01:47:22Z INFO  gauge_mc_runner] Sampling 270/2000
[2024-02-22T01:48:57Z INFO  gauge_mc_runner] Sampling 280/2000
[2024-02-22T01:50:31Z INFO  gauge_mc_runner] Sampling 290/2000
[2024-02-22T01:52:06Z INFO  gauge_mc_runner] Sampling 300/2000
[2024-02-22T01:53:40Z INFO  gauge_mc_runner] Sampling 310/2000
[2024-02-22T01:55:15Z INFO  gauge_mc_runner] Sampling 320/2000
[2024-02-22T01:56:49Z INFO  gauge_mc_runner] Sampling 330/2000
[2024-02-22T01:58:24Z INFO  gauge_mc_runner] Sampling 340/2000
[2024-02-22T01:59:58Z INFO  gauge_mc_runner] Sampling 350/2000
[2024-02-22T02:01:33Z INFO  gauge_mc_runner] Sampling 360/2000
[2024-02-22T02:03:07Z INFO  gauge_mc_runner] Sampling 370/2000
[2024-02-22T02:04:42Z INFO  gauge_mc_runner] Sampling 380/2000
[2024-02-22T02:06:16Z INFO  gauge_mc_runner] Sampling 390/2000
[2024-02-22T02:07:51Z INFO  gauge_mc_runner] Sampling 400/2000
[2024-02-22T02:09:25Z INFO  gauge_mc_runner] Sampling 410/2000
[2024-02-22T02:11:00Z INFO  gauge_mc_runner] Sampling 420/2000
[2024-02-22T02:12:34Z INFO  gauge_mc_runner] Sampling 430/2000
[2024-02-22T02:14:09Z INFO  gauge_mc_runner] Sampling 440/2000
[2024-02-22T02:15:43Z INFO  gauge_mc_runner] Sampling 450/2000
[2024-02-22T02:17:18Z INFO  gauge_mc_runner] Sampling 460/2000
[2024-02-22T02:18:52Z INFO  gauge_mc_runner] Sampling 470/2000
[2024-02-22T02:20:27Z INFO  gauge_mc_runner] Sampling 480/2000
[2024-02-22T02:22:01Z INFO  gauge_mc_runner] Sampling 490/2000
[2024-02-22T02:23:36Z INFO  gauge_mc_runner] Sampling 500/2000
[2024-02-22T02:25:10Z INFO  gauge_mc_runner] Sampling 510/2000
[2024-02-22T02:26:45Z INFO  gauge_mc_runner] Sampling 520/2000
[2024-02-22T02:28:19Z INFO  gauge_mc_runner] Sampling 530/2000
[2024-02-22T02:29:54Z INFO  gauge_mc_runner] Sampling 540/2000
[2024-02-22T02:31:28Z INFO  gauge_mc_runner] Sampling 550/2000
[2024-02-22T02:33:03Z INFO  gauge_mc_runner] Sampling 560/2000
[2024-02-22T02:34:37Z INFO  gauge_mc_runner] Sampling 570/2000
[2024-02-22T02:36:12Z INFO  gauge_mc_runner] Sampling 580/2000
[2024-02-22T02:37:46Z INFO  gauge_mc_runner] Sampling 590/2000
[2024-02-22T02:39:21Z INFO  gauge_mc_runner] Sampling 600/2000
[2024-02-22T02:40:55Z INFO  gauge_mc_runner] Sampling 610/2000
[2024-02-22T02:42:30Z INFO  gauge_mc_runner] Sampling 620/2000
[2024-02-22T02:44:04Z INFO  gauge_mc_runner] Sampling 630/2000
[2024-02-22T02:45:39Z INFO  gauge_mc_runner] Sampling 640/2000
[2024-02-22T02:47:13Z INFO  gauge_mc_runner] Sampling 650/2000
[2024-02-22T02:48:48Z INFO  gauge_mc_runner] Sampling 660/2000
[2024-02-22T02:50:22Z INFO  gauge_mc_runner] Sampling 670/2000
[2024-02-22T02:51:57Z INFO  gauge_mc_runner] Sampling 680/2000
[2024-02-22T02:53:31Z INFO  gauge_mc_runner] Sampling 690/2000
[2024-02-22T02:55:06Z INFO  gauge_mc_runner] Sampling 700/2000
[2024-02-22T02:56:40Z INFO  gauge_mc_runner] Sampling 710/2000
[2024-02-22T02:58:15Z INFO  gauge_mc_runner] Sampling 720/2000
[2024-02-22T02:59:49Z INFO  gauge_mc_runner] Sampling 730/2000
[2024-02-22T03:01:24Z INFO  gauge_mc_runner] Sampling 740/2000
[2024-02-22T03:02:58Z INFO  gauge_mc_runner] Sampling 750/2000
[2024-02-22T03:04:33Z INFO  gauge_mc_runner] Sampling 760/2000
[2024-02-22T03:06:07Z INFO  gauge_mc_runner] Sampling 770/2000
[2024-02-22T03:07:42Z INFO  gauge_mc_runner] Sampling 780/2000
[2024-02-22T03:09:16Z INFO  gauge_mc_runner] Sampling 790/2000
[2024-02-22T03:10:51Z INFO  gauge_mc_runner] Sampling 800/2000
[2024-02-22T03:12:25Z INFO  gauge_mc_runner] Sampling 810/2000
[2024-02-22T03:14:00Z INFO  gauge_mc_runner] Sampling 820/2000
[2024-02-22T03:15:34Z INFO  gauge_mc_runner] Sampling 830/2000
[2024-02-22T03:17:09Z INFO  gauge_mc_runner] Sampling 840/2000
[2024-02-22T03:18:43Z INFO  gauge_mc_runner] Sampling 850/2000
[2024-02-22T03:20:18Z INFO  gauge_mc_runner] Sampling 860/2000
[2024-02-22T03:21:52Z INFO  gauge_mc_runner] Sampling 870/2000
[2024-02-22T03:23:27Z INFO  gauge_mc_runner] Sampling 880/2000
[2024-02-22T03:25:01Z INFO  gauge_mc_runner] Sampling 890/2000
[2024-02-22T03:26:36Z INFO  gauge_mc_runner] Sampling 900/2000
[2024-02-22T03:28:10Z INFO  gauge_mc_runner] Sampling 910/2000
[2024-02-22T03:29:45Z INFO  gauge_mc_runner] Sampling 920/2000
[2024-02-22T03:31:19Z INFO  gauge_mc_runner] Sampling 930/2000
[2024-02-22T03:32:54Z INFO  gauge_mc_runner] Sampling 940/2000
[2024-02-22T03:34:28Z INFO  gauge_mc_runner] Sampling 950/2000
[2024-02-22T03:36:03Z INFO  gauge_mc_runner] Sampling 960/2000
[2024-02-22T03:37:37Z INFO  gauge_mc_runner] Sampling 970/2000
[2024-02-22T03:39:12Z INFO  gauge_mc_runner] Sampling 980/2000
[2024-02-22T03:40:46Z INFO  gauge_mc_runner] Sampling 990/2000
[2024-02-22T03:42:21Z INFO  gauge_mc_runner] Sampling 1000/2000
[2024-02-22T03:43:55Z INFO  gauge_mc_runner] Sampling 1010/2000
[2024-02-22T03:45:30Z INFO  gauge_mc_runner] Sampling 1020/2000
[2024-02-22T03:47:04Z INFO  gauge_mc_runner] Sampling 1030/2000
[2024-02-22T03:48:39Z INFO  gauge_mc_runner] Sampling 1040/2000
[2024-02-22T03:50:13Z INFO  gauge_mc_runner] Sampling 1050/2000
[2024-02-22T03:51:48Z INFO  gauge_mc_runner] Sampling 1060/2000
[2024-02-22T03:53:22Z INFO  gauge_mc_runner] Sampling 1070/2000
[2024-02-22T03:54:57Z INFO  gauge_mc_runner] Sampling 1080/2000
[2024-02-22T03:56:31Z INFO  gauge_mc_runner] Sampling 1090/2000
[2024-02-22T03:58:06Z INFO  gauge_mc_runner] Sampling 1100/2000
[2024-02-22T03:59:40Z INFO  gauge_mc_runner] Sampling 1110/2000
[2024-02-22T04:01:15Z INFO  gauge_mc_runner] Sampling 1120/2000
[2024-02-22T04:02:49Z INFO  gauge_mc_runner] Sampling 1130/2000
[2024-02-22T04:04:23Z INFO  gauge_mc_runner] Sampling 1140/2000
[2024-02-22T04:05:58Z INFO  gauge_mc_runner] Sampling 1150/2000
[2024-02-22T04:07:32Z INFO  gauge_mc_runner] Sampling 1160/2000
[2024-02-22T04:09:07Z INFO  gauge_mc_runner] Sampling 1170/2000
[2024-02-22T04:10:41Z INFO  gauge_mc_runner] Sampling 1180/2000
[2024-02-22T04:12:16Z INFO  gauge_mc_runner] Sampling 1190/2000
[2024-02-22T04:13:50Z INFO  gauge_mc_runner] Sampling 1200/2000
[2024-02-22T04:15:25Z INFO  gauge_mc_runner] Sampling 1210/2000
[2024-02-22T04:16:59Z INFO  gauge_mc_runner] Sampling 1220/2000
[2024-02-22T04:18:34Z INFO  gauge_mc_runner] Sampling 1230/2000
[2024-02-22T04:20:08Z INFO  gauge_mc_runner] Sampling 1240/2000
[2024-02-22T04:21:43Z INFO  gauge_mc_runner] Sampling 1250/2000
[2024-02-22T04:23:17Z INFO  gauge_mc_runner] Sampling 1260/2000
[2024-02-22T04:24:52Z INFO  gauge_mc_runner] Sampling 1270/2000
[2024-02-22T04:26:26Z INFO  gauge_mc_runner] Sampling 1280/2000
[2024-02-22T04:28:01Z INFO  gauge_mc_runner] Sampling 1290/2000
[2024-02-22T04:29:35Z INFO  gauge_mc_runner] Sampling 1300/2000
[2024-02-22T04:31:10Z INFO  gauge_mc_runner] Sampling 1310/2000
[2024-02-22T04:32:44Z INFO  gauge_mc_runner] Sampling 1320/2000
[2024-02-22T04:34:19Z INFO  gauge_mc_runner] Sampling 1330/2000
[2024-02-22T04:35:53Z INFO  gauge_mc_runner] Sampling 1340/2000
[2024-02-22T04:37:28Z INFO  gauge_mc_runner] Sampling 1350/2000
[2024-02-22T04:39:02Z INFO  gauge_mc_runner] Sampling 1360/2000
[2024-02-22T04:40:37Z INFO  gauge_mc_runner] Sampling 1370/2000
[2024-02-22T04:42:11Z INFO  gauge_mc_runner] Sampling 1380/2000
[2024-02-22T04:43:46Z INFO  gauge_mc_runner] Sampling 1390/2000
[2024-02-22T04:45:20Z INFO  gauge_mc_runner] Sampling 1400/2000
[2024-02-22T04:46:55Z INFO  gauge_mc_runner] Sampling 1410/2000
[2024-02-22T04:48:29Z INFO  gauge_mc_runner] Sampling 1420/2000
[2024-02-22T04:50:04Z INFO  gauge_mc_runner] Sampling 1430/2000
[2024-02-22T04:51:38Z INFO  gauge_mc_runner] Sampling 1440/2000
[2024-02-22T04:53:13Z INFO  gauge_mc_runner] Sampling 1450/2000
[2024-02-22T04:54:47Z INFO  gauge_mc_runner] Sampling 1460/2000
[2024-02-22T04:56:22Z INFO  gauge_mc_runner] Sampling 1470/2000
[2024-02-22T04:57:56Z INFO  gauge_mc_runner] Sampling 1480/2000
[2024-02-22T04:59:31Z INFO  gauge_mc_runner] Sampling 1490/2000
[2024-02-22T05:01:05Z INFO  gauge_mc_runner] Sampling 1500/2000
[2024-02-22T05:02:40Z INFO  gauge_mc_runner] Sampling 1510/2000
[2024-02-22T05:04:14Z INFO  gauge_mc_runner] Sampling 1520/2000
[2024-02-22T05:05:49Z INFO  gauge_mc_runner] Sampling 1530/2000
[2024-02-22T05:07:23Z INFO  gauge_mc_runner] Sampling 1540/2000
[2024-02-22T05:08:58Z INFO  gauge_mc_runner] Sampling 1550/2000
[2024-02-22T05:10:32Z INFO  gauge_mc_runner] Sampling 1560/2000
[2024-02-22T05:12:07Z INFO  gauge_mc_runner] Sampling 1570/2000
[2024-02-22T05:13:41Z INFO  gauge_mc_runner] Sampling 1580/2000
[2024-02-22T05:15:16Z INFO  gauge_mc_runner] Sampling 1590/2000
[2024-02-22T05:16:50Z INFO  gauge_mc_runner] Sampling 1600/2000
[2024-02-22T05:18:25Z INFO  gauge_mc_runner] Sampling 1610/2000
[2024-02-22T05:19:59Z INFO  gauge_mc_runner] Sampling 1620/2000
[2024-02-22T05:21:34Z INFO  gauge_mc_runner] Sampling 1630/2000
[2024-02-22T05:23:08Z INFO  gauge_mc_runner] Sampling 1640/2000
[2024-02-22T05:24:43Z INFO  gauge_mc_runner] Sampling 1650/2000
[2024-02-22T05:26:17Z INFO  gauge_mc_runner] Sampling 1660/2000
[2024-02-22T05:27:52Z INFO  gauge_mc_runner] Sampling 1670/2000
[2024-02-22T05:29:26Z INFO  gauge_mc_runner] Sampling 1680/2000
[2024-02-22T05:31:01Z INFO  gauge_mc_runner] Sampling 1690/2000
[2024-02-22T05:32:35Z INFO  gauge_mc_runner] Sampling 1700/2000
[2024-02-22T05:34:10Z INFO  gauge_mc_runner] Sampling 1710/2000
[2024-02-22T05:35:44Z INFO  gauge_mc_runner] Sampling 1720/2000
[2024-02-22T05:37:19Z INFO  gauge_mc_runner] Sampling 1730/2000
[2024-02-22T05:38:53Z INFO  gauge_mc_runner] Sampling 1740/2000
[2024-02-22T05:40:28Z INFO  gauge_mc_runner] Sampling 1750/2000
[2024-02-22T05:42:02Z INFO  gauge_mc_runner] Sampling 1760/2000
[2024-02-22T05:43:37Z INFO  gauge_mc_runner] Sampling 1770/2000
[2024-02-22T05:45:11Z INFO  gauge_mc_runner] Sampling 1780/2000
[2024-02-22T05:46:46Z INFO  gauge_mc_runner] Sampling 1790/2000
[2024-02-22T05:48:20Z INFO  gauge_mc_runner] Sampling 1800/2000
[2024-02-22T05:49:55Z INFO  gauge_mc_runner] Sampling 1810/2000
[2024-02-22T05:51:29Z INFO  gauge_mc_runner] Sampling 1820/2000
[2024-02-22T05:53:04Z INFO  gauge_mc_runner] Sampling 1830/2000
[2024-02-22T05:54:38Z INFO  gauge_mc_runner] Sampling 1840/2000
[2024-02-22T05:56:13Z INFO  gauge_mc_runner] Sampling 1850/2000
[2024-02-22T05:57:47Z INFO  gauge_mc_runner] Sampling 1860/2000
[2024-02-22T05:59:22Z INFO  gauge_mc_runner] Sampling 1870/2000
[2024-02-22T06:00:56Z INFO  gauge_mc_runner] Sampling 1880/2000
[2024-02-22T06:02:31Z INFO  gauge_mc_runner] Sampling 1890/2000
[2024-02-22T06:04:05Z INFO  gauge_mc_runner] Sampling 1900/2000
[2024-02-22T06:05:40Z INFO  gauge_mc_runner] Sampling 1910/2000
[2024-02-22T06:07:14Z INFO  gauge_mc_runner] Sampling 1920/2000
[2024-02-22T06:08:49Z INFO  gauge_mc_runner] Sampling 1930/2000
[2024-02-22T06:10:23Z INFO  gauge_mc_runner] Sampling 1940/2000
[2024-02-22T06:11:58Z INFO  gauge_mc_runner] Sampling 1950/2000
[2024-02-22T06:13:32Z INFO  gauge_mc_runner] Sampling 1960/2000
[2024-02-22T06:15:07Z INFO  gauge_mc_runner] Sampling 1970/2000
[2024-02-22T06:16:41Z INFO  gauge_mc_runner] Sampling 1980/2000
[2024-02-22T06:18:16Z INFO  gauge_mc_runner] Sampling 1990/2000
[2024-02-22T06:19:50Z INFO  gauge_mc_runner] Done!
