warning: unused import: `DualState`
 --> src/main.rs:5:39
  |
5 | use gaugemc::{CudaBackend, CudaError, DualState, SiteIndex};
  |                                       ^^^^^^^^^
  |
  = note: `#[warn(unused_imports)]` on by default

warning: unused imports: `Array0`, `Array6`, `ArrayView1`, `ArrayView2`, `ArrayView3`
 --> src/main.rs:8:8
  |
8 |     s, Array0, Array1, Array2, Array3, Array6, ArrayView1, ArrayView2, ArrayView3, Axis,
  |        ^^^^^^                          ^^^^^^  ^^^^^^^^^^  ^^^^^^^^^^  ^^^^^^^^^^

warning: `gauge_mc_runner` (bin "gauge_mc_runner") generated 2 warnings (run `cargo fix --bin "gauge_mc_runner"` to apply 2 suggestions)
    Finished release [optimized] target(s) in 0.05s
     Running `target/release/gauge_mc_runner --klow 0.75 --khigh 0.85 -r 64 -N 2000 -w 100 -L 28 --config-output outputs/villain/L=28/out-k075-k085.yaml --output-winding -o outputs/villain/L=28/out-k075-k085.npz`
[2024-02-21T13:47:24Z INFO  gauge_mc_runner] Warmup 0/100
[2024-02-21T13:48:58Z INFO  gauge_mc_runner] Warmup 10/100
[2024-02-21T13:50:33Z INFO  gauge_mc_runner] Warmup 20/100
[2024-02-21T13:52:08Z INFO  gauge_mc_runner] Warmup 30/100
[2024-02-21T13:53:42Z INFO  gauge_mc_runner] Warmup 40/100
[2024-02-21T13:55:17Z INFO  gauge_mc_runner] Warmup 50/100
[2024-02-21T13:56:51Z INFO  gauge_mc_runner] Warmup 60/100
[2024-02-21T13:58:25Z INFO  gauge_mc_runner] Warmup 70/100
[2024-02-21T14:00:00Z INFO  gauge_mc_runner] Warmup 80/100
[2024-02-21T14:01:34Z INFO  gauge_mc_runner] Warmup 90/100
[2024-02-21T14:03:09Z INFO  gauge_mc_runner] Done!
[2024-02-21T14:03:09Z INFO  gauge_mc_runner] Sampling 0/2000
[2024-02-21T14:04:44Z INFO  gauge_mc_runner] Sampling 10/2000
[2024-02-21T14:06:19Z INFO  gauge_mc_runner] Sampling 20/2000
[2024-02-21T14:07:53Z INFO  gauge_mc_runner] Sampling 30/2000
[2024-02-21T14:09:28Z INFO  gauge_mc_runner] Sampling 40/2000
[2024-02-21T14:11:02Z INFO  gauge_mc_runner] Sampling 50/2000
[2024-02-21T14:12:37Z INFO  gauge_mc_runner] Sampling 60/2000
[2024-02-21T14:14:12Z INFO  gauge_mc_runner] Sampling 70/2000
[2024-02-21T14:15:46Z INFO  gauge_mc_runner] Sampling 80/2000
[2024-02-21T14:17:21Z INFO  gauge_mc_runner] Sampling 90/2000
[2024-02-21T14:18:55Z INFO  gauge_mc_runner] Sampling 100/2000
[2024-02-21T14:20:30Z INFO  gauge_mc_runner] Sampling 110/2000
[2024-02-21T14:22:05Z INFO  gauge_mc_runner] Sampling 120/2000
[2024-02-21T14:23:39Z INFO  gauge_mc_runner] Sampling 130/2000
[2024-02-21T14:25:14Z INFO  gauge_mc_runner] Sampling 140/2000
[2024-02-21T14:26:49Z INFO  gauge_mc_runner] Sampling 150/2000
[2024-02-21T14:28:23Z INFO  gauge_mc_runner] Sampling 160/2000
[2024-02-21T14:29:58Z INFO  gauge_mc_runner] Sampling 170/2000
[2024-02-21T14:31:32Z INFO  gauge_mc_runner] Sampling 180/2000
[2024-02-21T14:33:07Z INFO  gauge_mc_runner] Sampling 190/2000
[2024-02-21T14:34:41Z INFO  gauge_mc_runner] Sampling 200/2000
[2024-02-21T14:36:16Z INFO  gauge_mc_runner] Sampling 210/2000
[2024-02-21T14:37:51Z INFO  gauge_mc_runner] Sampling 220/2000
[2024-02-21T14:39:25Z INFO  gauge_mc_runner] Sampling 230/2000
[2024-02-21T14:41:00Z INFO  gauge_mc_runner] Sampling 240/2000
[2024-02-21T14:42:34Z INFO  gauge_mc_runner] Sampling 250/2000
[2024-02-21T14:44:09Z INFO  gauge_mc_runner] Sampling 260/2000
[2024-02-21T14:45:43Z INFO  gauge_mc_runner] Sampling 270/2000
[2024-02-21T14:47:18Z INFO  gauge_mc_runner] Sampling 280/2000
[2024-02-21T14:48:52Z INFO  gauge_mc_runner] Sampling 290/2000
[2024-02-21T14:50:27Z INFO  gauge_mc_runner] Sampling 300/2000
[2024-02-21T14:52:01Z INFO  gauge_mc_runner] Sampling 310/2000
[2024-02-21T14:53:36Z INFO  gauge_mc_runner] Sampling 320/2000
[2024-02-21T14:55:11Z INFO  gauge_mc_runner] Sampling 330/2000
[2024-02-21T14:56:45Z INFO  gauge_mc_runner] Sampling 340/2000
[2024-02-21T14:58:20Z INFO  gauge_mc_runner] Sampling 350/2000
[2024-02-21T14:59:54Z INFO  gauge_mc_runner] Sampling 360/2000
[2024-02-21T15:01:29Z INFO  gauge_mc_runner] Sampling 370/2000
[2024-02-21T15:03:03Z INFO  gauge_mc_runner] Sampling 380/2000
[2024-02-21T15:04:38Z INFO  gauge_mc_runner] Sampling 390/2000
[2024-02-21T15:06:13Z INFO  gauge_mc_runner] Sampling 400/2000
[2024-02-21T15:07:47Z INFO  gauge_mc_runner] Sampling 410/2000
[2024-02-21T15:09:22Z INFO  gauge_mc_runner] Sampling 420/2000
[2024-02-21T15:10:56Z INFO  gauge_mc_runner] Sampling 430/2000
[2024-02-21T15:12:31Z INFO  gauge_mc_runner] Sampling 440/2000
[2024-02-21T15:14:06Z INFO  gauge_mc_runner] Sampling 450/2000
[2024-02-21T15:15:40Z INFO  gauge_mc_runner] Sampling 460/2000
[2024-02-21T15:17:15Z INFO  gauge_mc_runner] Sampling 470/2000
[2024-02-21T15:18:49Z INFO  gauge_mc_runner] Sampling 480/2000
[2024-02-21T15:20:24Z INFO  gauge_mc_runner] Sampling 490/2000
[2024-02-21T15:21:58Z INFO  gauge_mc_runner] Sampling 500/2000
[2024-02-21T15:23:33Z INFO  gauge_mc_runner] Sampling 510/2000
[2024-02-21T15:25:07Z INFO  gauge_mc_runner] Sampling 520/2000
[2024-02-21T15:26:42Z INFO  gauge_mc_runner] Sampling 530/2000
[2024-02-21T15:28:17Z INFO  gauge_mc_runner] Sampling 540/2000
[2024-02-21T15:29:51Z INFO  gauge_mc_runner] Sampling 550/2000
[2024-02-21T15:31:26Z INFO  gauge_mc_runner] Sampling 560/2000
[2024-02-21T15:33:00Z INFO  gauge_mc_runner] Sampling 570/2000
[2024-02-21T15:34:35Z INFO  gauge_mc_runner] Sampling 580/2000
[2024-02-21T15:36:09Z INFO  gauge_mc_runner] Sampling 590/2000
[2024-02-21T15:37:44Z INFO  gauge_mc_runner] Sampling 600/2000
[2024-02-21T15:39:19Z INFO  gauge_mc_runner] Sampling 610/2000
[2024-02-21T15:40:53Z INFO  gauge_mc_runner] Sampling 620/2000
[2024-02-21T15:42:28Z INFO  gauge_mc_runner] Sampling 630/2000
[2024-02-21T15:44:02Z INFO  gauge_mc_runner] Sampling 640/2000
[2024-02-21T15:45:37Z INFO  gauge_mc_runner] Sampling 650/2000
[2024-02-21T15:47:11Z INFO  gauge_mc_runner] Sampling 660/2000
[2024-02-21T15:48:46Z INFO  gauge_mc_runner] Sampling 670/2000
[2024-02-21T15:50:21Z INFO  gauge_mc_runner] Sampling 680/2000
[2024-02-21T15:51:55Z INFO  gauge_mc_runner] Sampling 690/2000
[2024-02-21T15:53:30Z INFO  gauge_mc_runner] Sampling 700/2000
[2024-02-21T15:55:04Z INFO  gauge_mc_runner] Sampling 710/2000
[2024-02-21T15:56:39Z INFO  gauge_mc_runner] Sampling 720/2000
[2024-02-21T15:58:13Z INFO  gauge_mc_runner] Sampling 730/2000
[2024-02-21T15:59:48Z INFO  gauge_mc_runner] Sampling 740/2000
[2024-02-21T16:01:23Z INFO  gauge_mc_runner] Sampling 750/2000
[2024-02-21T16:02:57Z INFO  gauge_mc_runner] Sampling 760/2000
[2024-02-21T16:04:32Z INFO  gauge_mc_runner] Sampling 770/2000
[2024-02-21T16:06:06Z INFO  gauge_mc_runner] Sampling 780/2000
[2024-02-21T16:07:41Z INFO  gauge_mc_runner] Sampling 790/2000
[2024-02-21T16:09:15Z INFO  gauge_mc_runner] Sampling 800/2000
[2024-02-21T16:10:50Z INFO  gauge_mc_runner] Sampling 810/2000
[2024-02-21T16:12:24Z INFO  gauge_mc_runner] Sampling 820/2000
[2024-02-21T16:13:59Z INFO  gauge_mc_runner] Sampling 830/2000
[2024-02-21T16:15:33Z INFO  gauge_mc_runner] Sampling 840/2000
[2024-02-21T16:17:08Z INFO  gauge_mc_runner] Sampling 850/2000
[2024-02-21T16:18:43Z INFO  gauge_mc_runner] Sampling 860/2000
[2024-02-21T16:20:17Z INFO  gauge_mc_runner] Sampling 870/2000
[2024-02-21T16:21:52Z INFO  gauge_mc_runner] Sampling 880/2000
[2024-02-21T16:23:26Z INFO  gauge_mc_runner] Sampling 890/2000
[2024-02-21T16:25:01Z INFO  gauge_mc_runner] Sampling 900/2000
[2024-02-21T16:26:35Z INFO  gauge_mc_runner] Sampling 910/2000
[2024-02-21T16:28:10Z INFO  gauge_mc_runner] Sampling 920/2000
[2024-02-21T16:29:44Z INFO  gauge_mc_runner] Sampling 930/2000
[2024-02-21T16:31:19Z INFO  gauge_mc_runner] Sampling 940/2000
[2024-02-21T16:32:54Z INFO  gauge_mc_runner] Sampling 950/2000
[2024-02-21T16:34:28Z INFO  gauge_mc_runner] Sampling 960/2000
[2024-02-21T16:36:03Z INFO  gauge_mc_runner] Sampling 970/2000
[2024-02-21T16:37:37Z INFO  gauge_mc_runner] Sampling 980/2000
[2024-02-21T16:39:12Z INFO  gauge_mc_runner] Sampling 990/2000
[2024-02-21T16:40:46Z INFO  gauge_mc_runner] Sampling 1000/2000
[2024-02-21T16:42:21Z INFO  gauge_mc_runner] Sampling 1010/2000
[2024-02-21T16:43:55Z INFO  gauge_mc_runner] Sampling 1020/2000
[2024-02-21T16:45:30Z INFO  gauge_mc_runner] Sampling 1030/2000
[2024-02-21T16:47:05Z INFO  gauge_mc_runner] Sampling 1040/2000
[2024-02-21T16:48:39Z INFO  gauge_mc_runner] Sampling 1050/2000
[2024-02-21T16:50:14Z INFO  gauge_mc_runner] Sampling 1060/2000
[2024-02-21T16:51:48Z INFO  gauge_mc_runner] Sampling 1070/2000
[2024-02-21T16:53:23Z INFO  gauge_mc_runner] Sampling 1080/2000
[2024-02-21T16:54:57Z INFO  gauge_mc_runner] Sampling 1090/2000
[2024-02-21T16:56:32Z INFO  gauge_mc_runner] Sampling 1100/2000
[2024-02-21T16:58:06Z INFO  gauge_mc_runner] Sampling 1110/2000
[2024-02-21T16:59:41Z INFO  gauge_mc_runner] Sampling 1120/2000
[2024-02-21T17:01:15Z INFO  gauge_mc_runner] Sampling 1130/2000
[2024-02-21T17:02:50Z INFO  gauge_mc_runner] Sampling 1140/2000
[2024-02-21T17:04:25Z INFO  gauge_mc_runner] Sampling 1150/2000
[2024-02-21T17:05:59Z INFO  gauge_mc_runner] Sampling 1160/2000
[2024-02-21T17:07:34Z INFO  gauge_mc_runner] Sampling 1170/2000
[2024-02-21T17:09:08Z INFO  gauge_mc_runner] Sampling 1180/2000
[2024-02-21T17:10:43Z INFO  gauge_mc_runner] Sampling 1190/2000
[2024-02-21T17:12:18Z INFO  gauge_mc_runner] Sampling 1200/2000
[2024-02-21T17:13:52Z INFO  gauge_mc_runner] Sampling 1210/2000
[2024-02-21T17:15:27Z INFO  gauge_mc_runner] Sampling 1220/2000
[2024-02-21T17:17:01Z INFO  gauge_mc_runner] Sampling 1230/2000
[2024-02-21T17:18:36Z INFO  gauge_mc_runner] Sampling 1240/2000
[2024-02-21T17:20:10Z INFO  gauge_mc_runner] Sampling 1250/2000
[2024-02-21T17:21:45Z INFO  gauge_mc_runner] Sampling 1260/2000
[2024-02-21T17:23:20Z INFO  gauge_mc_runner] Sampling 1270/2000
[2024-02-21T17:24:54Z INFO  gauge_mc_runner] Sampling 1280/2000
[2024-02-21T17:26:29Z INFO  gauge_mc_runner] Sampling 1290/2000
[2024-02-21T17:28:03Z INFO  gauge_mc_runner] Sampling 1300/2000
[2024-02-21T17:29:38Z INFO  gauge_mc_runner] Sampling 1310/2000
[2024-02-21T17:31:12Z INFO  gauge_mc_runner] Sampling 1320/2000
[2024-02-21T17:32:47Z INFO  gauge_mc_runner] Sampling 1330/2000
[2024-02-21T17:34:21Z INFO  gauge_mc_runner] Sampling 1340/2000
[2024-02-21T17:35:56Z INFO  gauge_mc_runner] Sampling 1350/2000
[2024-02-21T17:37:30Z INFO  gauge_mc_runner] Sampling 1360/2000
[2024-02-21T17:39:05Z INFO  gauge_mc_runner] Sampling 1370/2000
[2024-02-21T17:40:40Z INFO  gauge_mc_runner] Sampling 1380/2000
[2024-02-21T17:42:14Z INFO  gauge_mc_runner] Sampling 1390/2000
[2024-02-21T17:43:49Z INFO  gauge_mc_runner] Sampling 1400/2000
[2024-02-21T17:45:23Z INFO  gauge_mc_runner] Sampling 1410/2000
[2024-02-21T17:46:58Z INFO  gauge_mc_runner] Sampling 1420/2000
[2024-02-21T17:48:32Z INFO  gauge_mc_runner] Sampling 1430/2000
[2024-02-21T17:50:07Z INFO  gauge_mc_runner] Sampling 1440/2000
[2024-02-21T17:51:41Z INFO  gauge_mc_runner] Sampling 1450/2000
[2024-02-21T17:53:16Z INFO  gauge_mc_runner] Sampling 1460/2000
[2024-02-21T17:54:50Z INFO  gauge_mc_runner] Sampling 1470/2000
[2024-02-21T17:56:25Z INFO  gauge_mc_runner] Sampling 1480/2000
[2024-02-21T17:57:59Z INFO  gauge_mc_runner] Sampling 1490/2000
[2024-02-21T17:59:34Z INFO  gauge_mc_runner] Sampling 1500/2000
[2024-02-21T18:01:08Z INFO  gauge_mc_runner] Sampling 1510/2000
[2024-02-21T18:02:43Z INFO  gauge_mc_runner] Sampling 1520/2000
[2024-02-21T18:04:17Z INFO  gauge_mc_runner] Sampling 1530/2000
[2024-02-21T18:05:52Z INFO  gauge_mc_runner] Sampling 1540/2000
[2024-02-21T18:07:27Z INFO  gauge_mc_runner] Sampling 1550/2000
[2024-02-21T18:09:01Z INFO  gauge_mc_runner] Sampling 1560/2000
[2024-02-21T18:10:36Z INFO  gauge_mc_runner] Sampling 1570/2000
[2024-02-21T18:12:10Z INFO  gauge_mc_runner] Sampling 1580/2000
[2024-02-21T18:13:45Z INFO  gauge_mc_runner] Sampling 1590/2000
[2024-02-21T18:15:19Z INFO  gauge_mc_runner] Sampling 1600/2000
[2024-02-21T18:16:54Z INFO  gauge_mc_runner] Sampling 1610/2000
[2024-02-21T18:18:28Z INFO  gauge_mc_runner] Sampling 1620/2000
[2024-02-21T18:20:03Z INFO  gauge_mc_runner] Sampling 1630/2000
[2024-02-21T18:21:37Z INFO  gauge_mc_runner] Sampling 1640/2000
[2024-02-21T18:23:12Z INFO  gauge_mc_runner] Sampling 1650/2000
[2024-02-21T18:24:46Z INFO  gauge_mc_runner] Sampling 1660/2000
[2024-02-21T18:26:21Z INFO  gauge_mc_runner] Sampling 1670/2000
[2024-02-21T18:27:55Z INFO  gauge_mc_runner] Sampling 1680/2000
[2024-02-21T18:29:30Z INFO  gauge_mc_runner] Sampling 1690/2000
[2024-02-21T18:31:05Z INFO  gauge_mc_runner] Sampling 1700/2000
[2024-02-21T18:32:39Z INFO  gauge_mc_runner] Sampling 1710/2000
[2024-02-21T18:34:14Z INFO  gauge_mc_runner] Sampling 1720/2000
[2024-02-21T18:35:48Z INFO  gauge_mc_runner] Sampling 1730/2000
[2024-02-21T18:37:23Z INFO  gauge_mc_runner] Sampling 1740/2000
[2024-02-21T18:38:57Z INFO  gauge_mc_runner] Sampling 1750/2000
[2024-02-21T18:40:32Z INFO  gauge_mc_runner] Sampling 1760/2000
[2024-02-21T18:42:07Z INFO  gauge_mc_runner] Sampling 1770/2000
[2024-02-21T18:43:41Z INFO  gauge_mc_runner] Sampling 1780/2000
[2024-02-21T18:45:16Z INFO  gauge_mc_runner] Sampling 1790/2000
[2024-02-21T18:46:50Z INFO  gauge_mc_runner] Sampling 1800/2000
[2024-02-21T18:48:25Z INFO  gauge_mc_runner] Sampling 1810/2000
[2024-02-21T18:49:59Z INFO  gauge_mc_runner] Sampling 1820/2000
[2024-02-21T18:51:34Z INFO  gauge_mc_runner] Sampling 1830/2000
[2024-02-21T18:53:08Z INFO  gauge_mc_runner] Sampling 1840/2000
[2024-02-21T18:54:43Z INFO  gauge_mc_runner] Sampling 1850/2000
[2024-02-21T18:56:18Z INFO  gauge_mc_runner] Sampling 1860/2000
[2024-02-21T18:57:52Z INFO  gauge_mc_runner] Sampling 1870/2000
[2024-02-21T18:59:27Z INFO  gauge_mc_runner] Sampling 1880/2000
[2024-02-21T19:01:01Z INFO  gauge_mc_runner] Sampling 1890/2000
[2024-02-21T19:02:36Z INFO  gauge_mc_runner] Sampling 1900/2000
[2024-02-21T19:04:10Z INFO  gauge_mc_runner] Sampling 1910/2000
[2024-02-21T19:05:45Z INFO  gauge_mc_runner] Sampling 1920/2000
[2024-02-21T19:07:19Z INFO  gauge_mc_runner] Sampling 1930/2000
[2024-02-21T19:08:54Z INFO  gauge_mc_runner] Sampling 1940/2000
[2024-02-21T19:10:29Z INFO  gauge_mc_runner] Sampling 1950/2000
[2024-02-21T19:12:03Z INFO  gauge_mc_runner] Sampling 1960/2000
[2024-02-21T19:13:38Z INFO  gauge_mc_runner] Sampling 1970/2000
[2024-02-21T19:15:12Z INFO  gauge_mc_runner] Sampling 1980/2000
[2024-02-21T19:16:47Z INFO  gauge_mc_runner] Sampling 1990/2000
[2024-02-21T19:18:21Z INFO  gauge_mc_runner] Done!
